Using pre-set license
Built from '2021.3/staging' branch; Version is '2021.3.7f1 (24e8595d6d43) revision 2418777'; Using compiler version '192829333'; Build Type 'Release'
OS: 'Windows 10  (10.0.17763) 64bit EnterpriseS' Language: 'en' Physical Memory: 32694 MB
BatchMode: 1, IsHumanControllingUs: 0, StartBugReporterOnCrash: 0, Is64bit: 1, IsPro: 1

COMMAND LINE ARGUMENTS:
C:\Program Files\Unity\Hub\Editor\2021.3.7f1\Editor\Unity.exe
-adb2
-batchMode
-noUpm
-name
AssetImportWorker3
-projectPath
C:/Users/FSK8475/Documents/GitHub/dance-24-7/Dance 24-7
-logFile
Logs/AssetImportWorker3.log
-srvPort
63981
Successfully changed project path to: C:/Users/FSK8475/Documents/GitHub/dance-24-7/Dance 24-7
C:/Users/FSK8475/Documents/GitHub/dance-24-7/Dance 24-7
[UnityMemory] Configuration Parameters - Can be set up in boot.config
    "memorysetup-bucket-allocator-granularity=16"
    "memorysetup-bucket-allocator-bucket-count=8"
    "memorysetup-bucket-allocator-block-size=33554432"
    "memorysetup-bucket-allocator-block-count=8"
    "memorysetup-main-allocator-block-size=16777216"
    "memorysetup-thread-allocator-block-size=16777216"
    "memorysetup-gfx-main-allocator-block-size=16777216"
    "memorysetup-gfx-thread-allocator-block-size=16777216"
    "memorysetup-cache-allocator-block-size=4194304"
    "memorysetup-typetree-allocator-block-size=2097152"
    "memorysetup-profiler-bucket-allocator-granularity=16"
    "memorysetup-profiler-bucket-allocator-bucket-count=8"
    "memorysetup-profiler-bucket-allocator-block-size=33554432"
    "memorysetup-profiler-bucket-allocator-block-count=8"
    "memorysetup-profiler-allocator-block-size=16777216"
    "memorysetup-profiler-editor-allocator-block-size=1048576"
    "memorysetup-temp-allocator-size-main=16777216"
    "memorysetup-job-temp-allocator-block-size=2097152"
    "memorysetup-job-temp-allocator-block-size-background=1048576"
    "memorysetup-job-temp-allocator-reduction-small-platforms=262144"
    "memorysetup-temp-allocator-size-background-worker=32768"
    "memorysetup-temp-allocator-size-job-worker=262144"
    "memorysetup-temp-allocator-size-preload-manager=33554432"
    "memorysetup-temp-allocator-size-nav-mesh-worker=65536"
    "memorysetup-temp-allocator-size-audio-worker=65536"
    "memorysetup-temp-allocator-size-cloud-worker=32768"
    "memorysetup-temp-allocator-size-gi-baking-worker=262144"
    "memorysetup-temp-allocator-size-gfx=262144"
Refreshing native plugins compatible for Editor in 163.30 ms, found 5 plugins.
Preloading 0 native plugins for Editor in 0.00 ms.
Initialize engine version: 2021.3.7f1 (24e8595d6d43)
[Subsystems] Discovering subsystems at path C:/Program Files/Unity/Hub/Editor/2021.3.7f1/Editor/Data/Resources/UnitySubsystems
[Subsystems] Discovering subsystems at path C:/Users/FSK8475/Documents/GitHub/dance-24-7/Dance 24-7/Assets
GfxDevice: creating device client; threaded=0; jobified=0
Direct3D:
    Version:  Direct3D 11.0 [level 11.1]
    Renderer: NVIDIA GeForce GTX 1660 Ti (ID=0x2182)
    Vendor:   NVIDIA
    VRAM:     5991 MB
    Driver:   30.0.15.1215
Initialize mono
Mono path[0] = 'C:/Program Files/Unity/Hub/Editor/2021.3.7f1/Editor/Data/Managed'
Mono path[1] = 'C:/Program Files/Unity/Hub/Editor/2021.3.7f1/Editor/Data/MonoBleedingEdge/lib/mono/unityjit-win32'
Mono config path = 'C:/Program Files/Unity/Hub/Editor/2021.3.7f1/Editor/Data/MonoBleedingEdge/etc'
Using monoOptions --debugger-agent=transport=dt_socket,embedding=1,server=y,suspend=n,address=127.0.0.1:56984
Begin MonoManager ReloadAssembly
Registering precompiled unity dll's ...
Register platform support module: C:/Program Files/Unity/Hub/Editor/2021.3.7f1/Editor/Data/PlaybackEngines/WindowsStandaloneSupport/UnityEditor.WindowsStandalone.Extensions.dll
Registered in 0.007573 seconds.
Native extension for WindowsStandalone target not found
Refreshing native plugins compatible for Editor in 125.64 ms, found 5 plugins.
Preloading 0 native plugins for Editor in 0.00 ms.
Mono: successfully reloaded assembly
- Completed reload, in  0.855 seconds
Domain Reload Profiling:
	ReloadAssembly (856ms)
		BeginReloadAssembly (98ms)
			ExecutionOrderSort (0ms)
			DisableScriptedObjects (0ms)
			BackupInstance (0ms)
			ReleaseScriptingObjects (0ms)
			CreateAndSetChildDomain (1ms)
		EndReloadAssembly (622ms)
			LoadAssemblies (94ms)
			RebuildTransferFunctionScriptingTraits (0ms)
			SetupTypeCache (139ms)
			ReleaseScriptCaches (0ms)
			RebuildScriptCaches (37ms)
			SetupLoadedEditorAssemblies (379ms)
				LogAssemblyErrors (0ms)
				InitializePlatformSupportModulesInManaged (12ms)
				SetLoadedEditorAssemblies (0ms)
				RefreshPlugins (126ms)
				BeforeProcessingInitializeOnLoad (2ms)
				ProcessInitializeOnLoadAttributes (182ms)
				ProcessInitializeOnLoadMethodAttributes (56ms)
				AfterProcessingInitializeOnLoad (0ms)
				EditorAssembliesLoaded (0ms)
			ExecutionOrderSort2 (0ms)
			AwakeInstancesAfterBackupRestoration (0ms)
Platform modules already initialized, skipping
Registering precompiled user dll's ...
Registered in 0.013670 seconds.
Begin MonoManager ReloadAssembly
Symbol file LoadedFromMemory doesn't match image C:\Users\FSK8475\Documents\GitHub\dance-24-7\Dance 24-7\Library\PackageCache\com.unity.visualscripting@1.7.8\Editor\VisualScripting.Core\Dependencies\DotNetZip\Unity.VisualScripting.IonicZip.dll
Symbol file LoadedFromMemory doesn't match image C:\Users\FSK8475\Documents\GitHub\dance-24-7\Dance 24-7\Library\PackageCache\com.unity.visualscripting@1.7.8\Editor\VisualScripting.Core\Dependencies\YamlDotNet\Unity.VisualScripting.YamlDotNet.dll
Native extension for WindowsStandalone target not found
Refreshing native plugins compatible for Editor in 123.59 ms, found 5 plugins.
Preloading 0 native plugins for Editor in 0.00 ms.
Mono: successfully reloaded assembly
- Completed reload, in  1.776 seconds
Domain Reload Profiling:
	ReloadAssembly (1777ms)
		BeginReloadAssembly (149ms)
			ExecutionOrderSort (0ms)
			DisableScriptedObjects (7ms)
			BackupInstance (0ms)
			ReleaseScriptingObjects (0ms)
			CreateAndSetChildDomain (26ms)
		EndReloadAssembly (1480ms)
			LoadAssemblies (125ms)
			RebuildTransferFunctionScriptingTraits (0ms)
			SetupTypeCache (347ms)
			ReleaseScriptCaches (1ms)
			RebuildScriptCaches (96ms)
			SetupLoadedEditorAssemblies (844ms)
				LogAssemblyErrors (0ms)
				InitializePlatformSupportModulesInManaged (5ms)
				SetLoadedEditorAssemblies (0ms)
				RefreshPlugins (124ms)
				BeforeProcessingInitializeOnLoad (127ms)
				ProcessInitializeOnLoadAttributes (541ms)
				ProcessInitializeOnLoadMethodAttributes (34ms)
				AfterProcessingInitializeOnLoad (12ms)
				EditorAssembliesLoaded (1ms)
			ExecutionOrderSort2 (0ms)
			AwakeInstancesAfterBackupRestoration (11ms)
Platform modules already initialized, skipping
========================================================================
Worker process is ready to serve import requests
Launched and connected shader compiler UnityShaderCompiler.exe after 0.07 seconds
Refreshing native plugins compatible for Editor in 1.31 ms, found 5 plugins.
Preloading 0 native plugins for Editor in 0.00 ms.
Unloading 4069 Unused Serialized files (Serialized files now loaded: 0)
Unloading 130 unused Assets / (2.8 MB). Loaded Objects now: 4473.
Memory consumption went from 176.6 MB to 173.8 MB.
Total: 4.840600 ms (FindLiveObjects: 0.403400 ms CreateObjectMapping: 0.100400 ms MarkObjects: 3.587700 ms  DeleteObjects: 0.747600 ms)

AssetImportParameters requested are different than current active one (requested -> active):
  custom:video-decoder-ogg-theora: a1e56fd34408186e4bbccfd4996cb3dc -> 
  custom:container-muxer-webm: aa71ff27fc2769a1b78a27578f13a17b -> 
  custom:container-demuxer-webm: 4f35f7cbe854078d1ac9338744f61a02 -> 
  custom:video-encoder-webm-vp8: eb34c28f22e8b96e1ab97ce403110664 -> 
  custom:audio-encoder-webm-vorbis: bf7c407c2cedff20999df2af8eb42d56 -> 
  custom:framework-win-MediaFoundation: 216162199b28c13a410421893ffa2e32 -> 
  custom:container-demuxer-ogg: 62fdf1f143b41e24485cea50d1cbac27 -> 
  custom:video-decoder-webm-vp8: 9c59270c3fd7afecdb556c50c9e8de78 -> 
  custom:audio-decoder-ogg-vorbis: bf7c407c2cedff20999df2af8eb42d56 -> 
========================================================================
Received Import Request.
  Time since last request: 1311424.230332 seconds.
  path: Assets/Blockout/Editor/Resources/Blockout/UI_Icons/Blockout_Icon_Button_Dynamic_Light.png
  artifactKey: Guid(2686d2a346779694ca511bc79602febe) Importer(815301076,1909f56bfc062723c751e8b465ee728b)
Start importing Assets/Blockout/Editor/Resources/Blockout/UI_Icons/Blockout_Icon_Button_Dynamic_Light.png using Guid(2686d2a346779694ca511bc79602febe) Importer(815301076,1909f56bfc062723c751e8b465ee728b)  -> (artifact id: '09e5bc5b47f7a799897537bf45afcc9f') in 0.098047 seconds 
========================================================================
Received Import Request.
  Time since last request: 0.000026 seconds.
  path: Assets/Blockout/Editor/Resources/Blockout/UI_Icons/Blockout_Color_Light.png
  artifactKey: Guid(823e0e646f77f3c479fc25100d7c9a28) Importer(815301076,1909f56bfc062723c751e8b465ee728b)
Start importing Assets/Blockout/Editor/Resources/Blockout/UI_Icons/Blockout_Color_Light.png using Guid(823e0e646f77f3c479fc25100d7c9a28) Importer(815301076,1909f56bfc062723c751e8b465ee728b)  -> (artifact id: '62c22b11cd5ecf4c00b26a69880c1c36') in 0.012228 seconds 
========================================================================
Received Import Request.
  Time since last request: 0.000028 seconds.
  path: Assets/Blockout/Editor/Resources/Blockout/UI_Icons/Blockout_Icon_Dark.png
  artifactKey: Guid(095925f828dc0114c85bcac8bafe6f17) Importer(815301076,1909f56bfc062723c751e8b465ee728b)
Start importing Assets/Blockout/Editor/Resources/Blockout/UI_Icons/Blockout_Icon_Dark.png using Guid(095925f828dc0114c85bcac8bafe6f17) Importer(815301076,1909f56bfc062723c751e8b465ee728b)  -> (artifact id: 'eae6a91477b1fd33da41021ff56bf618') in 0.013434 seconds 
========================================================================
Received Import Request.
  Time since last request: 0.000027 seconds.
  path: Assets/Blockout/Editor/Resources/Blockout/UI_Icons/Blockout_Icon_Button_Screenshot_Coloured_Light.png
  artifactKey: Guid(2981faf61b8cf23459f85810936553e3) Importer(815301076,1909f56bfc062723c751e8b465ee728b)
Start importing Assets/Blockout/Editor/Resources/Blockout/UI_Icons/Blockout_Icon_Button_Screenshot_Coloured_Light.png using Guid(2981faf61b8cf23459f85810936553e3) Importer(815301076,1909f56bfc062723c751e8b465ee728b)  -> (artifact id: 'c0cbdc9b42febbeb6829c68c8d7f772c') in 0.016802 seconds 
========================================================================
Received Import Request.
  Time since last request: 0.000028 seconds.
  path: Assets/Blockout/Editor/Resources/Blockout/UI_Icons/Blockout_Comment_Texture_Icon_1.png
  artifactKey: Guid(9bd1ab67831ae1143a7c9240fd2909c8) Importer(815301076,1909f56bfc062723c751e8b465ee728b)
Start importing Assets/Blockout/Editor/Resources/Blockout/UI_Icons/Blockout_Comment_Texture_Icon_1.png using Guid(9bd1ab67831ae1143a7c9240fd2909c8) Importer(815301076,1909f56bfc062723c751e8b465ee728b)  -> (artifact id: '686ff964402cee07570f9cb37c781f4c') in 0.011556 seconds 
========================================================================
Received Import Request.
  Time since last request: 0.000028 seconds.
  path: Assets/Blockout/Editor/Resources/Blockout/UI_Icons/Blockout_Comment_Texture_Icon_3.png
  artifactKey: Guid(b41030d233d16f24e83aa6d9fc5d8bd6) Importer(815301076,1909f56bfc062723c751e8b465ee728b)
Start importing Assets/Blockout/Editor/Resources/Blockout/UI_Icons/Blockout_Comment_Texture_Icon_3.png using Guid(b41030d233d16f24e83aa6d9fc5d8bd6) Importer(815301076,1909f56bfc062723c751e8b465ee728b)  -> (artifact id: '136b6470df5247fe0237cc5dedda7f37') in 0.015797 seconds 
========================================================================
Received Import Request.
  Time since last request: 0.000032 seconds.
  path: Assets/Blockout/Resources/Blockout/Area Comment Textures/Blockout_Comment_Texture_4.tga
  artifactKey: Guid(a2e5775021f827d47bac6a5dc75c1e08) Importer(815301076,1909f56bfc062723c751e8b465ee728b)
Start importing Assets/Blockout/Resources/Blockout/Area Comment Textures/Blockout_Comment_Texture_4.tga using Guid(a2e5775021f827d47bac6a5dc75c1e08) Importer(815301076,1909f56bfc062723c751e8b465ee728b)  -> (artifact id: 'e5752086caf47e14aebba574b34b74ab') in 0.041075 seconds 
========================================================================
Received Import Request.
  Time since last request: 0.000055 seconds.
  path: Assets/Blockout/Editor/Resources/Blockout/UI_Icons/Blockout_Icon_Button_x90.png
  artifactKey: Guid(179810a695f3c36458376f9a231692f1) Importer(815301076,1909f56bfc062723c751e8b465ee728b)
Start importing Assets/Blockout/Editor/Resources/Blockout/UI_Icons/Blockout_Icon_Button_x90.png using Guid(179810a695f3c36458376f9a231692f1) Importer(815301076,1909f56bfc062723c751e8b465ee728b)  -> (artifact id: 'a14f988ec9730b0c0b594bd14969764a') in 0.018832 seconds 
========================================================================
Received Import Request.
  Time since last request: 0.000028 seconds.
  path: Assets/Blockout/Editor/Resources/Blockout/UI_Icons/Blockout_Icon_Button_Lock_Closed_Light.png
  artifactKey: Guid(fd32c79a13e4f3f4897243199eea0d4c) Importer(815301076,1909f56bfc062723c751e8b465ee728b)
Start importing Assets/Blockout/Editor/Resources/Blockout/UI_Icons/Blockout_Icon_Button_Lock_Closed_Light.png using Guid(fd32c79a13e4f3f4897243199eea0d4c) Importer(815301076,1909f56bfc062723c751e8b465ee728b)  -> (artifact id: '8bbc245624ce038dc1c841c94c3ee202') in 0.023044 seconds 
========================================================================
Received Import Request.
  Time since last request: 0.000023 seconds.
  path: Assets/Blockout/Editor/Resources/Blockout/UI_Icons/Blockout_Icon_Button_Toggle_Selected_Triggers_Off.png
  artifactKey: Guid(f7727107015767c4ea13689002a7763f) Importer(815301076,1909f56bfc062723c751e8b465ee728b)
Start importing Assets/Blockout/Editor/Resources/Blockout/UI_Icons/Blockout_Icon_Button_Toggle_Selected_Triggers_Off.png using Guid(f7727107015767c4ea13689002a7763f) Importer(815301076,1909f56bfc062723c751e8b465ee728b)  -> (artifact id: 'df687c8efc82489ddefb0e7cd18f1ecd') in 0.012449 seconds 
========================================================================
Received Import Request.
  Time since last request: 0.000028 seconds.
  path: Assets/Blockout/Editor/Resources/Blockout/UI_Icons/Blockout_Icon_Button_Toggle_Selected_Triggers_On.png
  artifactKey: Guid(9d67734623f060e429cfd8bdec5f9585) Importer(815301076,1909f56bfc062723c751e8b465ee728b)
Start importing Assets/Blockout/Editor/Resources/Blockout/UI_Icons/Blockout_Icon_Button_Toggle_Selected_Triggers_On.png using Guid(9d67734623f060e429cfd8bdec5f9585) Importer(815301076,1909f56bfc062723c751e8b465ee728b)  -> (artifact id: 'eb57a18ac8f9a03848146b1ddcbaf08b') in 0.013126 seconds 
========================================================================
Received Import Request.
  Time since last request: 0.000028 seconds.
  path: Assets/Blockout/Editor/Resources/Blockout/UI_Icons/Blockout_Icon_Button_Mirror_z_Light.png
  artifactKey: Guid(1788be66057163a4c888266572eff475) Importer(815301076,1909f56bfc062723c751e8b465ee728b)
Start importing Assets/Blockout/Editor/Resources/Blockout/UI_Icons/Blockout_Icon_Button_Mirror_z_Light.png using Guid(1788be66057163a4c888266572eff475) Importer(815301076,1909f56bfc062723c751e8b465ee728b)  -> (artifact id: '75466aaa7d5b6dc478fcc9d513fbf7ac') in 0.013903 seconds 
========================================================================
Received Import Request.
  Time since last request: 0.000026 seconds.
  path: Assets/Blockout/Editor/Resources/Blockout/UI_Icons/Blockout_Icon_Auto.png
  artifactKey: Guid(4cc4f243e20a45a4ba2cc1d61d35ceeb) Importer(815301076,1909f56bfc062723c751e8b465ee728b)
Start importing Assets/Blockout/Editor/Resources/Blockout/UI_Icons/Blockout_Icon_Auto.png using Guid(4cc4f243e20a45a4ba2cc1d61d35ceeb) Importer(815301076,1909f56bfc062723c751e8b465ee728b)  -> (artifact id: '4891b0c2fd51cc50248e2ef35a3637ac') in 0.014855 seconds 
========================================================================
Received Import Request.
  Time since last request: 0.000026 seconds.
  path: Assets/Blockout/Editor/Resources/Blockout/UI_Icons/Blockout_AUTO_GENERATE_SCENE_HIERARCHY.png
  artifactKey: Guid(78a438498d0a1784e98b93d6369c1d1d) Importer(815301076,1909f56bfc062723c751e8b465ee728b)
Start importing Assets/Blockout/Editor/Resources/Blockout/UI_Icons/Blockout_AUTO_GENERATE_SCENE_HIERARCHY.png using Guid(78a438498d0a1784e98b93d6369c1d1d) Importer(815301076,1909f56bfc062723c751e8b465ee728b)  -> (artifact id: '8f1b6eff0cd67de37430e73f32630cfe') in 0.024691 seconds 
========================================================================
Received Import Request.
  Time since last request: 0.000023 seconds.
  path: Assets/Blockout/Resources/Blockout/Area Comment Textures/Blockout_Comment_Texture_5.tga
  artifactKey: Guid(245e815e76119ef46b7e587558e3fdea) Importer(815301076,1909f56bfc062723c751e8b465ee728b)
Start importing Assets/Blockout/Resources/Blockout/Area Comment Textures/Blockout_Comment_Texture_5.tga using Guid(245e815e76119ef46b7e587558e3fdea) Importer(815301076,1909f56bfc062723c751e8b465ee728b)  -> (artifact id: '06b1e256ef3f98afa37b077ce8de6575') in 0.012728 seconds 
========================================================================
Received Import Request.
  Time since last request: 0.000029 seconds.
  path: Assets/Blockout/Editor/Resources/Blockout/UI_Icons/Blockout_Icon_Button_Toggle_Selected_Triggers_Off_Light.png
  artifactKey: Guid(19fdf262b40a6e24196328416fceca40) Importer(815301076,1909f56bfc062723c751e8b465ee728b)
Start importing Assets/Blockout/Editor/Resources/Blockout/UI_Icons/Blockout_Icon_Button_Toggle_Selected_Triggers_Off_Light.png using Guid(19fdf262b40a6e24196328416fceca40) Importer(815301076,1909f56bfc062723c751e8b465ee728b)  -> (artifact id: 'e4870b0b73414bbc4e89c33e7d1db1c3') in 0.011609 seconds 
========================================================================
Received Import Request.
  Time since last request: 0.000032 seconds.
  path: Assets/Blockout/Editor/Resources/Blockout/UI_Icons/Blockout_Icon_Button_z180_Light.png
  artifactKey: Guid(55dcd98d3b9b53040b40d275c97d0116) Importer(815301076,1909f56bfc062723c751e8b465ee728b)
Start importing Assets/Blockout/Editor/Resources/Blockout/UI_Icons/Blockout_Icon_Button_z180_Light.png using Guid(55dcd98d3b9b53040b40d275c97d0116) Importer(815301076,1909f56bfc062723c751e8b465ee728b)  -> (artifact id: '95e7d1d1daa1bc913e5b08d6008f0ca9') in 0.010773 seconds 
========================================================================
Received Import Request.
  Time since last request: 0.000036 seconds.
  path: Assets/Blockout/Editor/Resources/Blockout/UI_Icons/Blockout_Icon_Button_Particles.png
  artifactKey: Guid(4ff79e59b31bbf2469a6555c68a276fd) Importer(815301076,1909f56bfc062723c751e8b465ee728b)
Start importing Assets/Blockout/Editor/Resources/Blockout/UI_Icons/Blockout_Icon_Button_Particles.png using Guid(4ff79e59b31bbf2469a6555c68a276fd) Importer(815301076,1909f56bfc062723c751e8b465ee728b)  -> (artifact id: '46bacb94957719e718e306251a894bdc') in 0.013462 seconds 
========================================================================
Received Import Request.
  Time since last request: 0.000024 seconds.
  path: Assets/Blockout/Editor/Resources/Blockout/UI_Icons/Blockout_Icon_Button_y90.png
  artifactKey: Guid(023c07077ca936842beb9cfaa4f9a94a) Importer(815301076,1909f56bfc062723c751e8b465ee728b)
Start importing Assets/Blockout/Editor/Resources/Blockout/UI_Icons/Blockout_Icon_Button_y90.png using Guid(023c07077ca936842beb9cfaa4f9a94a) Importer(815301076,1909f56bfc062723c751e8b465ee728b)  -> (artifact id: 'eb6c89983a950b6e55d96100b584837b') in 0.011380 seconds 
========================================================================
Received Import Request.
  Time since last request: 0.000025 seconds.
  path: Assets/Blockout/Editor/Resources/Blockout/UI_Icons/Blockout_Icon_Button_Toggle_All_Triggers_Off.png
  artifactKey: Guid(925fb80ce24c98b4d9f90474ec77b64d) Importer(815301076,1909f56bfc062723c751e8b465ee728b)
Start importing Assets/Blockout/Editor/Resources/Blockout/UI_Icons/Blockout_Icon_Button_Toggle_All_Triggers_Off.png using Guid(925fb80ce24c98b4d9f90474ec77b64d) Importer(815301076,1909f56bfc062723c751e8b465ee728b)  -> (artifact id: '28458eac21ef670bf01002951fd9c5b3') in 0.014149 seconds 
========================================================================
Received Import Request.
  Time since last request: 0.000025 seconds.
  path: Assets/Blockout/Editor/Resources/Blockout/UI_Icons/Blockout_Icon_Button_Particles_Light.png
  artifactKey: Guid(c7c054e2a19ec064c8ce5d142feb1db3) Importer(815301076,1909f56bfc062723c751e8b465ee728b)
Start importing Assets/Blockout/Editor/Resources/Blockout/UI_Icons/Blockout_Icon_Button_Particles_Light.png using Guid(c7c054e2a19ec064c8ce5d142feb1db3) Importer(815301076,1909f56bfc062723c751e8b465ee728b)  -> (artifact id: 'b4c2555584311eaf49ebc8e7d6f01fd5') in 0.010946 seconds 
========================================================================
Received Import Request.
  Time since last request: 0.000025 seconds.
  path: Assets/Blockout/Editor/Resources/Blockout/UI_Icons/Blockout_Icon_Grid_Snapping.png
  artifactKey: Guid(c45e4af0c56bb98459080899a1bec798) Importer(815301076,1909f56bfc062723c751e8b465ee728b)
Start importing Assets/Blockout/Editor/Resources/Blockout/UI_Icons/Blockout_Icon_Grid_Snapping.png using Guid(c45e4af0c56bb98459080899a1bec798) Importer(815301076,1909f56bfc062723c751e8b465ee728b)  -> (artifact id: 'b79862411a3f9cd32a1b8a6ee7ebe4f3') in 0.012931 seconds 
========================================================================
Received Import Request.
  Time since last request: 0.000024 seconds.
  path: Assets/Blockout/Editor/Resources/Blockout/UI_Icons/Blockout_Icon_Camera_Anchors_Light.png
  artifactKey: Guid(e062869fb9cf52f409ee6680b4333bba) Importer(815301076,1909f56bfc062723c751e8b465ee728b)
Start importing Assets/Blockout/Editor/Resources/Blockout/UI_Icons/Blockout_Icon_Camera_Anchors_Light.png using Guid(e062869fb9cf52f409ee6680b4333bba) Importer(815301076,1909f56bfc062723c751e8b465ee728b)  -> (artifact id: 'e3c8e2e626f669252d98dadffc4aae03') in 0.011525 seconds 
========================================================================
Received Import Request.
  Time since last request: 0.000030 seconds.
  path: Assets/Blockout/Editor/Resources/Blockout/UI_Icons/Blockout_Icon_Button_Blocks.png
  artifactKey: Guid(daf5ca51201f1614a9d137a0ef355201) Importer(815301076,1909f56bfc062723c751e8b465ee728b)
Start importing Assets/Blockout/Editor/Resources/Blockout/UI_Icons/Blockout_Icon_Button_Blocks.png using Guid(daf5ca51201f1614a9d137a0ef355201) Importer(815301076,1909f56bfc062723c751e8b465ee728b)  -> (artifact id: 'a496fdac8cf860d6a1ef4c5a88fbd1b3') in 0.012051 seconds 
========================================================================
Received Import Request.
  Time since last request: 0.000028 seconds.
  path: Assets/Blockout/Editor/Resources/Blockout/UI_Icons/Blockout_Icon_Button_Create_Trigger_Light.png
  artifactKey: Guid(4f8f2032109426c4591fa5d35aecf569) Importer(815301076,1909f56bfc062723c751e8b465ee728b)
Start importing Assets/Blockout/Editor/Resources/Blockout/UI_Icons/Blockout_Icon_Button_Create_Trigger_Light.png using Guid(4f8f2032109426c4591fa5d35aecf569) Importer(815301076,1909f56bfc062723c751e8b465ee728b)  -> (artifact id: '8daa7b1ccf8ceabba40c71ad615f1d76') in 0.011221 seconds 
========================================================================
Received Import Request.
  Time since last request: 0.000025 seconds.
  path: Assets/Blockout/Editor/Resources/Blockout/UI_Icons/Blockout_Icon_Button_Lock_Open_Light.png
  artifactKey: Guid(fab37bc74060f97409717cfd364f7cdf) Importer(815301076,1909f56bfc062723c751e8b465ee728b)
Start importing Assets/Blockout/Editor/Resources/Blockout/UI_Icons/Blockout_Icon_Button_Lock_Open_Light.png using Guid(fab37bc74060f97409717cfd364f7cdf) Importer(815301076,1909f56bfc062723c751e8b465ee728b)  -> (artifact id: '0126c400fb535b6f859c431ac945e42b') in 0.012093 seconds 
========================================================================
Received Import Request.
  Time since last request: 0.000027 seconds.
  path: Assets/Blockout/Editor/Resources/Blockout/UI_Icons/Blockout_Icon_Scalable_Objects_Light.png
  artifactKey: Guid(e514e374aa33f2b4580fa82ec242c552) Importer(815301076,1909f56bfc062723c751e8b465ee728b)
Start importing Assets/Blockout/Editor/Resources/Blockout/UI_Icons/Blockout_Icon_Scalable_Objects_Light.png using Guid(e514e374aa33f2b4580fa82ec242c552) Importer(815301076,1909f56bfc062723c751e8b465ee728b)  -> (artifact id: '3c427e992c42fae789276b4ab38c2d31') in 0.011492 seconds 
========================================================================
Received Import Request.
  Time since last request: 0.000029 seconds.
  path: Assets/Blockout/Editor/Resources/Blockout/UI_Icons/Blockout_Comment_Texture_Icon_2.png
  artifactKey: Guid(32bb07d59564fb54cac994f0330d3db8) Importer(815301076,1909f56bfc062723c751e8b465ee728b)
Start importing Assets/Blockout/Editor/Resources/Blockout/UI_Icons/Blockout_Comment_Texture_Icon_2.png using Guid(32bb07d59564fb54cac994f0330d3db8) Importer(815301076,1909f56bfc062723c751e8b465ee728b)  -> (artifact id: 'be2032a4565e94aeef25325da1ea9faf') in 0.011632 seconds 
========================================================================
Received Import Request.
  Time since last request: 0.000076 seconds.
  path: Assets/Blockout/Editor/Resources/Blockout/UI_Icons/Blockout_Icon_Spacer_Light.png
  artifactKey: Guid(e73d691f9f5e43c4b90b714aead83e78) Importer(815301076,1909f56bfc062723c751e8b465ee728b)
Start importing Assets/Blockout/Editor/Resources/Blockout/UI_Icons/Blockout_Icon_Spacer_Light.png using Guid(e73d691f9f5e43c4b90b714aead83e78) Importer(815301076,1909f56bfc062723c751e8b465ee728b)  -> (artifact id: 'f079d0347d1200927f457cd3a9d73cad') in 0.015398 seconds 
========================================================================
Received Import Request.
  Time since last request: 0.000046 seconds.
  path: Assets/Blockout/Editor/Resources/Blockout/UI_Icons/Blockout_Icon_Transform_Controls_Light.png
  artifactKey: Guid(93bdd19e321f3814a829875c017de89b) Importer(815301076,1909f56bfc062723c751e8b465ee728b)
Start importing Assets/Blockout/Editor/Resources/Blockout/UI_Icons/Blockout_Icon_Transform_Controls_Light.png using Guid(93bdd19e321f3814a829875c017de89b) Importer(815301076,1909f56bfc062723c751e8b465ee728b)  -> (artifact id: 'bb9deb821ad15657f56bbe46fe67f0ee') in 0.009455 seconds 
========================================================================
Received Import Request.
  Time since last request: 0.000026 seconds.
  path: Assets/Blockout/Editor/Resources/Blockout/UI_Icons/Blockout_Icon_Button_Toggle_On_Light.png
  artifactKey: Guid(02b79d8c4fa6c8f448a409b00338d56a) Importer(815301076,1909f56bfc062723c751e8b465ee728b)
Start importing Assets/Blockout/Editor/Resources/Blockout/UI_Icons/Blockout_Icon_Button_Toggle_On_Light.png using Guid(02b79d8c4fa6c8f448a409b00338d56a) Importer(815301076,1909f56bfc062723c751e8b465ee728b)  -> (artifact id: '1c2319c2052c5de33c8227a21aaa6e33') in 0.010794 seconds 
========================================================================
Received Import Request.
  Time since last request: 0.362743 seconds.
  path: Assets/Blockout/Editor/Resources/Blockout/UI_Icons/Blockout_Logo.png
  artifactKey: Guid(cb5b904537801db438c6989d652b3b15) Importer(815301076,1909f56bfc062723c751e8b465ee728b)
Start importing Assets/Blockout/Editor/Resources/Blockout/UI_Icons/Blockout_Logo.png using Guid(cb5b904537801db438c6989d652b3b15) Importer(815301076,1909f56bfc062723c751e8b465ee728b)  -> (artifact id: 'a8ed179b1751d254a8f63c21dfdd2ad0') in 0.012779 seconds 
========================================================================
Received Import Request.
  Time since last request: 0.037948 seconds.
  path: Assets/Blockout/Editor/Resources/Blockout/UI_Icons/Blockout_Other_Notes.png
  artifactKey: Guid(fd21d14a995f345469b3db78e8f75954) Importer(815301076,1909f56bfc062723c751e8b465ee728b)
Start importing Assets/Blockout/Editor/Resources/Blockout/UI_Icons/Blockout_Other_Notes.png using Guid(fd21d14a995f345469b3db78e8f75954) Importer(815301076,1909f56bfc062723c751e8b465ee728b)  -> (artifact id: '63e6af7d79ecd2dc02c4dd2442b555b1') in 0.011643 seconds 
========================================================================
Received Import Request.
  Time since last request: 0.597163 seconds.
  path: Assets/Blockout/Resources/Blockout/BlockoutTextures/Blockout_Test_Texture_1.tga
  artifactKey: Guid(403ab31ff043eff4ea4124a30eb5cdcc) Importer(815301076,1909f56bfc062723c751e8b465ee728b)
Start importing Assets/Blockout/Resources/Blockout/BlockoutTextures/Blockout_Test_Texture_1.tga using Guid(403ab31ff043eff4ea4124a30eb5cdcc) Importer(815301076,1909f56bfc062723c751e8b465ee728b)  -> (artifact id: '79664b05107184ed1f207ddbb2b76b7a') in 0.011839 seconds 
========================================================================
Received Import Request.
  Time since last request: 0.771375 seconds.
  path: Assets/Plugins/FMOD/images/ContinuousParameterIcon.png
  artifactKey: Guid(b92803770616fc747bc3c40ffaec0a42) Importer(815301076,1909f56bfc062723c751e8b465ee728b)
Start importing Assets/Plugins/FMOD/images/ContinuousParameterIcon.png using Guid(b92803770616fc747bc3c40ffaec0a42) Importer(815301076,1909f56bfc062723c751e8b465ee728b)  -> (artifact id: 'e13c4de424166cef0593cdd1dd98673d') in 0.013601 seconds 
========================================================================
Received Import Request.
  Time since last request: 0.040725 seconds.
  path: Assets/Plugins/FMOD/images/DiscreteParameterIcon.png
  artifactKey: Guid(509563e7079a6ed4cbf3b3240327e702) Importer(815301076,1909f56bfc062723c751e8b465ee728b)
Start importing Assets/Plugins/FMOD/images/DiscreteParameterIcon.png using Guid(509563e7079a6ed4cbf3b3240327e702) Importer(815301076,1909f56bfc062723c751e8b465ee728b)  -> (artifact id: 'cc93566861f7fcf5e0c2dd1f16447d21') in 0.010133 seconds 
========================================================================
Received Import Request.
  Time since last request: 1.671816 seconds.
  path: Assets/ADG_Textures/ground_vol1/ground2/ground2_Height.tga
  artifactKey: Guid(cb74fa1f447a9ed4baf1d1bce2326844) Importer(815301076,1909f56bfc062723c751e8b465ee728b)
Start importing Assets/ADG_Textures/ground_vol1/ground2/ground2_Height.tga using Guid(cb74fa1f447a9ed4baf1d1bce2326844) Importer(815301076,1909f56bfc062723c751e8b465ee728b)  -> (artifact id: 'b0ec8c347bab51a08be260046664150d') in 0.034475 seconds 
========================================================================
Received Import Request.
  Time since last request: 0.060413 seconds.
  path: Assets/ADG_Textures/ground_vol1/ground3/ground3_Metallic.tga
  artifactKey: Guid(a55658d42f533714ebdf91ad5706ee74) Importer(815301076,1909f56bfc062723c751e8b465ee728b)
Start importing Assets/ADG_Textures/ground_vol1/ground3/ground3_Metallic.tga using Guid(a55658d42f533714ebdf91ad5706ee74) Importer(815301076,1909f56bfc062723c751e8b465ee728b)  -> (artifact id: 'b5330ac935ba200e2e4f29d3d04e1b6e') in 0.018481 seconds 
========================================================================
Received Prepare
Registering precompiled user dll's ...
Registered in 0.014929 seconds.
Begin MonoManager ReloadAssembly
Symbol file LoadedFromMemory doesn't match image C:\Users\FSK8475\Documents\GitHub\dance-24-7\Dance 24-7\Library\PackageCache\com.unity.visualscripting@1.7.8\Editor\VisualScripting.Core\Dependencies\DotNetZip\Unity.VisualScripting.IonicZip.dll
Symbol file LoadedFromMemory doesn't match image C:\Users\FSK8475\Documents\GitHub\dance-24-7\Dance 24-7\Library\PackageCache\com.unity.visualscripting@1.7.8\Editor\VisualScripting.Core\Dependencies\YamlDotNet\Unity.VisualScripting.YamlDotNet.dll
Native extension for WindowsStandalone target not found
Refreshing native plugins compatible for Editor in 1.47 ms, found 5 plugins.
Preloading 0 native plugins for Editor in 0.00 ms.
Mono: successfully reloaded assembly
- Completed reload, in  1.596 seconds
Domain Reload Profiling:
	ReloadAssembly (1597ms)
		BeginReloadAssembly (192ms)
			ExecutionOrderSort (0ms)
			DisableScriptedObjects (5ms)
			BackupInstance (0ms)
			ReleaseScriptingObjects (0ms)
			CreateAndSetChildDomain (59ms)
		EndReloadAssembly (1276ms)
			LoadAssemblies (134ms)
			RebuildTransferFunctionScriptingTraits (0ms)
			SetupTypeCache (316ms)
			ReleaseScriptCaches (2ms)
			RebuildScriptCaches (67ms)
			SetupLoadedEditorAssemblies (705ms)
				LogAssemblyErrors (0ms)
				InitializePlatformSupportModulesInManaged (16ms)
				SetLoadedEditorAssemblies (1ms)
				RefreshPlugins (2ms)
				BeforeProcessingInitializeOnLoad (114ms)
				ProcessInitializeOnLoadAttributes (521ms)
				ProcessInitializeOnLoadMethodAttributes (41ms)
				AfterProcessingInitializeOnLoad (12ms)
				EditorAssembliesLoaded (0ms)
			ExecutionOrderSort2 (0ms)
			AwakeInstancesAfterBackupRestoration (9ms)
Platform modules already initialized, skipping
Refreshing native plugins compatible for Editor in 15.74 ms, found 5 plugins.
Preloading 0 native plugins for Editor in 0.00 ms.
Unloading 3977 Unused Serialized files (Serialized files now loaded: 0)
Unloading 101 unused Assets / (2.8 MB). Loaded Objects now: 4496.
Memory consumption went from 167.8 MB to 165.0 MB.
Total: 5.832000 ms (FindLiveObjects: 0.461300 ms CreateObjectMapping: 0.124800 ms MarkObjects: 4.172300 ms  DeleteObjects: 1.071900 ms)

AssetImportParameters requested are different than current active one (requested -> active):
  custom:video-decoder-ogg-theora: a1e56fd34408186e4bbccfd4996cb3dc -> 
  custom:container-muxer-webm: aa71ff27fc2769a1b78a27578f13a17b -> 
  custom:container-demuxer-webm: 4f35f7cbe854078d1ac9338744f61a02 -> 
  custom:video-encoder-webm-vp8: eb34c28f22e8b96e1ab97ce403110664 -> 
  custom:audio-encoder-webm-vorbis: bf7c407c2cedff20999df2af8eb42d56 -> 
  custom:framework-win-MediaFoundation: 216162199b28c13a410421893ffa2e32 -> 
  custom:container-demuxer-ogg: 62fdf1f143b41e24485cea50d1cbac27 -> 
  custom:video-decoder-webm-vp8: 9c59270c3fd7afecdb556c50c9e8de78 -> 
  custom:audio-decoder-ogg-vorbis: bf7c407c2cedff20999df2af8eb42d56 -> 
Editor requested this worker to shutdown with reason: Scaling down because of idle timeout
AssetImportWorker is now disconnected from the server
Process exiting
Exiting without the bug reporter. Application will terminate with return code 0