Using pre-set license
Built from '2021.3/staging' branch; Version is '2021.3.6f1 (7da38d85baf6) revision 8233869'; Using compiler version '192829333'; Build Type 'Release'
OS: 'Windows 10  (10.0.17763) 64bit EnterpriseS' Language: 'en' Physical Memory: 32694 MB
BatchMode: 1, IsHumanControllingUs: 0, StartBugReporterOnCrash: 0, Is64bit: 1, IsPro: 1

COMMAND LINE ARGUMENTS:
C:\Program Files\Unity\Hub\Editor\2021.3.6f1\Editor\Unity.exe
-adb2
-batchMode
-noUpm
-name
AssetImportWorker5
-projectPath
C:/Users/FSK8475/Documents/GitHub/dance-24-7/Dance 24-7
-logFile
Logs/AssetImportWorker5.log
-srvPort
54572
Successfully changed project path to: C:/Users/FSK8475/Documents/GitHub/dance-24-7/Dance 24-7
C:/Users/FSK8475/Documents/GitHub/dance-24-7/Dance 24-7
[UnityMemory] Configuration Parameters - Can be set up in boot.config
    "memorysetup-bucket-allocator-granularity=16"
    "memorysetup-bucket-allocator-bucket-count=8"
    "memorysetup-bucket-allocator-block-size=33554432"
    "memorysetup-bucket-allocator-block-count=8"
    "memorysetup-main-allocator-block-size=16777216"
    "memorysetup-thread-allocator-block-size=16777216"
    "memorysetup-gfx-main-allocator-block-size=16777216"
    "memorysetup-gfx-thread-allocator-block-size=16777216"
    "memorysetup-cache-allocator-block-size=4194304"
    "memorysetup-typetree-allocator-block-size=2097152"
    "memorysetup-profiler-bucket-allocator-granularity=16"
    "memorysetup-profiler-bucket-allocator-bucket-count=8"
    "memorysetup-profiler-bucket-allocator-block-size=33554432"
    "memorysetup-profiler-bucket-allocator-block-count=8"
    "memorysetup-profiler-allocator-block-size=16777216"
    "memorysetup-profiler-editor-allocator-block-size=1048576"
    "memorysetup-temp-allocator-size-main=16777216"
    "memorysetup-job-temp-allocator-block-size=2097152"
    "memorysetup-job-temp-allocator-block-size-background=1048576"
    "memorysetup-job-temp-allocator-reduction-small-platforms=262144"
    "memorysetup-temp-allocator-size-background-worker=32768"
    "memorysetup-temp-allocator-size-job-worker=262144"
    "memorysetup-temp-allocator-size-preload-manager=33554432"
    "memorysetup-temp-allocator-size-nav-mesh-worker=65536"
    "memorysetup-temp-allocator-size-audio-worker=65536"
    "memorysetup-temp-allocator-size-cloud-worker=32768"
    "memorysetup-temp-allocator-size-gi-baking-worker=262144"
    "memorysetup-temp-allocator-size-gfx=262144"
Refreshing native plugins compatible for Editor in 153.28 ms, found 5 plugins.
Preloading 0 native plugins for Editor in 0.00 ms.
Initialize engine version: 2021.3.6f1 (7da38d85baf6)
[Subsystems] Discovering subsystems at path C:/Program Files/Unity/Hub/Editor/2021.3.6f1/Editor/Data/Resources/UnitySubsystems
[Subsystems] Discovering subsystems at path C:/Users/FSK8475/Documents/GitHub/dance-24-7/Dance 24-7/Assets
GfxDevice: creating device client; threaded=0; jobified=0
Direct3D:
    Version:  Direct3D 11.0 [level 11.1]
    Renderer: NVIDIA GeForce GTX 1660 Ti (ID=0x2182)
    Vendor:   NVIDIA
    VRAM:     5991 MB
    Driver:   27.21.14.5671
Initialize mono
Mono path[0] = 'C:/Program Files/Unity/Hub/Editor/2021.3.6f1/Editor/Data/Managed'
Mono path[1] = 'C:/Program Files/Unity/Hub/Editor/2021.3.6f1/Editor/Data/MonoBleedingEdge/lib/mono/unityjit-win32'
Mono config path = 'C:/Program Files/Unity/Hub/Editor/2021.3.6f1/Editor/Data/MonoBleedingEdge/etc'
Using monoOptions --debugger-agent=transport=dt_socket,embedding=1,server=y,suspend=n,address=127.0.0.1:56856
Begin MonoManager ReloadAssembly
Registering precompiled unity dll's ...
Register platform support module: C:/Program Files/Unity/Hub/Editor/2021.3.6f1/Editor/Data/PlaybackEngines/WindowsStandaloneSupport/UnityEditor.WindowsStandalone.Extensions.dll
Registered in 0.005434 seconds.
Native extension for WindowsStandalone target not found
Refreshing native plugins compatible for Editor in 118.76 ms, found 5 plugins.
Preloading 0 native plugins for Editor in 0.00 ms.
Mono: successfully reloaded assembly
- Completed reload, in  0.751 seconds
Domain Reload Profiling:
	ReloadAssembly (752ms)
		BeginReloadAssembly (87ms)
			ExecutionOrderSort (0ms)
			DisableScriptedObjects (0ms)
			BackupInstance (0ms)
			ReleaseScriptingObjects (0ms)
			CreateAndSetChildDomain (1ms)
		EndReloadAssembly (545ms)
			LoadAssemblies (84ms)
			RebuildTransferFunctionScriptingTraits (0ms)
			SetupTypeCache (113ms)
			ReleaseScriptCaches (0ms)
			RebuildScriptCaches (31ms)
			SetupLoadedEditorAssemblies (340ms)
				LogAssemblyErrors (0ms)
				InitializePlatformSupportModulesInManaged (8ms)
				SetLoadedEditorAssemblies (0ms)
				RefreshPlugins (119ms)
				BeforeProcessingInitializeOnLoad (2ms)
				ProcessInitializeOnLoadAttributes (157ms)
				ProcessInitializeOnLoadMethodAttributes (54ms)
				AfterProcessingInitializeOnLoad (0ms)
				EditorAssembliesLoaded (0ms)
			ExecutionOrderSort2 (0ms)
			AwakeInstancesAfterBackupRestoration (0ms)
Platform modules already initialized, skipping
Registering precompiled user dll's ...
Registered in 0.012518 seconds.
Begin MonoManager ReloadAssembly
Symbol file LoadedFromMemory doesn't match image C:\Users\FSK8475\Documents\GitHub\dance-24-7\Dance 24-7\Library\PackageCache\com.unity.visualscripting@1.7.8\Editor\VisualScripting.Core\Dependencies\DotNetZip\Unity.VisualScripting.IonicZip.dll
Symbol file LoadedFromMemory doesn't match image C:\Users\FSK8475\Documents\GitHub\dance-24-7\Dance 24-7\Library\PackageCache\com.unity.visualscripting@1.7.8\Editor\VisualScripting.Core\Dependencies\YamlDotNet\Unity.VisualScripting.YamlDotNet.dll
Native extension for WindowsStandalone target not found
Refreshing native plugins compatible for Editor in 1.09 ms, found 5 plugins.
Preloading 0 native plugins for Editor in 0.00 ms.
Mono: successfully reloaded assembly
- Completed reload, in  1.226 seconds
Domain Reload Profiling:
	ReloadAssembly (1227ms)
		BeginReloadAssembly (127ms)
			ExecutionOrderSort (0ms)
			DisableScriptedObjects (6ms)
			BackupInstance (0ms)
			ReleaseScriptingObjects (0ms)
			CreateAndSetChildDomain (21ms)
		EndReloadAssembly (969ms)
			LoadAssemblies (103ms)
			RebuildTransferFunctionScriptingTraits (0ms)
			SetupTypeCache (294ms)
			ReleaseScriptCaches (1ms)
			RebuildScriptCaches (63ms)
			SetupLoadedEditorAssemblies (467ms)
				LogAssemblyErrors (0ms)
				InitializePlatformSupportModulesInManaged (5ms)
				SetLoadedEditorAssemblies (0ms)
				RefreshPlugins (1ms)
				BeforeProcessingInitializeOnLoad (103ms)
				ProcessInitializeOnLoadAttributes (316ms)
				ProcessInitializeOnLoadMethodAttributes (33ms)
				AfterProcessingInitializeOnLoad (8ms)
				EditorAssembliesLoaded (0ms)
			ExecutionOrderSort2 (0ms)
			AwakeInstancesAfterBackupRestoration (6ms)
Platform modules already initialized, skipping
========================================================================
Worker process is ready to serve import requests
Launched and connected shader compiler UnityShaderCompiler.exe after 0.05 seconds
Refreshing native plugins compatible for Editor in 2.42 ms, found 5 plugins.
Preloading 0 native plugins for Editor in 0.00 ms.
Unloading 3862 Unused Serialized files (Serialized files now loaded: 0)
Unloading 108 unused Assets / (1.4 MB). Loaded Objects now: 4265.
Memory consumption went from 161.6 MB to 160.2 MB.
Total: 4.116400 ms (FindLiveObjects: 0.383200 ms CreateObjectMapping: 0.097900 ms MarkObjects: 3.166000 ms  DeleteObjects: 0.468000 ms)

AssetImportParameters requested are different than current active one (requested -> active):
  custom:video-decoder-ogg-theora: a1e56fd34408186e4bbccfd4996cb3dc -> 
  custom:container-muxer-webm: aa71ff27fc2769a1b78a27578f13a17b -> 
  custom:container-demuxer-webm: 4f35f7cbe854078d1ac9338744f61a02 -> 
  custom:video-encoder-webm-vp8: eb34c28f22e8b96e1ab97ce403110664 -> 
  custom:audio-encoder-webm-vorbis: bf7c407c2cedff20999df2af8eb42d56 -> 
  custom:framework-win-MediaFoundation: 216162199b28c13a410421893ffa2e32 -> 
  custom:container-demuxer-ogg: 62fdf1f143b41e24485cea50d1cbac27 -> 
  custom:video-decoder-webm-vp8: 9c59270c3fd7afecdb556c50c9e8de78 -> 
  custom:audio-decoder-ogg-vorbis: bf7c407c2cedff20999df2af8eb42d56 -> 
========================================================================
Received Import Request.
  Time since last request: 1562030.702559 seconds.
  path: Assets/Blockout/Resources/Blockout/BlockoutMaterials/Blockout_Theme_1_Floors_Tri.mat
  artifactKey: Guid(338ecb4689397ae4ca20a9fc4b00e201) Importer(815301076,1909f56bfc062723c751e8b465ee728b)
Start importing Assets/Blockout/Resources/Blockout/BlockoutMaterials/Blockout_Theme_1_Floors_Tri.mat using Guid(338ecb4689397ae4ca20a9fc4b00e201) Importer(815301076,1909f56bfc062723c751e8b465ee728b)  -> (artifact id: '9ff2922c1ffc53404d26cd3401c27518') in 0.166000 seconds 
========================================================================
Received Import Request.
  Time since last request: 0.000030 seconds.
  path: Assets/Blockout/Resources/Blockout/BlockoutMaterials/Blockout_Theme_1_Trim_Tri.mat
  artifactKey: Guid(4f37fe0e913c3ee42bb2eedc93bfea0e) Importer(815301076,1909f56bfc062723c751e8b465ee728b)
Start importing Assets/Blockout/Resources/Blockout/BlockoutMaterials/Blockout_Theme_1_Trim_Tri.mat using Guid(4f37fe0e913c3ee42bb2eedc93bfea0e) Importer(815301076,1909f56bfc062723c751e8b465ee728b)  -> (artifact id: '8d6217f8a3df75c185dcde095e6b68b0') in 0.036091 seconds 
========================================================================
Received Import Request.
  Time since last request: 0.000037 seconds.
  path: Assets/Blockout/Resources/Blockout/BlockoutMaterials/Blockout_Theme_6_Floors.mat
  artifactKey: Guid(85dbfe7044c132a468b17ca2867d20de) Importer(815301076,1909f56bfc062723c751e8b465ee728b)
Start importing Assets/Blockout/Resources/Blockout/BlockoutMaterials/Blockout_Theme_6_Floors.mat using Guid(85dbfe7044c132a468b17ca2867d20de) Importer(815301076,1909f56bfc062723c751e8b465ee728b)  -> (artifact id: '03a2a2cc53f42610b4caf0a97c0a19ba') in 0.017067 seconds 
========================================================================
Received Import Request.
  Time since last request: 0.000030 seconds.
  path: Assets/Blockout/Resources/Blockout/BlockoutMaterials/Blockout_Theme_1_Trim.mat
  artifactKey: Guid(4371554b16c78a94ea4d0ae48cc4b451) Importer(815301076,1909f56bfc062723c751e8b465ee728b)
Start importing Assets/Blockout/Resources/Blockout/BlockoutMaterials/Blockout_Theme_1_Trim.mat using Guid(4371554b16c78a94ea4d0ae48cc4b451) Importer(815301076,1909f56bfc062723c751e8b465ee728b)  -> (artifact id: '25b52a1f7086bd5172a872de2baeed79') in 0.019529 seconds 
========================================================================
Received Import Request.
  Time since last request: 0.000036 seconds.
  path: Assets/Blockout/Resources/Blockout/BlockoutMaterials/Blockout_Theme_2_Trim.mat
  artifactKey: Guid(cada57838ac9e7149866fbcaf4378cd7) Importer(815301076,1909f56bfc062723c751e8b465ee728b)
Start importing Assets/Blockout/Resources/Blockout/BlockoutMaterials/Blockout_Theme_2_Trim.mat using Guid(cada57838ac9e7149866fbcaf4378cd7) Importer(815301076,1909f56bfc062723c751e8b465ee728b)  -> (artifact id: '64bea84830442535b40631c869010df9') in 0.015067 seconds 
========================================================================
Received Import Request.
  Time since last request: 0.000031 seconds.
  path: Assets/Blockout/Resources/Blockout/BlockoutMaterials/Blockout_Theme_3_Trim_Tri.mat
  artifactKey: Guid(bdf001070330e4848b0e201f1b092ab1) Importer(815301076,1909f56bfc062723c751e8b465ee728b)
Start importing Assets/Blockout/Resources/Blockout/BlockoutMaterials/Blockout_Theme_3_Trim_Tri.mat using Guid(bdf001070330e4848b0e201f1b092ab1) Importer(815301076,1909f56bfc062723c751e8b465ee728b)  -> (artifact id: '721423231cbd4248c2b3ea82cf8b55bd') in 0.015762 seconds 
========================================================================
Received Import Request.
  Time since last request: 0.000024 seconds.
  path: Assets/Blockout/Resources/Blockout/BlockoutMaterials/Blockout_Theme_4_Floors_Tri.mat
  artifactKey: Guid(85d6cb5408c6bb143bded635aeaeed08) Importer(815301076,1909f56bfc062723c751e8b465ee728b)
Start importing Assets/Blockout/Resources/Blockout/BlockoutMaterials/Blockout_Theme_4_Floors_Tri.mat using Guid(85d6cb5408c6bb143bded635aeaeed08) Importer(815301076,1909f56bfc062723c751e8b465ee728b)  -> (artifact id: 'f3da6e6300a09c5fe18bc6c5aa49dfb9') in 0.013233 seconds 
========================================================================
Received Import Request.
  Time since last request: 0.000029 seconds.
  path: Assets/Blockout/Resources/Blockout/BlockoutMaterials/Blockout_Theme_1_Leaf.mat
  artifactKey: Guid(015fb8f8c29d24637af685052aae2f7e) Importer(815301076,1909f56bfc062723c751e8b465ee728b)
Start importing Assets/Blockout/Resources/Blockout/BlockoutMaterials/Blockout_Theme_1_Leaf.mat using Guid(015fb8f8c29d24637af685052aae2f7e) Importer(815301076,1909f56bfc062723c751e8b465ee728b)  -> (artifact id: 'ff017deb1c7a9f94ea96abbc7998d5eb') in 0.157883 seconds 
========================================================================
Received Import Request.
  Time since last request: 0.000037 seconds.
  path: Assets/Blockout/Resources/Blockout/BlockoutMaterials/Blockout_Theme_3_Water.mat
  artifactKey: Guid(6103409b32adf4bc0976644d1b1a6ee2) Importer(815301076,1909f56bfc062723c751e8b465ee728b)
Start importing Assets/Blockout/Resources/Blockout/BlockoutMaterials/Blockout_Theme_3_Water.mat using Guid(6103409b32adf4bc0976644d1b1a6ee2) Importer(815301076,1909f56bfc062723c751e8b465ee728b)  -> (artifact id: 'b586d31b1fe2b98b4fadbb1e74ad83ae') in 0.026636 seconds 
========================================================================
Received Import Request.
  Time since last request: 0.000041 seconds.
  path: Assets/Blockout/Resources/Blockout/BlockoutMaterials/Blockout_Theme_5_Trim_Tri.mat
  artifactKey: Guid(7bc590192b119e34aa1d4e39dec866ff) Importer(815301076,1909f56bfc062723c751e8b465ee728b)
Start importing Assets/Blockout/Resources/Blockout/BlockoutMaterials/Blockout_Theme_5_Trim_Tri.mat using Guid(7bc590192b119e34aa1d4e39dec866ff) Importer(815301076,1909f56bfc062723c751e8b465ee728b)  -> (artifact id: 'b2b3e47318300d7693d874e86e427f47') in 0.012186 seconds 
========================================================================
Received Import Request.
  Time since last request: 0.000023 seconds.
  path: Assets/Blockout/Resources/Blockout/BlockoutMaterials/Blockout_Theme_4_Trim.mat
  artifactKey: Guid(3b467316f7acc9a439505a138bbd1ea3) Importer(815301076,1909f56bfc062723c751e8b465ee728b)
Start importing Assets/Blockout/Resources/Blockout/BlockoutMaterials/Blockout_Theme_4_Trim.mat using Guid(3b467316f7acc9a439505a138bbd1ea3) Importer(815301076,1909f56bfc062723c751e8b465ee728b)  -> (artifact id: '44c3813f223417cffe8f23de7ab0ff80') in 0.014365 seconds 
========================================================================
Received Import Request.
  Time since last request: 0.000027 seconds.
  path: Assets/Blockout/Resources/Blockout/BlockoutMaterials/Blockout_Theme_5_Walls.mat
  artifactKey: Guid(0b3694f9ddde5a54db3df40072bd903a) Importer(815301076,1909f56bfc062723c751e8b465ee728b)
Start importing Assets/Blockout/Resources/Blockout/BlockoutMaterials/Blockout_Theme_5_Walls.mat using Guid(0b3694f9ddde5a54db3df40072bd903a) Importer(815301076,1909f56bfc062723c751e8b465ee728b)  -> (artifact id: '1d9f089b36c7661d2554fca6a2b3d96b') in 0.013717 seconds 
========================================================================
Received Import Request.
  Time since last request: 0.000023 seconds.
  path: Assets/Blockout/Resources/Blockout/BlockoutMaterials/Blockout_Theme_3_Floors.mat
  artifactKey: Guid(d8504d9bf22a8e141985b354ec3d26ed) Importer(815301076,1909f56bfc062723c751e8b465ee728b)
Start importing Assets/Blockout/Resources/Blockout/BlockoutMaterials/Blockout_Theme_3_Floors.mat using Guid(d8504d9bf22a8e141985b354ec3d26ed) Importer(815301076,1909f56bfc062723c751e8b465ee728b)  -> (artifact id: 'a8d4081c1ff0449ce63a9b7d1c8f69f1') in 0.011957 seconds 
========================================================================
Received Import Request.
  Time since last request: 0.000030 seconds.
  path: Assets/Blockout/Resources/Blockout/BlockoutMaterials/Blockout_Theme_1_Foliage.mat
  artifactKey: Guid(8c20239eba23bd94fbd653fe0d98e1d3) Importer(815301076,1909f56bfc062723c751e8b465ee728b)
Start importing Assets/Blockout/Resources/Blockout/BlockoutMaterials/Blockout_Theme_1_Foliage.mat using Guid(8c20239eba23bd94fbd653fe0d98e1d3) Importer(815301076,1909f56bfc062723c751e8b465ee728b)  -> (artifact id: '5bd15443885d644719abf353ee05935c') in 0.012949 seconds 
========================================================================
Received Import Request.
  Time since last request: 0.000031 seconds.
  path: Assets/Blockout/Resources/Blockout/BlockoutMaterials/Blockout_Theme_4_Leaf.mat
  artifactKey: Guid(2a6b80ff955614201874745f572f85a0) Importer(815301076,1909f56bfc062723c751e8b465ee728b)
Start importing Assets/Blockout/Resources/Blockout/BlockoutMaterials/Blockout_Theme_4_Leaf.mat using Guid(2a6b80ff955614201874745f572f85a0) Importer(815301076,1909f56bfc062723c751e8b465ee728b)  -> (artifact id: 'c0711d6a610fb1282d36567144187c25') in 0.010909 seconds 
========================================================================
Received Import Request.
  Time since last request: 0.000031 seconds.
  path: Assets/Blockout/Resources/Blockout/BlockoutMaterials/Blockout_Theme_1_Walls_Tri.mat
  artifactKey: Guid(83bcb9b7869575d4cb01595330ba23d3) Importer(815301076,1909f56bfc062723c751e8b465ee728b)
Start importing Assets/Blockout/Resources/Blockout/BlockoutMaterials/Blockout_Theme_1_Walls_Tri.mat using Guid(83bcb9b7869575d4cb01595330ba23d3) Importer(815301076,1909f56bfc062723c751e8b465ee728b)  -> (artifact id: '93e59d707b77e484dca7e2a4b8d882ef') in 0.012930 seconds 
========================================================================
Received Import Request.
  Time since last request: 0.000026 seconds.
  path: Assets/Blockout/Resources/Blockout/BlockoutMaterials/Blockout_Theme_1_Trigger.mat
  artifactKey: Guid(762e1fb6a9a4883439fb09a984288e5e) Importer(815301076,1909f56bfc062723c751e8b465ee728b)
Start importing Assets/Blockout/Resources/Blockout/BlockoutMaterials/Blockout_Theme_1_Trigger.mat using Guid(762e1fb6a9a4883439fb09a984288e5e) Importer(815301076,1909f56bfc062723c751e8b465ee728b)  -> (artifact id: '3f5c4f4138d7342f9063aadeb1006090') in 0.018287 seconds 
========================================================================
Received Import Request.
  Time since last request: 0.000026 seconds.
  path: Assets/Blockout/Resources/Blockout/BlockoutMaterials/Blockout_Theme_3.asset
  artifactKey: Guid(64f8c6237dfbe1640b9aa709de8542a8) Importer(815301076,1909f56bfc062723c751e8b465ee728b)
Start importing Assets/Blockout/Resources/Blockout/BlockoutMaterials/Blockout_Theme_3.asset using Guid(64f8c6237dfbe1640b9aa709de8542a8) Importer(815301076,1909f56bfc062723c751e8b465ee728b)  -> (artifact id: '51bcafdae6df83ad6b21dffe84378c58') in 0.010391 seconds 
========================================================================
Received Import Request.
  Time since last request: 0.000025 seconds.
  path: Assets/Blockout/Resources/Blockout/BlockoutMaterials/Blockout_Theme_3_Walls_Tri.mat
  artifactKey: Guid(1836acd380a4f3d4597cb908caaf47df) Importer(815301076,1909f56bfc062723c751e8b465ee728b)
Start importing Assets/Blockout/Resources/Blockout/BlockoutMaterials/Blockout_Theme_3_Walls_Tri.mat using Guid(1836acd380a4f3d4597cb908caaf47df) Importer(815301076,1909f56bfc062723c751e8b465ee728b)  -> (artifact id: '7e898b4b5f9ad57c22eae4ad99250bde') in 0.012717 seconds 
========================================================================
Received Import Request.
  Time since last request: 0.000030 seconds.
  path: Assets/Blockout/Resources/Blockout/BlockoutMaterials/Blockout_Theme_6_Dynamic.mat
  artifactKey: Guid(105534883696fbd49aaf85b057e9336e) Importer(815301076,1909f56bfc062723c751e8b465ee728b)
Start importing Assets/Blockout/Resources/Blockout/BlockoutMaterials/Blockout_Theme_6_Dynamic.mat using Guid(105534883696fbd49aaf85b057e9336e) Importer(815301076,1909f56bfc062723c751e8b465ee728b)  -> (artifact id: '9fc199de2e7f81fe755d92149122c719') in 0.014335 seconds 
========================================================================
Received Import Request.
  Time since last request: 0.000035 seconds.
  path: Assets/Blockout/Resources/Blockout/BlockoutMaterials/Blockout_Theme_4_Trigger.mat
  artifactKey: Guid(a46a9f9c38a9d7e4b9ab5f546f459de0) Importer(815301076,1909f56bfc062723c751e8b465ee728b)
Start importing Assets/Blockout/Resources/Blockout/BlockoutMaterials/Blockout_Theme_4_Trigger.mat using Guid(a46a9f9c38a9d7e4b9ab5f546f459de0) Importer(815301076,1909f56bfc062723c751e8b465ee728b)  -> (artifact id: '8529cbd0f30d235abc724494070c3936') in 0.013307 seconds 
========================================================================
Received Import Request.
  Time since last request: 0.000023 seconds.
  path: Assets/Blockout/Resources/Blockout/BlockoutMaterials/Blockout_Theme_5_Trim.mat
  artifactKey: Guid(101eba3fef05b1847b78f80479279b0f) Importer(815301076,1909f56bfc062723c751e8b465ee728b)
Start importing Assets/Blockout/Resources/Blockout/BlockoutMaterials/Blockout_Theme_5_Trim.mat using Guid(101eba3fef05b1847b78f80479279b0f) Importer(815301076,1909f56bfc062723c751e8b465ee728b)  -> (artifact id: '2fb48b847ebf0416466ea48a815222ce') in 0.014512 seconds 
========================================================================
Received Import Request.
  Time since last request: 0.368042 seconds.
  path: Assets/Blockout/Resources/Blockout/BlockoutMaterials/Blockout_Theme_6_Trim_Tri.mat
  artifactKey: Guid(9e6f4d58a9258e743aa35c0f9f13719a) Importer(815301076,1909f56bfc062723c751e8b465ee728b)
Start importing Assets/Blockout/Resources/Blockout/BlockoutMaterials/Blockout_Theme_6_Trim_Tri.mat using Guid(9e6f4d58a9258e743aa35c0f9f13719a) Importer(815301076,1909f56bfc062723c751e8b465ee728b)  -> (artifact id: '3b2d1d632d6b2b58f270cb6db30014c3') in 0.012741 seconds 
========================================================================
Received Import Request.
  Time since last request: 0.000020 seconds.
  path: Assets/Blockout/Resources/Blockout/BlockoutMaterials/Blockout_Theme_User_Foliage.mat
  artifactKey: Guid(8ed22a82a0f5e61429fdb78dd23f3fff) Importer(815301076,1909f56bfc062723c751e8b465ee728b)
Start importing Assets/Blockout/Resources/Blockout/BlockoutMaterials/Blockout_Theme_User_Foliage.mat using Guid(8ed22a82a0f5e61429fdb78dd23f3fff) Importer(815301076,1909f56bfc062723c751e8b465ee728b)  -> (artifact id: 'db74fa0af537b800c1654ff7d0a897ce') in 0.015326 seconds 
========================================================================
Received Import Request.
  Time since last request: 0.000024 seconds.
  path: Assets/Blockout/Resources/Blockout/BlockoutMaterials/Blockout_Theme_User_Floors_Tri.mat
  artifactKey: Guid(c38c84b83eefa364b9899305d180374a) Importer(815301076,1909f56bfc062723c751e8b465ee728b)
Start importing Assets/Blockout/Resources/Blockout/BlockoutMaterials/Blockout_Theme_User_Floors_Tri.mat using Guid(c38c84b83eefa364b9899305d180374a) Importer(815301076,1909f56bfc062723c751e8b465ee728b)  -> (artifact id: 'ab47df8c81d93ed99fe3e9a0c0b6fa75') in 0.015363 seconds 
========================================================================
Received Import Request.
  Time since last request: 0.000029 seconds.
  path: Assets/Blockout/Resources/Blockout/BlockoutMaterials/Blockout_Theme_User_Leaf.mat
  artifactKey: Guid(3f995bb45eb2a8f48ba0e427541c893f) Importer(815301076,1909f56bfc062723c751e8b465ee728b)
Start importing Assets/Blockout/Resources/Blockout/BlockoutMaterials/Blockout_Theme_User_Leaf.mat using Guid(3f995bb45eb2a8f48ba0e427541c893f) Importer(815301076,1909f56bfc062723c751e8b465ee728b)  -> (artifact id: 'c20b35f12bc6fcaaa6d58893fa2ebf3b') in 0.012324 seconds 
========================================================================
Received Prepare
Registering precompiled user dll's ...
Registered in 0.013672 seconds.
Begin MonoManager ReloadAssembly
Symbol file LoadedFromMemory doesn't match image C:\Users\FSK8475\Documents\GitHub\dance-24-7\Dance 24-7\Library\PackageCache\com.unity.visualscripting@1.7.8\Editor\VisualScripting.Core\Dependencies\DotNetZip\Unity.VisualScripting.IonicZip.dll
Symbol file LoadedFromMemory doesn't match image C:\Users\FSK8475\Documents\GitHub\dance-24-7\Dance 24-7\Library\PackageCache\com.unity.visualscripting@1.7.8\Editor\VisualScripting.Core\Dependencies\YamlDotNet\Unity.VisualScripting.YamlDotNet.dll
Native extension for WindowsStandalone target not found
Refreshing native plugins compatible for Editor in 1.24 ms, found 5 plugins.
Preloading 0 native plugins for Editor in 0.00 ms.
Mono: successfully reloaded assembly
- Completed reload, in  1.267 seconds
Domain Reload Profiling:
	ReloadAssembly (1268ms)
		BeginReloadAssembly (173ms)
			ExecutionOrderSort (0ms)
			DisableScriptedObjects (7ms)
			BackupInstance (0ms)
			ReleaseScriptingObjects (0ms)
			CreateAndSetChildDomain (47ms)
		EndReloadAssembly (981ms)
			LoadAssemblies (119ms)
			RebuildTransferFunctionScriptingTraits (0ms)
			SetupTypeCache (294ms)
			ReleaseScriptCaches (1ms)
			RebuildScriptCaches (54ms)
			SetupLoadedEditorAssemblies (473ms)
				LogAssemblyErrors (0ms)
				InitializePlatformSupportModulesInManaged (13ms)
				SetLoadedEditorAssemblies (1ms)
				RefreshPlugins (1ms)
				BeforeProcessingInitializeOnLoad (81ms)
				ProcessInitializeOnLoadAttributes (325ms)
				ProcessInitializeOnLoadMethodAttributes (41ms)
				AfterProcessingInitializeOnLoad (12ms)
				EditorAssembliesLoaded (0ms)
			ExecutionOrderSort2 (0ms)
			AwakeInstancesAfterBackupRestoration (10ms)
Platform modules already initialized, skipping
Refreshing native plugins compatible for Editor in 14.56 ms, found 5 plugins.
Preloading 0 native plugins for Editor in 0.00 ms.
Unloading 3805 Unused Serialized files (Serialized files now loaded: 0)
Unloading 89 unused Assets / (1.4 MB). Loaded Objects now: 4319.
Memory consumption went from 160.9 MB to 159.5 MB.
Total: 4.163400 ms (FindLiveObjects: 0.329200 ms CreateObjectMapping: 0.084500 ms MarkObjects: 3.296100 ms  DeleteObjects: 0.452500 ms)

AssetImportParameters requested are different than current active one (requested -> active):
  custom:video-decoder-ogg-theora: a1e56fd34408186e4bbccfd4996cb3dc -> 
  custom:container-muxer-webm: aa71ff27fc2769a1b78a27578f13a17b -> 
  custom:container-demuxer-webm: 4f35f7cbe854078d1ac9338744f61a02 -> 
  custom:video-encoder-webm-vp8: eb34c28f22e8b96e1ab97ce403110664 -> 
  custom:audio-encoder-webm-vorbis: bf7c407c2cedff20999df2af8eb42d56 -> 
  custom:framework-win-MediaFoundation: 216162199b28c13a410421893ffa2e32 -> 
  custom:container-demuxer-ogg: 62fdf1f143b41e24485cea50d1cbac27 -> 
  custom:video-decoder-webm-vp8: 9c59270c3fd7afecdb556c50c9e8de78 -> 
  custom:audio-decoder-ogg-vorbis: bf7c407c2cedff20999df2af8eb42d56 -> 
Editor requested this worker to shutdown with reason: Scaling down because of idle timeout
AssetImportWorker is now disconnected from the server
Process exiting
Exiting without the bug reporter. Application will terminate with return code 0