Using pre-set license
Built from '2021.3/staging' branch; Version is '2021.3.2f1 (d6360bedb9a0) revision 14038539'; Using compiler version '192829333'; Build Type 'Release'
OS: 'Windows 10  (10.0.17763) 64bit EnterpriseS' Language: 'en' Physical Memory: 32694 MB
BatchMode: 1, IsHumanControllingUs: 0, StartBugReporterOnCrash: 0, Is64bit: 1, IsPro: 1

COMMAND LINE ARGUMENTS:
C:\Program Files\Unity\Hub\Editor\2021.3.2f1\Editor\Unity.exe
-adb2
-batchMode
-noUpm
-name
AssetImportWorker6
-projectPath
C:/Users/FSK8475/Documents/GitHub/dance-24-7/Dance 24-7
-logFile
Logs/AssetImportWorker6.log
-srvPort
57955
Successfully changed project path to: C:/Users/FSK8475/Documents/GitHub/dance-24-7/Dance 24-7
C:/Users/FSK8475/Documents/GitHub/dance-24-7/Dance 24-7
[UnityMemory] Configuration Parameters - Can be set up in boot.config
    "memorysetup-bucket-allocator-granularity=16"
    "memorysetup-bucket-allocator-bucket-count=8"
    "memorysetup-bucket-allocator-block-size=33554432"
    "memorysetup-bucket-allocator-block-count=8"
    "memorysetup-main-allocator-block-size=16777216"
    "memorysetup-thread-allocator-block-size=16777216"
    "memorysetup-gfx-main-allocator-block-size=16777216"
    "memorysetup-gfx-thread-allocator-block-size=16777216"
    "memorysetup-cache-allocator-block-size=4194304"
    "memorysetup-typetree-allocator-block-size=2097152"
    "memorysetup-profiler-bucket-allocator-granularity=16"
    "memorysetup-profiler-bucket-allocator-bucket-count=8"
    "memorysetup-profiler-bucket-allocator-block-size=33554432"
    "memorysetup-profiler-bucket-allocator-block-count=8"
    "memorysetup-profiler-allocator-block-size=16777216"
    "memorysetup-profiler-editor-allocator-block-size=1048576"
    "memorysetup-temp-allocator-size-main=16777216"
    "memorysetup-job-temp-allocator-block-size=2097152"
    "memorysetup-job-temp-allocator-block-size-background=1048576"
    "memorysetup-job-temp-allocator-reduction-small-platforms=262144"
    "memorysetup-temp-allocator-size-background-worker=32768"
    "memorysetup-temp-allocator-size-job-worker=262144"
    "memorysetup-temp-allocator-size-preload-manager=33554432"
    "memorysetup-temp-allocator-size-nav-mesh-worker=65536"
    "memorysetup-temp-allocator-size-audio-worker=65536"
    "memorysetup-temp-allocator-size-cloud-worker=32768"
    "memorysetup-temp-allocator-size-gi-baking-worker=262144"
    "memorysetup-temp-allocator-size-gfx=262144"
Refreshing native plugins compatible for Editor in 109.08 ms, found 3 plugins.
Preloading 0 native plugins for Editor in 0.00 ms.
Initialize engine version: 2021.3.2f1 (d6360bedb9a0)
[Subsystems] Discovering subsystems at path C:/Program Files/Unity/Hub/Editor/2021.3.2f1/Editor/Data/Resources/UnitySubsystems
[Subsystems] Discovering subsystems at path C:/Users/FSK8475/Documents/GitHub/dance-24-7/Dance 24-7/Assets
GfxDevice: creating device client; threaded=0; jobified=0
Direct3D:
    Version:  Direct3D 11.0 [level 11.1]
    Renderer: NVIDIA GeForce GTX 1660 Ti (ID=0x2182)
    Vendor:   NVIDIA
    VRAM:     5991 MB
    Driver:   27.21.14.5671
Initialize mono
Mono path[0] = 'C:/Program Files/Unity/Hub/Editor/2021.3.2f1/Editor/Data/Managed'
Mono path[1] = 'C:/Program Files/Unity/Hub/Editor/2021.3.2f1/Editor/Data/MonoBleedingEdge/lib/mono/unityjit-win32'
Mono config path = 'C:/Program Files/Unity/Hub/Editor/2021.3.2f1/Editor/Data/MonoBleedingEdge/etc'
Using monoOptions --debugger-agent=transport=dt_socket,embedding=1,server=y,suspend=n,address=127.0.0.1:56876
Begin MonoManager ReloadAssembly
Registering precompiled unity dll's ...
Register platform support module: C:/Program Files/Unity/Hub/Editor/2021.3.2f1/Editor/Data/PlaybackEngines/WebGLSupport/UnityEditor.WebGL.Extensions.dll
Register platform support module: C:/Program Files/Unity/Hub/Editor/2021.3.2f1/Editor/Data/PlaybackEngines/WindowsStandaloneSupport/UnityEditor.WindowsStandalone.Extensions.dll
Registered in 0.007131 seconds.
Native extension for WindowsStandalone target not found
Native extension for WebGL target not found
Refreshing native plugins compatible for Editor in 99.27 ms, found 3 plugins.
Preloading 0 native plugins for Editor in 0.00 ms.
Mono: successfully reloaded assembly
- Completed reload, in  0.690 seconds
Domain Reload Profiling:
	ReloadAssembly (691ms)
		BeginReloadAssembly (89ms)
			ExecutionOrderSort (0ms)
			DisableScriptedObjects (0ms)
			BackupInstance (0ms)
			ReleaseScriptingObjects (0ms)
			CreateAndSetChildDomain (1ms)
		EndReloadAssembly (486ms)
			LoadAssemblies (86ms)
			RebuildTransferFunctionScriptingTraits (0ms)
			SetupTypeCache (106ms)
			ReleaseScriptCaches (0ms)
			RebuildScriptCaches (28ms)
			SetupLoadedEditorAssemblies (298ms)
				LogAssemblyErrors (0ms)
				InitializePlatformSupportModulesInManaged (9ms)
				SetLoadedEditorAssemblies (0ms)
				RefreshPlugins (99ms)
				BeforeProcessingInitializeOnLoad (1ms)
				ProcessInitializeOnLoadAttributes (142ms)
				ProcessInitializeOnLoadMethodAttributes (46ms)
				AfterProcessingInitializeOnLoad (0ms)
				EditorAssembliesLoaded (0ms)
			ExecutionOrderSort2 (0ms)
			AwakeInstancesAfterBackupRestoration (0ms)
Platform modules already initialized, skipping
Registering precompiled user dll's ...
Registered in 0.007708 seconds.
Begin MonoManager ReloadAssembly
Symbol file LoadedFromMemory doesn't match image C:\Users\FSK8475\Documents\GitHub\dance-24-7\Dance 24-7\Library\PackageCache\com.unity.visualscripting@1.7.6\Editor\VisualScripting.Core\Dependencies\YamlDotNet\Unity.VisualScripting.YamlDotNet.dll
Symbol file LoadedFromMemory doesn't match image C:\Users\FSK8475\Documents\GitHub\dance-24-7\Dance 24-7\Library\PackageCache\com.unity.visualscripting@1.7.6\Editor\VisualScripting.Core\Dependencies\DotNetZip\Unity.VisualScripting.IonicZip.dll
Native extension for WindowsStandalone target not found
Native extension for WebGL target not found
Refreshing native plugins compatible for Editor in 0.78 ms, found 3 plugins.
Preloading 0 native plugins for Editor in 0.00 ms.
Mono: successfully reloaded assembly
- Completed reload, in  1.074 seconds
Domain Reload Profiling:
	ReloadAssembly (1074ms)
		BeginReloadAssembly (116ms)
			ExecutionOrderSort (0ms)
			DisableScriptedObjects (6ms)
			BackupInstance (0ms)
			ReleaseScriptingObjects (0ms)
			CreateAndSetChildDomain (20ms)
		EndReloadAssembly (842ms)
			LoadAssemblies (91ms)
			RebuildTransferFunctionScriptingTraits (0ms)
			SetupTypeCache (260ms)
			ReleaseScriptCaches (1ms)
			RebuildScriptCaches (54ms)
			SetupLoadedEditorAssemblies (403ms)
				LogAssemblyErrors (0ms)
				InitializePlatformSupportModulesInManaged (7ms)
				SetLoadedEditorAssemblies (0ms)
				RefreshPlugins (1ms)
				BeforeProcessingInitializeOnLoad (91ms)
				ProcessInitializeOnLoadAttributes (269ms)
				ProcessInitializeOnLoadMethodAttributes (28ms)
				AfterProcessingInitializeOnLoad (8ms)
				EditorAssembliesLoaded (0ms)
			ExecutionOrderSort2 (0ms)
			AwakeInstancesAfterBackupRestoration (6ms)
Platform modules already initialized, skipping
========================================================================
Worker process is ready to serve import requests
Launched and connected shader compiler UnityShaderCompiler.exe after 0.05 seconds
Refreshing native plugins compatible for Editor in 0.77 ms, found 3 plugins.
Preloading 0 native plugins for Editor in 0.00 ms.
Unloading 3578 Unused Serialized files (Serialized files now loaded: 0)
Unloading 40 unused Assets / (185.3 KB). Loaded Objects now: 4048.
Memory consumption went from 143.2 MB to 143.0 MB.
Total: 3.469300 ms (FindLiveObjects: 0.354500 ms CreateObjectMapping: 0.085500 ms MarkObjects: 2.861800 ms  DeleteObjects: 0.166400 ms)

AssetImportParameters requested are different than current active one (requested -> active):
  custom:video-decoder-ogg-theora: a1e56fd34408186e4bbccfd4996cb3dc -> 
  custom:container-muxer-webm: aa71ff27fc2769a1b78a27578f13a17b -> 
  custom:container-demuxer-webm: 4f35f7cbe854078d1ac9338744f61a02 -> 
  custom:video-encoder-webm-vp8: eb34c28f22e8b96e1ab97ce403110664 -> 
  custom:audio-encoder-webm-vorbis: bf7c407c2cedff20999df2af8eb42d56 -> 
  custom:framework-win-MediaFoundation: 216162199b28c13a410421893ffa2e32 -> 
  custom:container-demuxer-ogg: 62fdf1f143b41e24485cea50d1cbac27 -> 
  custom:video-decoder-webm-vp8: 9c59270c3fd7afecdb556c50c9e8de78 -> 
  custom:audio-decoder-ogg-vorbis: bf7c407c2cedff20999df2af8eb42d56 -> 
========================================================================
Received Import Request.
  Time since last request: 1929134.196580 seconds.
  path: Assets/Blockout/Models/Dynamic/Barricade.fbx
  artifactKey: Guid(8293b604f8795384bafda2a5cc78a01d) Importer(815301076,1909f56bfc062723c751e8b465ee728b)
Start importing Assets/Blockout/Models/Dynamic/Barricade.fbx using Guid(8293b604f8795384bafda2a5cc78a01d) Importer(815301076,1909f56bfc062723c751e8b465ee728b)  -> (artifact id: 'f5d70408a114329f67d3aea238e76c17') in 0.158615 seconds 
========================================================================
Received Prepare
Registering precompiled user dll's ...
Registered in 0.008233 seconds.
Begin MonoManager ReloadAssembly
Symbol file LoadedFromMemory doesn't match image C:\Users\FSK8475\Documents\GitHub\dance-24-7\Dance 24-7\Library\PackageCache\com.unity.visualscripting@1.7.6\Editor\VisualScripting.Core\Dependencies\YamlDotNet\Unity.VisualScripting.YamlDotNet.dll
Symbol file LoadedFromMemory doesn't match image C:\Users\FSK8475\Documents\GitHub\dance-24-7\Dance 24-7\Library\PackageCache\com.unity.visualscripting@1.7.6\Editor\VisualScripting.Core\Dependencies\DotNetZip\Unity.VisualScripting.IonicZip.dll
Native extension for WindowsStandalone target not found
Native extension for WebGL target not found
Refreshing native plugins compatible for Editor in 0.88 ms, found 3 plugins.
Preloading 0 native plugins for Editor in 0.00 ms.
Mono: successfully reloaded assembly
- Completed reload, in  1.228 seconds
Domain Reload Profiling:
	ReloadAssembly (1229ms)
		BeginReloadAssembly (152ms)
			ExecutionOrderSort (0ms)
			DisableScriptedObjects (5ms)
			BackupInstance (0ms)
			ReleaseScriptingObjects (0ms)
			CreateAndSetChildDomain (42ms)
		EndReloadAssembly (971ms)
			LoadAssemblies (110ms)
			RebuildTransferFunctionScriptingTraits (0ms)
			SetupTypeCache (322ms)
			ReleaseScriptCaches (2ms)
			RebuildScriptCaches (51ms)
			SetupLoadedEditorAssemblies (439ms)
				LogAssemblyErrors (0ms)
				InitializePlatformSupportModulesInManaged (17ms)
				SetLoadedEditorAssemblies (1ms)
				RefreshPlugins (1ms)
				BeforeProcessingInitializeOnLoad (82ms)
				ProcessInitializeOnLoadAttributes (294ms)
				ProcessInitializeOnLoadMethodAttributes (35ms)
				AfterProcessingInitializeOnLoad (9ms)
				EditorAssembliesLoaded (0ms)
			ExecutionOrderSort2 (0ms)
			AwakeInstancesAfterBackupRestoration (7ms)
Platform modules already initialized, skipping
Refreshing native plugins compatible for Editor in 3.11 ms, found 3 plugins.
Preloading 0 native plugins for Editor in 0.00 ms.
Unloading 3561 Unused Serialized files (Serialized files now loaded: 0)
Unloading 21 unused Assets / (152.6 KB). Loaded Objects now: 4072.
Memory consumption went from 146.4 MB to 146.2 MB.
Total: 3.537700 ms (FindLiveObjects: 0.365000 ms CreateObjectMapping: 0.085900 ms MarkObjects: 2.959000 ms  DeleteObjects: 0.126300 ms)

AssetImportParameters requested are different than current active one (requested -> active):
  custom:video-decoder-ogg-theora: a1e56fd34408186e4bbccfd4996cb3dc -> 
  custom:container-muxer-webm: aa71ff27fc2769a1b78a27578f13a17b -> 
  custom:container-demuxer-webm: 4f35f7cbe854078d1ac9338744f61a02 -> 
  custom:video-encoder-webm-vp8: eb34c28f22e8b96e1ab97ce403110664 -> 
  custom:audio-encoder-webm-vorbis: bf7c407c2cedff20999df2af8eb42d56 -> 
  custom:framework-win-MediaFoundation: 216162199b28c13a410421893ffa2e32 -> 
  custom:container-demuxer-ogg: 62fdf1f143b41e24485cea50d1cbac27 -> 
  custom:video-decoder-webm-vp8: 9c59270c3fd7afecdb556c50c9e8de78 -> 
  custom:audio-decoder-ogg-vorbis: bf7c407c2cedff20999df2af8eb42d56 -> 
========================================================================
Received Prepare
Registering precompiled user dll's ...
Registered in 0.008610 seconds.
Begin MonoManager ReloadAssembly
Symbol file LoadedFromMemory doesn't match image C:\Users\FSK8475\Documents\GitHub\dance-24-7\Dance 24-7\Library\PackageCache\com.unity.visualscripting@1.7.6\Editor\VisualScripting.Core\Dependencies\YamlDotNet\Unity.VisualScripting.YamlDotNet.dll
Symbol file LoadedFromMemory doesn't match image C:\Users\FSK8475\Documents\GitHub\dance-24-7\Dance 24-7\Library\PackageCache\com.unity.visualscripting@1.7.6\Editor\VisualScripting.Core\Dependencies\DotNetZip\Unity.VisualScripting.IonicZip.dll
Native extension for WindowsStandalone target not found
Native extension for WebGL target not found
Refreshing native plugins compatible for Editor in 1.38 ms, found 3 plugins.
Preloading 0 native plugins for Editor in 0.00 ms.
Mono: successfully reloaded assembly
- Completed reload, in  1.277 seconds
Domain Reload Profiling:
	ReloadAssembly (1278ms)
		BeginReloadAssembly (158ms)
			ExecutionOrderSort (0ms)
			DisableScriptedObjects (5ms)
			BackupInstance (0ms)
			ReleaseScriptingObjects (0ms)
			CreateAndSetChildDomain (39ms)
		EndReloadAssembly (1004ms)
			LoadAssemblies (104ms)
			RebuildTransferFunctionScriptingTraits (0ms)
			SetupTypeCache (310ms)
			ReleaseScriptCaches (2ms)
			RebuildScriptCaches (70ms)
			SetupLoadedEditorAssemblies (445ms)
				LogAssemblyErrors (0ms)
				InitializePlatformSupportModulesInManaged (17ms)
				SetLoadedEditorAssemblies (1ms)
				RefreshPlugins (1ms)
				BeforeProcessingInitializeOnLoad (91ms)
				ProcessInitializeOnLoadAttributes (289ms)
				ProcessInitializeOnLoadMethodAttributes (37ms)
				AfterProcessingInitializeOnLoad (10ms)
				EditorAssembliesLoaded (0ms)
			ExecutionOrderSort2 (0ms)
			AwakeInstancesAfterBackupRestoration (8ms)
Platform modules already initialized, skipping
Refreshing native plugins compatible for Editor in 2.63 ms, found 3 plugins.
Preloading 0 native plugins for Editor in 0.00 ms.
Unloading 3561 Unused Serialized files (Serialized files now loaded: 0)
Unloading 21 unused Assets / (152.7 KB). Loaded Objects now: 4087.
Memory consumption went from 146.4 MB to 146.3 MB.
Total: 3.637300 ms (FindLiveObjects: 0.409600 ms CreateObjectMapping: 0.094200 ms MarkObjects: 2.989400 ms  DeleteObjects: 0.142400 ms)

AssetImportParameters requested are different than current active one (requested -> active):
  custom:video-decoder-ogg-theora: a1e56fd34408186e4bbccfd4996cb3dc -> 
  custom:container-muxer-webm: aa71ff27fc2769a1b78a27578f13a17b -> 
  custom:container-demuxer-webm: 4f35f7cbe854078d1ac9338744f61a02 -> 
  custom:video-encoder-webm-vp8: eb34c28f22e8b96e1ab97ce403110664 -> 
  custom:audio-encoder-webm-vorbis: bf7c407c2cedff20999df2af8eb42d56 -> 
  custom:framework-win-MediaFoundation: 216162199b28c13a410421893ffa2e32 -> 
  custom:container-demuxer-ogg: 62fdf1f143b41e24485cea50d1cbac27 -> 
  custom:video-decoder-webm-vp8: 9c59270c3fd7afecdb556c50c9e8de78 -> 
  custom:audio-decoder-ogg-vorbis: bf7c407c2cedff20999df2af8eb42d56 -> 
========================================================================
Received Prepare
Registering precompiled user dll's ...
Registered in 0.007430 seconds.
Begin MonoManager ReloadAssembly
Symbol file LoadedFromMemory doesn't match image C:\Users\FSK8475\Documents\GitHub\dance-24-7\Dance 24-7\Library\PackageCache\com.unity.visualscripting@1.7.6\Editor\VisualScripting.Core\Dependencies\YamlDotNet\Unity.VisualScripting.YamlDotNet.dll
Symbol file LoadedFromMemory doesn't match image C:\Users\FSK8475\Documents\GitHub\dance-24-7\Dance 24-7\Library\PackageCache\com.unity.visualscripting@1.7.6\Editor\VisualScripting.Core\Dependencies\DotNetZip\Unity.VisualScripting.IonicZip.dll
Native extension for WindowsStandalone target not found
Native extension for WebGL target not found
Refreshing native plugins compatible for Editor in 0.92 ms, found 3 plugins.
Preloading 0 native plugins for Editor in 0.00 ms.
Mono: successfully reloaded assembly
- Completed reload, in  1.178 seconds
Domain Reload Profiling:
	ReloadAssembly (1179ms)
		BeginReloadAssembly (147ms)
			ExecutionOrderSort (0ms)
			DisableScriptedObjects (5ms)
			BackupInstance (0ms)
			ReleaseScriptingObjects (0ms)
			CreateAndSetChildDomain (37ms)
		EndReloadAssembly (929ms)
			LoadAssemblies (103ms)
			RebuildTransferFunctionScriptingTraits (0ms)
			SetupTypeCache (278ms)
			ReleaseScriptCaches (1ms)
			RebuildScriptCaches (64ms)
			SetupLoadedEditorAssemblies (430ms)
				LogAssemblyErrors (0ms)
				InitializePlatformSupportModulesInManaged (16ms)
				SetLoadedEditorAssemblies (1ms)
				RefreshPlugins (1ms)
				BeforeProcessingInitializeOnLoad (84ms)
				ProcessInitializeOnLoadAttributes (287ms)
				ProcessInitializeOnLoadMethodAttributes (32ms)
				AfterProcessingInitializeOnLoad (9ms)
				EditorAssembliesLoaded (0ms)
			ExecutionOrderSort2 (0ms)
			AwakeInstancesAfterBackupRestoration (7ms)
Platform modules already initialized, skipping
Refreshing native plugins compatible for Editor in 3.04 ms, found 3 plugins.
Preloading 0 native plugins for Editor in 0.00 ms.
Unloading 3561 Unused Serialized files (Serialized files now loaded: 0)
Unloading 21 unused Assets / (152.6 KB). Loaded Objects now: 4102.
Memory consumption went from 146.4 MB to 146.3 MB.
Total: 3.226400 ms (FindLiveObjects: 0.318000 ms CreateObjectMapping: 0.078100 ms MarkObjects: 2.702200 ms  DeleteObjects: 0.126600 ms)

AssetImportParameters requested are different than current active one (requested -> active):
  custom:video-decoder-ogg-theora: a1e56fd34408186e4bbccfd4996cb3dc -> 
  custom:container-muxer-webm: aa71ff27fc2769a1b78a27578f13a17b -> 
  custom:container-demuxer-webm: 4f35f7cbe854078d1ac9338744f61a02 -> 
  custom:video-encoder-webm-vp8: eb34c28f22e8b96e1ab97ce403110664 -> 
  custom:audio-encoder-webm-vorbis: bf7c407c2cedff20999df2af8eb42d56 -> 
  custom:framework-win-MediaFoundation: 216162199b28c13a410421893ffa2e32 -> 
  custom:container-demuxer-ogg: 62fdf1f143b41e24485cea50d1cbac27 -> 
  custom:video-decoder-webm-vp8: 9c59270c3fd7afecdb556c50c9e8de78 -> 
  custom:audio-decoder-ogg-vorbis: bf7c407c2cedff20999df2af8eb42d56 -> 
========================================================================
Received Prepare
Registering precompiled user dll's ...
Registered in 0.008025 seconds.
Begin MonoManager ReloadAssembly
Symbol file LoadedFromMemory doesn't match image C:\Users\FSK8475\Documents\GitHub\dance-24-7\Dance 24-7\Library\PackageCache\com.unity.visualscripting@1.7.6\Editor\VisualScripting.Core\Dependencies\YamlDotNet\Unity.VisualScripting.YamlDotNet.dll
Symbol file LoadedFromMemory doesn't match image C:\Users\FSK8475\Documents\GitHub\dance-24-7\Dance 24-7\Library\PackageCache\com.unity.visualscripting@1.7.6\Editor\VisualScripting.Core\Dependencies\DotNetZip\Unity.VisualScripting.IonicZip.dll
Native extension for WindowsStandalone target not found
Native extension for WebGL target not found
Refreshing native plugins compatible for Editor in 0.88 ms, found 3 plugins.
Preloading 0 native plugins for Editor in 0.00 ms.
Mono: successfully reloaded assembly
- Completed reload, in  1.091 seconds
Domain Reload Profiling:
	ReloadAssembly (1092ms)
		BeginReloadAssembly (142ms)
			ExecutionOrderSort (0ms)
			DisableScriptedObjects (5ms)
			BackupInstance (0ms)
			ReleaseScriptingObjects (0ms)
			CreateAndSetChildDomain (35ms)
		EndReloadAssembly (845ms)
			LoadAssemblies (99ms)
			RebuildTransferFunctionScriptingTraits (0ms)
			SetupTypeCache (274ms)
			ReleaseScriptCaches (1ms)
			RebuildScriptCaches (47ms)
			SetupLoadedEditorAssemblies (385ms)
				LogAssemblyErrors (0ms)
				InitializePlatformSupportModulesInManaged (15ms)
				SetLoadedEditorAssemblies (1ms)
				RefreshPlugins (1ms)
				BeforeProcessingInitializeOnLoad (74ms)
				ProcessInitializeOnLoadAttributes (254ms)
				ProcessInitializeOnLoadMethodAttributes (31ms)
				AfterProcessingInitializeOnLoad (8ms)
				EditorAssembliesLoaded (0ms)
			ExecutionOrderSort2 (0ms)
			AwakeInstancesAfterBackupRestoration (7ms)
Platform modules already initialized, skipping
Refreshing native plugins compatible for Editor in 2.73 ms, found 3 plugins.
Preloading 0 native plugins for Editor in 0.00 ms.
Unloading 3561 Unused Serialized files (Serialized files now loaded: 0)
Unloading 21 unused Assets / (152.7 KB). Loaded Objects now: 4117.
Memory consumption went from 146.4 MB to 146.3 MB.
Total: 3.648200 ms (FindLiveObjects: 0.317000 ms CreateObjectMapping: 0.078300 ms MarkObjects: 3.106300 ms  DeleteObjects: 0.144700 ms)

AssetImportParameters requested are different than current active one (requested -> active):
  custom:video-decoder-ogg-theora: a1e56fd34408186e4bbccfd4996cb3dc -> 
  custom:container-muxer-webm: aa71ff27fc2769a1b78a27578f13a17b -> 
  custom:container-demuxer-webm: 4f35f7cbe854078d1ac9338744f61a02 -> 
  custom:video-encoder-webm-vp8: eb34c28f22e8b96e1ab97ce403110664 -> 
  custom:audio-encoder-webm-vorbis: bf7c407c2cedff20999df2af8eb42d56 -> 
  custom:framework-win-MediaFoundation: 216162199b28c13a410421893ffa2e32 -> 
  custom:container-demuxer-ogg: 62fdf1f143b41e24485cea50d1cbac27 -> 
  custom:video-decoder-webm-vp8: 9c59270c3fd7afecdb556c50c9e8de78 -> 
  custom:audio-decoder-ogg-vorbis: bf7c407c2cedff20999df2af8eb42d56 -> 
========================================================================
Received Prepare
Registering precompiled user dll's ...
Registered in 0.007396 seconds.
Begin MonoManager ReloadAssembly
Symbol file LoadedFromMemory doesn't match image C:\Users\FSK8475\Documents\GitHub\dance-24-7\Dance 24-7\Library\PackageCache\com.unity.visualscripting@1.7.6\Editor\VisualScripting.Core\Dependencies\YamlDotNet\Unity.VisualScripting.YamlDotNet.dll
Symbol file LoadedFromMemory doesn't match image C:\Users\FSK8475\Documents\GitHub\dance-24-7\Dance 24-7\Library\PackageCache\com.unity.visualscripting@1.7.6\Editor\VisualScripting.Core\Dependencies\DotNetZip\Unity.VisualScripting.IonicZip.dll
Native extension for WindowsStandalone target not found
Native extension for WebGL target not found
Refreshing native plugins compatible for Editor in 0.85 ms, found 3 plugins.
Preloading 0 native plugins for Editor in 0.00 ms.
Mono: successfully reloaded assembly
- Completed reload, in  1.126 seconds
Domain Reload Profiling:
	ReloadAssembly (1127ms)
		BeginReloadAssembly (141ms)
			ExecutionOrderSort (0ms)
			DisableScriptedObjects (5ms)
			BackupInstance (0ms)
			ReleaseScriptingObjects (0ms)
			CreateAndSetChildDomain (34ms)
		EndReloadAssembly (879ms)
			LoadAssemblies (102ms)
			RebuildTransferFunctionScriptingTraits (0ms)
			SetupTypeCache (274ms)
			ReleaseScriptCaches (2ms)
			RebuildScriptCaches (49ms)
			SetupLoadedEditorAssemblies (405ms)
				LogAssemblyErrors (0ms)
				InitializePlatformSupportModulesInManaged (16ms)
				SetLoadedEditorAssemblies (1ms)
				RefreshPlugins (1ms)
				BeforeProcessingInitializeOnLoad (78ms)
				ProcessInitializeOnLoadAttributes (266ms)
				ProcessInitializeOnLoadMethodAttributes (35ms)
				AfterProcessingInitializeOnLoad (9ms)
				EditorAssembliesLoaded (0ms)
			ExecutionOrderSort2 (0ms)
			AwakeInstancesAfterBackupRestoration (7ms)
Platform modules already initialized, skipping
Refreshing native plugins compatible for Editor in 2.56 ms, found 3 plugins.
Preloading 0 native plugins for Editor in 0.00 ms.
Unloading 3561 Unused Serialized files (Serialized files now loaded: 0)
Unloading 21 unused Assets / (152.6 KB). Loaded Objects now: 4132.
Memory consumption went from 146.5 MB to 146.3 MB.
Total: 3.662100 ms (FindLiveObjects: 0.400600 ms CreateObjectMapping: 0.089200 ms MarkObjects: 3.034600 ms  DeleteObjects: 0.135900 ms)

AssetImportParameters requested are different than current active one (requested -> active):
  custom:video-decoder-ogg-theora: a1e56fd34408186e4bbccfd4996cb3dc -> 
  custom:container-muxer-webm: aa71ff27fc2769a1b78a27578f13a17b -> 
  custom:container-demuxer-webm: 4f35f7cbe854078d1ac9338744f61a02 -> 
  custom:video-encoder-webm-vp8: eb34c28f22e8b96e1ab97ce403110664 -> 
  custom:audio-encoder-webm-vorbis: bf7c407c2cedff20999df2af8eb42d56 -> 
  custom:framework-win-MediaFoundation: 216162199b28c13a410421893ffa2e32 -> 
  custom:container-demuxer-ogg: 62fdf1f143b41e24485cea50d1cbac27 -> 
  custom:video-decoder-webm-vp8: 9c59270c3fd7afecdb556c50c9e8de78 -> 
  custom:audio-decoder-ogg-vorbis: bf7c407c2cedff20999df2af8eb42d56 -> 
========================================================================
Received Prepare
Registering precompiled user dll's ...
Registered in 0.007450 seconds.
Begin MonoManager ReloadAssembly
Symbol file LoadedFromMemory doesn't match image C:\Users\FSK8475\Documents\GitHub\dance-24-7\Dance 24-7\Library\PackageCache\com.unity.visualscripting@1.7.6\Editor\VisualScripting.Core\Dependencies\YamlDotNet\Unity.VisualScripting.YamlDotNet.dll
Symbol file LoadedFromMemory doesn't match image C:\Users\FSK8475\Documents\GitHub\dance-24-7\Dance 24-7\Library\PackageCache\com.unity.visualscripting@1.7.6\Editor\VisualScripting.Core\Dependencies\DotNetZip\Unity.VisualScripting.IonicZip.dll
Native extension for WindowsStandalone target not found
Native extension for WebGL target not found
Refreshing native plugins compatible for Editor in 0.83 ms, found 3 plugins.
Preloading 0 native plugins for Editor in 0.00 ms.
Mono: successfully reloaded assembly
- Completed reload, in  1.108 seconds
Domain Reload Profiling:
	ReloadAssembly (1109ms)
		BeginReloadAssembly (139ms)
			ExecutionOrderSort (0ms)
			DisableScriptedObjects (6ms)
			BackupInstance (0ms)
			ReleaseScriptingObjects (0ms)
			CreateAndSetChildDomain (35ms)
		EndReloadAssembly (867ms)
			LoadAssemblies (98ms)
			RebuildTransferFunctionScriptingTraits (0ms)
			SetupTypeCache (266ms)
			ReleaseScriptCaches (2ms)
			RebuildScriptCaches (48ms)
			SetupLoadedEditorAssemblies (410ms)
				LogAssemblyErrors (0ms)
				InitializePlatformSupportModulesInManaged (16ms)
				SetLoadedEditorAssemblies (1ms)
				RefreshPlugins (1ms)
				BeforeProcessingInitializeOnLoad (79ms)
				ProcessInitializeOnLoadAttributes (269ms)
				ProcessInitializeOnLoadMethodAttributes (35ms)
				AfterProcessingInitializeOnLoad (9ms)
				EditorAssembliesLoaded (0ms)
			ExecutionOrderSort2 (0ms)
			AwakeInstancesAfterBackupRestoration (7ms)
Platform modules already initialized, skipping
Refreshing native plugins compatible for Editor in 2.75 ms, found 3 plugins.
Preloading 0 native plugins for Editor in 0.00 ms.
Unloading 3561 Unused Serialized files (Serialized files now loaded: 0)
Unloading 21 unused Assets / (152.7 KB). Loaded Objects now: 4147.
Memory consumption went from 146.5 MB to 146.3 MB.
Total: 3.671600 ms (FindLiveObjects: 0.424500 ms CreateObjectMapping: 0.080200 ms MarkObjects: 3.027700 ms  DeleteObjects: 0.138000 ms)

AssetImportParameters requested are different than current active one (requested -> active):
  custom:video-decoder-ogg-theora: a1e56fd34408186e4bbccfd4996cb3dc -> 
  custom:container-muxer-webm: aa71ff27fc2769a1b78a27578f13a17b -> 
  custom:container-demuxer-webm: 4f35f7cbe854078d1ac9338744f61a02 -> 
  custom:video-encoder-webm-vp8: eb34c28f22e8b96e1ab97ce403110664 -> 
  custom:audio-encoder-webm-vorbis: bf7c407c2cedff20999df2af8eb42d56 -> 
  custom:framework-win-MediaFoundation: 216162199b28c13a410421893ffa2e32 -> 
  custom:container-demuxer-ogg: 62fdf1f143b41e24485cea50d1cbac27 -> 
  custom:video-decoder-webm-vp8: 9c59270c3fd7afecdb556c50c9e8de78 -> 
  custom:audio-decoder-ogg-vorbis: bf7c407c2cedff20999df2af8eb42d56 -> 
========================================================================
Received Import Request.
  Time since last request: 253.180444 seconds.
  path: Assets/Blockout/Models/Rock_Flatbottom_Med_T2_4x4x4.fbx
  artifactKey: Guid(434384fa31984064fae9084a2555e302) Importer(815301076,1909f56bfc062723c751e8b465ee728b)
Start importing Assets/Blockout/Models/Rock_Flatbottom_Med_T2_4x4x4.fbx using Guid(434384fa31984064fae9084a2555e302) Importer(815301076,1909f56bfc062723c751e8b465ee728b)  -> (artifact id: '1b941aba0da857f16a6a6e5eedc8afd3') in 0.104722 seconds 
========================================================================
Received Import Request.
  Time since last request: 0.000023 seconds.
  path: Assets/Blockout/Models/Rock_Med_T1_2x4x2.fbx
  artifactKey: Guid(4ccbcba4ff280184a8791e095508ac01) Importer(815301076,1909f56bfc062723c751e8b465ee728b)
Start importing Assets/Blockout/Models/Rock_Med_T1_2x4x2.fbx using Guid(4ccbcba4ff280184a8791e095508ac01) Importer(815301076,1909f56bfc062723c751e8b465ee728b)  -> (artifact id: 'c2d155b7ef24c53216186d5b8c727fdb') in 0.025607 seconds 
========================================================================
Received Import Request.
  Time since last request: 0.000045 seconds.
  path: Assets/Blockout/Models/Slope_Bend_2x1x2.fbx
  artifactKey: Guid(518cbe45135d6754c987b5db35334319) Importer(815301076,1909f56bfc062723c751e8b465ee728b)
Start importing Assets/Blockout/Models/Slope_Bend_2x1x2.fbx using Guid(518cbe45135d6754c987b5db35334319) Importer(815301076,1909f56bfc062723c751e8b465ee728b)  -> (artifact id: 'a7de5d14dd57e464f4343564d7dc77fc') in 0.036406 seconds 
========================================================================
Received Import Request.
  Time since last request: 0.000025 seconds.
  path: Assets/Blockout/Models/Rock_large_T1_6x8x6.fbx
  artifactKey: Guid(2d4bec5adb6ae854785fd747b0c18b7b) Importer(815301076,1909f56bfc062723c751e8b465ee728b)
Start importing Assets/Blockout/Models/Rock_large_T1_6x8x6.fbx using Guid(2d4bec5adb6ae854785fd747b0c18b7b) Importer(815301076,1909f56bfc062723c751e8b465ee728b)  -> (artifact id: 'cdf9ee0969de4dafc3b289a533617154') in 0.026586 seconds 
========================================================================
Received Import Request.
  Time since last request: 0.000018 seconds.
  path: Assets/Blockout/Models/Rock_Small_T1_1x2x1.fbx
  artifactKey: Guid(ccc93210d60179f40ac2bf83e0d8b0e3) Importer(815301076,1909f56bfc062723c751e8b465ee728b)
Start importing Assets/Blockout/Models/Rock_Small_T1_1x2x1.fbx using Guid(ccc93210d60179f40ac2bf83e0d8b0e3) Importer(815301076,1909f56bfc062723c751e8b465ee728b)  -> (artifact id: '29cb1e8d91099745cbc4564c5989eeeb') in 0.018390 seconds 
========================================================================
Received Import Request.
  Time since last request: 0.000023 seconds.
  path: Assets/Blockout/Models/Rock_large_T2_6x8x6.fbx
  artifactKey: Guid(9219ccfa40f108343bc0036d36b0d82d) Importer(815301076,1909f56bfc062723c751e8b465ee728b)
Start importing Assets/Blockout/Models/Rock_large_T2_6x8x6.fbx using Guid(9219ccfa40f108343bc0036d36b0d82d) Importer(815301076,1909f56bfc062723c751e8b465ee728b)  -> (artifact id: 'e8cccf9056d703ffb46bee53e5913362') in 0.019788 seconds 
========================================================================
Received Import Request.
  Time since last request: 0.000028 seconds.
  path: Assets/Blockout/Models/Slope_2x2x4.fbx
  artifactKey: Guid(4bfe1eef864e62f4a91cf017cfe449db) Importer(815301076,1909f56bfc062723c751e8b465ee728b)
Start importing Assets/Blockout/Models/Slope_2x2x4.fbx using Guid(4bfe1eef864e62f4a91cf017cfe449db) Importer(815301076,1909f56bfc062723c751e8b465ee728b)  -> (artifact id: 'a6e2522f5bb37822d7e1e323e20e5bae') in 0.016620 seconds 
========================================================================
Received Import Request.
  Time since last request: 0.000021 seconds.
  path: Assets/Blockout/Models/Stairs_Box_2x2x4.fbx
  artifactKey: Guid(6bf2f2e77c79a3b43847173dfc552933) Importer(815301076,1909f56bfc062723c751e8b465ee728b)
Start importing Assets/Blockout/Models/Stairs_Box_2x2x4.fbx using Guid(6bf2f2e77c79a3b43847173dfc552933) Importer(815301076,1909f56bfc062723c751e8b465ee728b)  -> (artifact id: 'f919affc7d49d8c4539a4d271d8a9dca') in 0.017797 seconds 
========================================================================
Received Import Request.
  Time since last request: 0.000023 seconds.
  path: Assets/Blockout/Models/Rock_Flatbottom_Small_T2_2x2x2.fbx
  artifactKey: Guid(9c7c2c0a2c5f8f64c8071a69636460cc) Importer(815301076,1909f56bfc062723c751e8b465ee728b)
Start importing Assets/Blockout/Models/Rock_Flatbottom_Small_T2_2x2x2.fbx using Guid(9c7c2c0a2c5f8f64c8071a69636460cc) Importer(815301076,1909f56bfc062723c751e8b465ee728b)  -> (artifact id: '88b34c3a16b404e1cd9a6d8e5c0d6f72') in 0.019468 seconds 
========================================================================
Received Import Request.
  Time since last request: 0.000023 seconds.
  path: Assets/Blockout/Models/Rock_Flatbottom_Small_T3_2x2x2.fbx
  artifactKey: Guid(2828d4ba308cdd44aba4fa2603b529f8) Importer(815301076,1909f56bfc062723c751e8b465ee728b)
Start importing Assets/Blockout/Models/Rock_Flatbottom_Small_T3_2x2x2.fbx using Guid(2828d4ba308cdd44aba4fa2603b529f8) Importer(815301076,1909f56bfc062723c751e8b465ee728b)  -> (artifact id: 'af07979a97276f9987607b7c8a690397') in 0.018143 seconds 
========================================================================
Received Import Request.
  Time since last request: 0.000024 seconds.
  path: Assets/Blockout/Models/Rock_large_T1_4x6x4.fbx
  artifactKey: Guid(dd4a24fbf7258ad4d848579583db68c0) Importer(815301076,1909f56bfc062723c751e8b465ee728b)
Start importing Assets/Blockout/Models/Rock_large_T1_4x6x4.fbx using Guid(dd4a24fbf7258ad4d848579583db68c0) Importer(815301076,1909f56bfc062723c751e8b465ee728b)  -> (artifact id: 'c1388e2c4a3004b3b111342017a13356') in 0.019205 seconds 
========================================================================
Received Import Request.
  Time since last request: 0.000031 seconds.
  path: Assets/Blockout/Models/Stairs_Box_2x1x2.fbx
  artifactKey: Guid(6709b0981d364804a92ac3f181f49426) Importer(815301076,1909f56bfc062723c751e8b465ee728b)
Start importing Assets/Blockout/Models/Stairs_Box_2x1x2.fbx using Guid(6709b0981d364804a92ac3f181f49426) Importer(815301076,1909f56bfc062723c751e8b465ee728b)  -> (artifact id: '69f032bdf2821e350c8d045051134d66') in 0.016615 seconds 
========================================================================
Received Import Request.
  Time since last request: 0.000037 seconds.
  path: Assets/Blockout/Models/Rock_Small_T3_1x2x1.fbx
  artifactKey: Guid(e45fba57ec7a9aa4eaadda088a274bb5) Importer(815301076,1909f56bfc062723c751e8b465ee728b)
Start importing Assets/Blockout/Models/Rock_Small_T3_1x2x1.fbx using Guid(e45fba57ec7a9aa4eaadda088a274bb5) Importer(815301076,1909f56bfc062723c751e8b465ee728b)  -> (artifact id: '4cd59cb70f19707b39862f253a4c1ed2') in 0.019733 seconds 
========================================================================
Received Import Request.
  Time since last request: 0.000022 seconds.
  path: Assets/Blockout/Models/Rock_Small_T2_1x2x1.fbx
  artifactKey: Guid(0ac43283b4d3de945a4fa603408c6d22) Importer(815301076,1909f56bfc062723c751e8b465ee728b)
Start importing Assets/Blockout/Models/Rock_Small_T2_1x2x1.fbx using Guid(0ac43283b4d3de945a4fa603408c6d22) Importer(815301076,1909f56bfc062723c751e8b465ee728b)  -> (artifact id: '33c8fe3055173aeec3150b24766e5f62') in 0.028430 seconds 
========================================================================
Received Import Request.
  Time since last request: 0.000028 seconds.
  path: Assets/Blockout/Models/SM_Hill_1.FBX
  artifactKey: Guid(4a249da578793c84aafc1f3bcc5aa26b) Importer(815301076,1909f56bfc062723c751e8b465ee728b)
Start importing Assets/Blockout/Models/SM_Hill_1.FBX using Guid(4a249da578793c84aafc1f3bcc5aa26b) Importer(815301076,1909f56bfc062723c751e8b465ee728b)  -> (artifact id: '3e61e59ee0a7fca3b61fb5d87e5474a0') in 0.020741 seconds 
========================================================================
Received Import Request.
  Time since last request: 0.000033 seconds.
  path: Assets/Blockout/Models/Rock_large_T2_4x6x04.fbx
  artifactKey: Guid(40fa49cbc49296047bcb4dd1bc65791d) Importer(815301076,1909f56bfc062723c751e8b465ee728b)
Start importing Assets/Blockout/Models/Rock_large_T2_4x6x04.fbx using Guid(40fa49cbc49296047bcb4dd1bc65791d) Importer(815301076,1909f56bfc062723c751e8b465ee728b)  -> (artifact id: '1cf3064341d17e05d15a7da4541b0f4e') in 0.018660 seconds 
========================================================================
Received Import Request.
  Time since last request: 0.170604 seconds.
  path: Assets/Blockout/Models/Stairs_Closed_2x2x4.fbx
  artifactKey: Guid(d55376eda56c02140a523f4e745a5ccf) Importer(815301076,1909f56bfc062723c751e8b465ee728b)
Start importing Assets/Blockout/Models/Stairs_Closed_2x2x4.fbx using Guid(d55376eda56c02140a523f4e745a5ccf) Importer(815301076,1909f56bfc062723c751e8b465ee728b)  -> (artifact id: 'f4b1fb4b86976e0c4521be4527053d77') in 0.016745 seconds 
========================================================================
Received Import Request.
  Time since last request: 0.000021 seconds.
  path: Assets/Blockout/Models/Stairs_Small_Corner1_1x025x1.fbx
  artifactKey: Guid(c8b3e9bd7a7a2c946b8f39e780a9643c) Importer(815301076,1909f56bfc062723c751e8b465ee728b)
Start importing Assets/Blockout/Models/Stairs_Small_Corner1_1x025x1.fbx using Guid(c8b3e9bd7a7a2c946b8f39e780a9643c) Importer(815301076,1909f56bfc062723c751e8b465ee728b)  -> (artifact id: '6975838ed7fa178869ce778c495ffe98') in 0.017902 seconds 
========================================================================
Received Import Request.
  Time since last request: 0.000021 seconds.
  path: Assets/Blockout/Models/Stairs_Open_2x1x2.fbx
  artifactKey: Guid(23921f33d1855b34a9f8af31b41f7a3a) Importer(815301076,1909f56bfc062723c751e8b465ee728b)
Start importing Assets/Blockout/Models/Stairs_Open_2x1x2.fbx using Guid(23921f33d1855b34a9f8af31b41f7a3a) Importer(815301076,1909f56bfc062723c751e8b465ee728b)  -> (artifact id: '2e39a4198565592d6dbb32ef3b344368') in 0.019563 seconds 
========================================================================
Received Import Request.
  Time since last request: 0.000021 seconds.
  path: Assets/Blockout/Models/Stairs_Small_Corner2_1x025x1.fbx
  artifactKey: Guid(f8c3ce3f3fece0940b563d6ab70ab5ff) Importer(815301076,1909f56bfc062723c751e8b465ee728b)
Start importing Assets/Blockout/Models/Stairs_Small_Corner2_1x025x1.fbx using Guid(f8c3ce3f3fece0940b563d6ab70ab5ff) Importer(815301076,1909f56bfc062723c751e8b465ee728b)  -> (artifact id: '8613ccc819470b26f9b05b8a342c2bf1') in 0.016748 seconds 
========================================================================
Received Import Request.
  Time since last request: 0.000021 seconds.
  path: Assets/Blockout/Models/Tube_Hole_Large_8x8x8.fbx
  artifactKey: Guid(20e49fcde7efb984ba25f84469d81253) Importer(815301076,1909f56bfc062723c751e8b465ee728b)
Start importing Assets/Blockout/Models/Tube_Hole_Large_8x8x8.fbx using Guid(20e49fcde7efb984ba25f84469d81253) Importer(815301076,1909f56bfc062723c751e8b465ee728b)  -> (artifact id: 'd11c8b248a96683891bfbab164b8cbbe') in 0.019606 seconds 
========================================================================
Received Import Request.
  Time since last request: 0.000025 seconds.
  path: Assets/Blockout/Models/Tube_8x8x4.fbx
  artifactKey: Guid(44352301493778a409646aea1e1bffe0) Importer(815301076,1909f56bfc062723c751e8b465ee728b)
Start importing Assets/Blockout/Models/Tube_8x8x4.fbx using Guid(44352301493778a409646aea1e1bffe0) Importer(815301076,1909f56bfc062723c751e8b465ee728b)  -> (artifact id: '47d9938a5408e06be3d1e4cbcb697448') in 0.019473 seconds 
========================================================================
Received Import Request.
  Time since last request: 0.000030 seconds.
  path: Assets/Blockout/Models/Tube_Bend_10x8x10.fbx
  artifactKey: Guid(feffc67e82694f5469a7b9dd02abeb66) Importer(815301076,1909f56bfc062723c751e8b465ee728b)
Start importing Assets/Blockout/Models/Tube_Bend_10x8x10.fbx using Guid(feffc67e82694f5469a7b9dd02abeb66) Importer(815301076,1909f56bfc062723c751e8b465ee728b)  -> (artifact id: '53e5b7bb2eea9ab2c3a1265b2142726b') in 0.019766 seconds 
========================================================================
Received Import Request.
  Time since last request: 0.000028 seconds.
  path: Assets/Blockout/Models/Vines_Med.fbx
  artifactKey: Guid(eb3cc7a9486a88d45ab81b0774fb9f7d) Importer(815301076,1909f56bfc062723c751e8b465ee728b)
Start importing Assets/Blockout/Models/Vines_Med.fbx using Guid(eb3cc7a9486a88d45ab81b0774fb9f7d) Importer(815301076,1909f56bfc062723c751e8b465ee728b)  -> (artifact id: '2721690176890a0ca949d712b4b841d2') in 0.018515 seconds 
========================================================================
Received Import Request.
  Time since last request: 0.000023 seconds.
  path: Assets/Blockout/Models/Tube_Hole_Large_8x8x12.fbx
  artifactKey: Guid(81e03465a9ed51a4db866463ae35cc34) Importer(815301076,1909f56bfc062723c751e8b465ee728b)
Start importing Assets/Blockout/Models/Tube_Hole_Large_8x8x12.fbx using Guid(81e03465a9ed51a4db866463ae35cc34) Importer(815301076,1909f56bfc062723c751e8b465ee728b)  -> (artifact id: '2a20601f33e75290679c8e13fd325f81') in 0.018678 seconds 
========================================================================
Received Import Request.
  Time since last request: 0.000024 seconds.
  path: Assets/Blockout/Models/Tube_90_Corner_10x8x10.fbx
  artifactKey: Guid(1d311159a42400045957efc39a16ef88) Importer(815301076,1909f56bfc062723c751e8b465ee728b)
Start importing Assets/Blockout/Models/Tube_90_Corner_10x8x10.fbx using Guid(1d311159a42400045957efc39a16ef88) Importer(815301076,1909f56bfc062723c751e8b465ee728b)  -> (artifact id: '2a8bb9350e472f0ff04ca4376a3d56d3') in 0.018188 seconds 
========================================================================
Received Import Request.
  Time since last request: 0.000031 seconds.
  path: Assets/Blockout/Models/Vines_Solo.fbx
  artifactKey: Guid(9780ddcf2a2404b43bd745bc317558db) Importer(815301076,1909f56bfc062723c751e8b465ee728b)
Start importing Assets/Blockout/Models/Vines_Solo.fbx using Guid(9780ddcf2a2404b43bd745bc317558db) Importer(815301076,1909f56bfc062723c751e8b465ee728b)  -> (artifact id: 'fb07b78a50a137869e9533c8d7562e4f') in 0.018086 seconds 
========================================================================
Received Import Request.
  Time since last request: 0.000028 seconds.
  path: Assets/Blockout/Models/Stairs_Open_2x2x4.fbx
  artifactKey: Guid(5aceb0272691e0c4cb5f6fb64c3142cf) Importer(815301076,1909f56bfc062723c751e8b465ee728b)
Start importing Assets/Blockout/Models/Stairs_Open_2x2x4.fbx using Guid(5aceb0272691e0c4cb5f6fb64c3142cf) Importer(815301076,1909f56bfc062723c751e8b465ee728b)  -> (artifact id: 'e6fc2ecd8bc8851429f610920add0307') in 0.019419 seconds 
========================================================================
Received Import Request.
  Time since last request: 0.000027 seconds.
  path: Assets/Blockout/Models/Stairs_Small_Corner1_2x05x2.fbx
  artifactKey: Guid(76bf6e27269bc074885015d4428ba378) Importer(815301076,1909f56bfc062723c751e8b465ee728b)
Start importing Assets/Blockout/Models/Stairs_Small_Corner1_2x05x2.fbx using Guid(76bf6e27269bc074885015d4428ba378) Importer(815301076,1909f56bfc062723c751e8b465ee728b)  -> (artifact id: 'b084dddd208f94aba83f32aa9f855cba') in 0.018278 seconds 
========================================================================
Received Import Request.
  Time since last request: 0.000035 seconds.
  path: Assets/Blockout/Models/Stairs_Spiral_Open_T2.fbx
  artifactKey: Guid(899ce09078e8c9b47aa1b9915cd0778a) Importer(815301076,1909f56bfc062723c751e8b465ee728b)
Start importing Assets/Blockout/Models/Stairs_Spiral_Open_T2.fbx using Guid(899ce09078e8c9b47aa1b9915cd0778a) Importer(815301076,1909f56bfc062723c751e8b465ee728b)  -> (artifact id: 'ad5ce24931fe317394f7b5d769dd52da') in 0.019278 seconds 
========================================================================
Received Import Request.
  Time since last request: 0.000043 seconds.
  path: Assets/Blockout/Models/Tube_8x8x8.fbx
  artifactKey: Guid(32825bb0daa84084da6929efea210f40) Importer(815301076,1909f56bfc062723c751e8b465ee728b)
Start importing Assets/Blockout/Models/Tube_8x8x8.fbx using Guid(32825bb0daa84084da6929efea210f40) Importer(815301076,1909f56bfc062723c751e8b465ee728b)  -> (artifact id: '6ab5f0f234841918a45eff7dc6d31340') in 0.019722 seconds 
========================================================================
Received Import Request.
  Time since last request: 0.000037 seconds.
  path: Assets/Blockout/Models/Tube_Half_8x4x8.fbx
  artifactKey: Guid(aaf97683a7ea66e4997e0b476f05bc82) Importer(815301076,1909f56bfc062723c751e8b465ee728b)
Start importing Assets/Blockout/Models/Tube_Half_8x4x8.fbx using Guid(aaf97683a7ea66e4997e0b476f05bc82) Importer(815301076,1909f56bfc062723c751e8b465ee728b)  -> (artifact id: 'f414724f48ff65a24ada6c82d080cd8e') in 0.019743 seconds 
========================================================================
Received Import Request.
  Time since last request: 0.000024 seconds.
  path: Assets/Blockout/Models/Vines_Large.fbx
  artifactKey: Guid(85df32ed4e6e82946ba3db1a7230f8ab) Importer(815301076,1909f56bfc062723c751e8b465ee728b)
Start importing Assets/Blockout/Models/Vines_Large.fbx using Guid(85df32ed4e6e82946ba3db1a7230f8ab) Importer(815301076,1909f56bfc062723c751e8b465ee728b)  -> (artifact id: '2a8a8064d6d9cbf39ce1537d40d474b3') in 0.018447 seconds 
========================================================================
Received Import Request.
  Time since last request: 0.000035 seconds.
  path: Assets/Blockout/Models/Tube_Quater_4x4x005.fbx
  artifactKey: Guid(c0f08a1c3ddf7a2428c5d121b8035c3d) Importer(815301076,1909f56bfc062723c751e8b465ee728b)
Start importing Assets/Blockout/Models/Tube_Quater_4x4x005.fbx using Guid(c0f08a1c3ddf7a2428c5d121b8035c3d) Importer(815301076,1909f56bfc062723c751e8b465ee728b)  -> (artifact id: 'e25acfd5c99f689f24801646b39e9c83') in 0.019115 seconds 
========================================================================
Received Import Request.
  Time since last request: 19.881681 seconds.
  path: Assets/Blockout/Models/Tri_Models/Tri_Wall.fbx
  artifactKey: Guid(ce324065b8c2bab40a56a92a4b15f1d7) Importer(815301076,1909f56bfc062723c751e8b465ee728b)
Start importing Assets/Blockout/Models/Tri_Models/Tri_Wall.fbx using Guid(ce324065b8c2bab40a56a92a4b15f1d7) Importer(815301076,1909f56bfc062723c751e8b465ee728b)  -> (artifact id: '7428210858dc555c7423f4ebf9906136') in 0.022195 seconds 
========================================================================
Received Import Request.
  Time since last request: 4.417050 seconds.
  path: Assets/Blockout/Models/Walls/Wall_025x1x3.fbx
  artifactKey: Guid(2d4584f1c9264ce4a896b0a71a99bcb3) Importer(815301076,1909f56bfc062723c751e8b465ee728b)
Start importing Assets/Blockout/Models/Walls/Wall_025x1x3.fbx using Guid(2d4584f1c9264ce4a896b0a71a99bcb3) Importer(815301076,1909f56bfc062723c751e8b465ee728b)  -> (artifact id: '7efc899c2d7f2d92b0e35b8b6975bb44') in 0.022937 seconds 
========================================================================
Received Import Request.
  Time since last request: 0.000029 seconds.
  path: Assets/Blockout/Models/Walls/Wall_Destroyed_Hole_025x3x4.fbx
  artifactKey: Guid(0897bedc980672b40a72cd14a65185b1) Importer(815301076,1909f56bfc062723c751e8b465ee728b)
Start importing Assets/Blockout/Models/Walls/Wall_Destroyed_Hole_025x3x4.fbx using Guid(0897bedc980672b40a72cd14a65185b1) Importer(815301076,1909f56bfc062723c751e8b465ee728b)  -> (artifact id: 'efb9752fc43bdb2af49cc4733c2cd04f') in 0.043214 seconds 
========================================================================
Received Import Request.
  Time since last request: 0.000030 seconds.
  path: Assets/Blockout/Models/Walls/Wall_025x3x4.fbx
  artifactKey: Guid(dc0f75b179454f048a36a5dab11b2ee9) Importer(815301076,1909f56bfc062723c751e8b465ee728b)
Start importing Assets/Blockout/Models/Walls/Wall_025x3x4.fbx using Guid(dc0f75b179454f048a36a5dab11b2ee9) Importer(815301076,1909f56bfc062723c751e8b465ee728b)  -> (artifact id: 'd37741f970f926cdd9b8fb82e654c952') in 0.036902 seconds 
========================================================================
Received Import Request.
  Time since last request: 0.000028 seconds.
  path: Assets/Blockout/Models/Walls/Wall_Destoryed_End_T2_025x3x1.fbx
  artifactKey: Guid(47260a326fc48f34f83e40d07cee389c) Importer(815301076,1909f56bfc062723c751e8b465ee728b)
Start importing Assets/Blockout/Models/Walls/Wall_Destoryed_End_T2_025x3x1.fbx using Guid(47260a326fc48f34f83e40d07cee389c) Importer(815301076,1909f56bfc062723c751e8b465ee728b)  -> (artifact id: 'ac6339d82fcf69bb636439aff49bd0a4') in 0.038136 seconds 
========================================================================
Received Import Request.
  Time since last request: 0.000028 seconds.
  path: Assets/Blockout/Models/Walls/Wall_025x2x1.fbx
  artifactKey: Guid(ac76f444be86d6b4581989925568761d) Importer(815301076,1909f56bfc062723c751e8b465ee728b)
Start importing Assets/Blockout/Models/Walls/Wall_025x2x1.fbx using Guid(ac76f444be86d6b4581989925568761d) Importer(815301076,1909f56bfc062723c751e8b465ee728b)  -> (artifact id: '353dcb497fa78b1fc1d9056abafc6e3b') in 0.054052 seconds 
========================================================================
Received Import Request.
  Time since last request: 0.000021 seconds.
  path: Assets/Blockout/Models/Walls/Wall_Window_T2_025x3x1.fbx
  artifactKey: Guid(e13e5afb9ceb04d42a4c2a312bac501b) Importer(815301076,1909f56bfc062723c751e8b465ee728b)
Start importing Assets/Blockout/Models/Walls/Wall_Window_T2_025x3x1.fbx using Guid(e13e5afb9ceb04d42a4c2a312bac501b) Importer(815301076,1909f56bfc062723c751e8b465ee728b)  -> (artifact id: '815818c5d66a688274974bd769233a27') in 0.019736 seconds 
========================================================================
Received Import Request.
  Time since last request: 0.000025 seconds.
  path: Assets/Blockout/Models/Walls/Wall_Bend_025x3x3.FBX
  artifactKey: Guid(cbb33598b6cfdf34293a1edce71c917b) Importer(815301076,1909f56bfc062723c751e8b465ee728b)
Start importing Assets/Blockout/Models/Walls/Wall_Bend_025x3x3.FBX using Guid(cbb33598b6cfdf34293a1edce71c917b) Importer(815301076,1909f56bfc062723c751e8b465ee728b)  -> (artifact id: '0eb36615ad57f7fd83626ad60cebf373') in 0.019304 seconds 
========================================================================
Received Import Request.
  Time since last request: 0.000027 seconds.
  path: Assets/Blockout/Models/Walls/Wall_025x3x5.fbx
  artifactKey: Guid(3961bbd7fea08d645887f75a447e1628) Importer(815301076,1909f56bfc062723c751e8b465ee728b)
Start importing Assets/Blockout/Models/Walls/Wall_025x3x5.fbx using Guid(3961bbd7fea08d645887f75a447e1628) Importer(815301076,1909f56bfc062723c751e8b465ee728b)  -> (artifact id: '72176a290c46f3764ec48c0dc834ee67') in 0.018239 seconds 
========================================================================
Received Import Request.
  Time since last request: 0.000029 seconds.
  path: Assets/Blockout/Models/Walls/Wall_Window_T1_025x3x3.fbx
  artifactKey: Guid(78f4d1a337586054582f9c9e1b151589) Importer(815301076,1909f56bfc062723c751e8b465ee728b)
Start importing Assets/Blockout/Models/Walls/Wall_Window_T1_025x3x3.fbx using Guid(78f4d1a337586054582f9c9e1b151589) Importer(815301076,1909f56bfc062723c751e8b465ee728b)  -> (artifact id: 'b75f37b9ed97f77a4fcc35882b6e5c54') in 0.019030 seconds 
========================================================================
Received Import Request.
  Time since last request: 0.000030 seconds.
  path: Assets/Blockout/Models/Walls/Wall_Bend_025x025x3.fbx
  artifactKey: Guid(d17fa3a2cf1760f4299f79619c0d3889) Importer(815301076,1909f56bfc062723c751e8b465ee728b)
Start importing Assets/Blockout/Models/Walls/Wall_Bend_025x025x3.fbx using Guid(d17fa3a2cf1760f4299f79619c0d3889) Importer(815301076,1909f56bfc062723c751e8b465ee728b)  -> (artifact id: 'c1ff561a8bb958a4b2cb3a4c10f2ab1e') in 0.019795 seconds 
========================================================================
Received Import Request.
  Time since last request: 0.000037 seconds.
  path: Assets/Blockout/Models/Walls/Wall_Bend_025x025x2.fbx
  artifactKey: Guid(3ab47a58d4063e14dadbbbee4e0deffd) Importer(815301076,1909f56bfc062723c751e8b465ee728b)
Start importing Assets/Blockout/Models/Walls/Wall_Bend_025x025x2.fbx using Guid(3ab47a58d4063e14dadbbbee4e0deffd) Importer(815301076,1909f56bfc062723c751e8b465ee728b)  -> (artifact id: 'f59f1fe2a9acc115a6f994814e6371b1') in 0.018868 seconds 
========================================================================
Received Import Request.
  Time since last request: 0.000032 seconds.
  path: Assets/Blockout/Models/Walls/Wall_Side_Destroyed_T2_025x1x1.fbx
  artifactKey: Guid(c825b8b61e785324fb30a749e03b70e3) Importer(815301076,1909f56bfc062723c751e8b465ee728b)
Start importing Assets/Blockout/Models/Walls/Wall_Side_Destroyed_T2_025x1x1.fbx using Guid(c825b8b61e785324fb30a749e03b70e3) Importer(815301076,1909f56bfc062723c751e8b465ee728b)  -> (artifact id: 'dfd3fd0e6bf4433209e770c6195b811d') in 0.019613 seconds 
========================================================================
Received Import Request.
  Time since last request: 0.000026 seconds.
  path: Assets/Blockout/Models/Walls/Wall_Destroyed_Hole_025x3x2.fbx
  artifactKey: Guid(d9180eeb51cca454895c7eb980271242) Importer(815301076,1909f56bfc062723c751e8b465ee728b)
Start importing Assets/Blockout/Models/Walls/Wall_Destroyed_Hole_025x3x2.fbx using Guid(d9180eeb51cca454895c7eb980271242) Importer(815301076,1909f56bfc062723c751e8b465ee728b)  -> (artifact id: '829f23b549ad6db0029622b3c61ea2ba') in 0.021258 seconds 
========================================================================
Received Import Request.
  Time since last request: 0.000027 seconds.
  path: Assets/Blockout/Models/Walls/Wall_Destroyed_Door_Hole_025x3x3.fbx
  artifactKey: Guid(494294885b49ebf40a3755cde07dfd3e) Importer(815301076,1909f56bfc062723c751e8b465ee728b)
Start importing Assets/Blockout/Models/Walls/Wall_Destroyed_Door_Hole_025x3x3.fbx using Guid(494294885b49ebf40a3755cde07dfd3e) Importer(815301076,1909f56bfc062723c751e8b465ee728b)  -> (artifact id: '6aadff9b954e8e38b6d3b495e44eb5bf') in 0.019104 seconds 
========================================================================
Received Import Request.
  Time since last request: 0.000021 seconds.
  path: Assets/Blockout/Models/Walls/Wall_Destroyed_Door_Hole_025x3x5.fbx
  artifactKey: Guid(c8af4b9046dbde44ebb8a06f46934cb2) Importer(815301076,1909f56bfc062723c751e8b465ee728b)
Start importing Assets/Blockout/Models/Walls/Wall_Destroyed_Door_Hole_025x3x5.fbx using Guid(c8af4b9046dbde44ebb8a06f46934cb2) Importer(815301076,1909f56bfc062723c751e8b465ee728b)  -> (artifact id: '7ff66aa6ff47fef2cdd730232156aa15') in 0.018932 seconds 
========================================================================
Received Import Request.
  Time since last request: 0.000022 seconds.
  path: Assets/Blockout/Models/Walls/Wall_Side_Destroyed_025x1x3.fbx
  artifactKey: Guid(a25262c0b09930448869ca8c1986ef5e) Importer(815301076,1909f56bfc062723c751e8b465ee728b)
Start importing Assets/Blockout/Models/Walls/Wall_Side_Destroyed_025x1x3.fbx using Guid(a25262c0b09930448869ca8c1986ef5e) Importer(815301076,1909f56bfc062723c751e8b465ee728b)  -> (artifact id: '200d7a96bd6e481551a3dd32fa5eaf1a') in 0.018482 seconds 
========================================================================
Received Import Request.
  Time since last request: 19.680969 seconds.
  path: Assets/Blockout/Models/Update_1/Block_05x025x1.fbx
  artifactKey: Guid(77b3469cbdc43004bb2a87e5aa60dcff) Importer(815301076,1909f56bfc062723c751e8b465ee728b)
Start importing Assets/Blockout/Models/Update_1/Block_05x025x1.fbx using Guid(77b3469cbdc43004bb2a87e5aa60dcff) Importer(815301076,1909f56bfc062723c751e8b465ee728b)  -> (artifact id: 'c75e115a28788e7c0e3853c66cede60c') in 0.024716 seconds 
========================================================================
Received Import Request.
  Time since last request: 0.000031 seconds.
  path: Assets/Blockout/Models/Update_1/Block_Corner_T1_05x025x1.fbx
  artifactKey: Guid(6d240359c626a1d478aa3446d635a78e) Importer(815301076,1909f56bfc062723c751e8b465ee728b)
Start importing Assets/Blockout/Models/Update_1/Block_Corner_T1_05x025x1.fbx using Guid(6d240359c626a1d478aa3446d635a78e) Importer(815301076,1909f56bfc062723c751e8b465ee728b)  -> (artifact id: '112ea0c9374c38a81711cb54aca9b78e') in 0.064472 seconds 
========================================================================
Received Import Request.
  Time since last request: 0.000041 seconds.
  path: Assets/Blockout/Models/Update_1/Wires_Haging_Large_4_Alt_2.fbx
  artifactKey: Guid(b69fb850fcd2f674f8e36cae1085da03) Importer(815301076,1909f56bfc062723c751e8b465ee728b)
Start importing Assets/Blockout/Models/Update_1/Wires_Haging_Large_4_Alt_2.fbx using Guid(b69fb850fcd2f674f8e36cae1085da03) Importer(815301076,1909f56bfc062723c751e8b465ee728b)  -> (artifact id: 'c0e3d71eae57416552ade5885aa0eb35') in 0.046555 seconds 
========================================================================
Received Import Request.
  Time since last request: 0.000024 seconds.
  path: Assets/Blockout/Models/Update_1/Wires_Haging_Large_5.fbx
  artifactKey: Guid(6ec5a51c7f7fb7641bc9a2d487317427) Importer(815301076,1909f56bfc062723c751e8b465ee728b)
Start importing Assets/Blockout/Models/Update_1/Wires_Haging_Large_5.fbx using Guid(6ec5a51c7f7fb7641bc9a2d487317427) Importer(815301076,1909f56bfc062723c751e8b465ee728b)  -> (artifact id: 'ce6b2c5db716d0a9391aae98d2f89e12') in 0.034252 seconds 
========================================================================
Received Import Request.
  Time since last request: 0.000025 seconds.
  path: Assets/Blockout/Models/Update_1/Block_Wall_Pillar_T4_1x025x1.fbx
  artifactKey: Guid(d09e69e505e20e149a603ef9257028d1) Importer(815301076,1909f56bfc062723c751e8b465ee728b)
Start importing Assets/Blockout/Models/Update_1/Block_Wall_Pillar_T4_1x025x1.fbx using Guid(d09e69e505e20e149a603ef9257028d1) Importer(815301076,1909f56bfc062723c751e8b465ee728b)  -> (artifact id: '63c533098529233c232405a9c4776cf2') in 0.067245 seconds 
========================================================================
Received Import Request.
  Time since last request: 0.000024 seconds.
  path: Assets/Blockout/Models/Update_1/Wires_Haging_Large_5_Alt_1.fbx
  artifactKey: Guid(9c7bdee025d737145a2fb91649288aad) Importer(815301076,1909f56bfc062723c751e8b465ee728b)
Start importing Assets/Blockout/Models/Update_1/Wires_Haging_Large_5_Alt_1.fbx using Guid(9c7bdee025d737145a2fb91649288aad) Importer(815301076,1909f56bfc062723c751e8b465ee728b)  -> (artifact id: '16d3a96a9e2654d1bf306a4f9d53a485') in 0.018923 seconds 
========================================================================
Received Import Request.
  Time since last request: 0.000026 seconds.
  path: Assets/Blockout/Models/Update_1/Wires_Haging_Large_1.fbx
  artifactKey: Guid(5d92fc85e49a16141bab89fbf3d54b8b) Importer(815301076,1909f56bfc062723c751e8b465ee728b)
Start importing Assets/Blockout/Models/Update_1/Wires_Haging_Large_1.fbx using Guid(5d92fc85e49a16141bab89fbf3d54b8b) Importer(815301076,1909f56bfc062723c751e8b465ee728b)  -> (artifact id: '8552d3540c909611006b21ae5383d64d') in 0.019687 seconds 
========================================================================
Received Import Request.
  Time since last request: 0.000031 seconds.
  path: Assets/Blockout/Models/Update_1/Fence_Basic_1_Destroyed_1.fbx
  artifactKey: Guid(fbf71d06df6b6294795fcafb66186fea) Importer(815301076,1909f56bfc062723c751e8b465ee728b)
Start importing Assets/Blockout/Models/Update_1/Fence_Basic_1_Destroyed_1.fbx using Guid(fbf71d06df6b6294795fcafb66186fea) Importer(815301076,1909f56bfc062723c751e8b465ee728b)  -> (artifact id: '63c146065699b1662b1673db2789ecd8') in 0.021049 seconds 
========================================================================
Received Import Request.
  Time since last request: 0.000032 seconds.
  path: Assets/Blockout/Models/Update_1/Breezeblock_Cracked_2.fbx
  artifactKey: Guid(80014e21d4964f34aa487e0e5e96a6f7) Importer(815301076,1909f56bfc062723c751e8b465ee728b)
Start importing Assets/Blockout/Models/Update_1/Breezeblock_Cracked_2.fbx using Guid(80014e21d4964f34aa487e0e5e96a6f7) Importer(815301076,1909f56bfc062723c751e8b465ee728b)  -> (artifact id: 'dc205402e93af4ac4921f66c446ee75e') in 0.019412 seconds 
========================================================================
Received Import Request.
  Time since last request: 0.000024 seconds.
  path: Assets/Blockout/Models/Update_1/Block_Corner_T4_1x025x1.fbx
  artifactKey: Guid(11512dfb040f4c44999ecb03c307f257) Importer(815301076,1909f56bfc062723c751e8b465ee728b)
Start importing Assets/Blockout/Models/Update_1/Block_Corner_T4_1x025x1.fbx using Guid(11512dfb040f4c44999ecb03c307f257) Importer(815301076,1909f56bfc062723c751e8b465ee728b)  -> (artifact id: '6cec51dd0d8006181c1d5d1545de2a0a') in 0.020508 seconds 
========================================================================
Received Import Request.
  Time since last request: 0.000032 seconds.
  path: Assets/Blockout/Models/Update_1/Wires_Haging_Large_4.fbx
  artifactKey: Guid(7c4c327a4564c58489de471d9dbb3799) Importer(815301076,1909f56bfc062723c751e8b465ee728b)
Start importing Assets/Blockout/Models/Update_1/Wires_Haging_Large_4.fbx using Guid(7c4c327a4564c58489de471d9dbb3799) Importer(815301076,1909f56bfc062723c751e8b465ee728b)  -> (artifact id: 'c2c35925f809bd1afd638fd0ba071c73') in 0.018743 seconds 
========================================================================
Received Prepare
Registering precompiled user dll's ...
Registered in 0.007115 seconds.
Begin MonoManager ReloadAssembly
Symbol file LoadedFromMemory doesn't match image C:\Users\FSK8475\Documents\GitHub\dance-24-7\Dance 24-7\Library\PackageCache\com.unity.visualscripting@1.7.6\Editor\VisualScripting.Core\Dependencies\YamlDotNet\Unity.VisualScripting.YamlDotNet.dll
Symbol file LoadedFromMemory doesn't match image C:\Users\FSK8475\Documents\GitHub\dance-24-7\Dance 24-7\Library\PackageCache\com.unity.visualscripting@1.7.6\Editor\VisualScripting.Core\Dependencies\DotNetZip\Unity.VisualScripting.IonicZip.dll
Native extension for WindowsStandalone target not found
Native extension for WebGL target not found
Refreshing native plugins compatible for Editor in 0.87 ms, found 3 plugins.
Preloading 0 native plugins for Editor in 0.00 ms.
Mono: successfully reloaded assembly
- Completed reload, in  1.092 seconds
Domain Reload Profiling:
	ReloadAssembly (1093ms)
		BeginReloadAssembly (142ms)
			ExecutionOrderSort (0ms)
			DisableScriptedObjects (5ms)
			BackupInstance (0ms)
			ReleaseScriptingObjects (0ms)
			CreateAndSetChildDomain (38ms)
		EndReloadAssembly (848ms)
			LoadAssemblies (98ms)
			RebuildTransferFunctionScriptingTraits (0ms)
			SetupTypeCache (268ms)
			ReleaseScriptCaches (1ms)
			RebuildScriptCaches (46ms)
			SetupLoadedEditorAssemblies (395ms)
				LogAssemblyErrors (0ms)
				InitializePlatformSupportModulesInManaged (16ms)
				SetLoadedEditorAssemblies (1ms)
				RefreshPlugins (1ms)
				BeforeProcessingInitializeOnLoad (79ms)
				ProcessInitializeOnLoadAttributes (255ms)
				ProcessInitializeOnLoadMethodAttributes (33ms)
				AfterProcessingInitializeOnLoad (9ms)
				EditorAssembliesLoaded (0ms)
			ExecutionOrderSort2 (0ms)
			AwakeInstancesAfterBackupRestoration (7ms)
Platform modules already initialized, skipping
Refreshing native plugins compatible for Editor in 2.86 ms, found 3 plugins.
Preloading 0 native plugins for Editor in 0.00 ms.
Unloading 3561 Unused Serialized files (Serialized files now loaded: 0)
Unloading 21 unused Assets / (152.7 KB). Loaded Objects now: 4162.
Memory consumption went from 146.6 MB to 146.5 MB.
Total: 3.826200 ms (FindLiveObjects: 0.332500 ms CreateObjectMapping: 0.119200 ms MarkObjects: 3.229200 ms  DeleteObjects: 0.143400 ms)

AssetImportParameters requested are different than current active one (requested -> active):
  custom:video-decoder-ogg-theora: a1e56fd34408186e4bbccfd4996cb3dc -> 
  custom:container-muxer-webm: aa71ff27fc2769a1b78a27578f13a17b -> 
  custom:container-demuxer-webm: 4f35f7cbe854078d1ac9338744f61a02 -> 
  custom:video-encoder-webm-vp8: eb34c28f22e8b96e1ab97ce403110664 -> 
  custom:audio-encoder-webm-vorbis: bf7c407c2cedff20999df2af8eb42d56 -> 
  custom:framework-win-MediaFoundation: 216162199b28c13a410421893ffa2e32 -> 
  custom:container-demuxer-ogg: 62fdf1f143b41e24485cea50d1cbac27 -> 
  custom:video-decoder-webm-vp8: 9c59270c3fd7afecdb556c50c9e8de78 -> 
  custom:audio-decoder-ogg-vorbis: bf7c407c2cedff20999df2af8eb42d56 -> 
========================================================================
Received Import Request.
  Time since last request: 121.009944 seconds.
  path: Assets/Blockout/Prefabs/Floor/Terrain Blocks/Ground_Plane_Bend_Inner_10x02x10.prefab
  artifactKey: Guid(3ba71b7739c17b84a80542f088b93c07) Importer(815301076,1909f56bfc062723c751e8b465ee728b)
Start importing Assets/Blockout/Prefabs/Floor/Terrain Blocks/Ground_Plane_Bend_Inner_10x02x10.prefab using Guid(3ba71b7739c17b84a80542f088b93c07) Importer(815301076,1909f56bfc062723c751e8b465ee728b)  -> (artifact id: '54b1e853158ce107ee1a5e226e20f6b6') in 0.074539 seconds 
========================================================================
Received Import Request.
  Time since last request: 0.000038 seconds.
  path: Assets/Blockout/Prefabs/Floor/Terrain Blocks/Ground_Plane_T1_10x02x10.prefab
  artifactKey: Guid(9a7884fc443955e4c91b97aa91177458) Importer(815301076,1909f56bfc062723c751e8b465ee728b)
Start importing Assets/Blockout/Prefabs/Floor/Terrain Blocks/Ground_Plane_T1_10x02x10.prefab using Guid(9a7884fc443955e4c91b97aa91177458) Importer(815301076,1909f56bfc062723c751e8b465ee728b)  -> (artifact id: '8e69c5ef93c66d0c6172932f98b4e96a') in 0.026180 seconds 
========================================================================
Received Import Request.
  Time since last request: 0.000022 seconds.
  path: Assets/Blockout/Prefabs/Floor/Terrain Blocks/Ground_Plane_T1_10x1x20.prefab
  artifactKey: Guid(e6bf63c19c254324cb47ea15c24077ae) Importer(815301076,1909f56bfc062723c751e8b465ee728b)
Start importing Assets/Blockout/Prefabs/Floor/Terrain Blocks/Ground_Plane_T1_10x1x20.prefab using Guid(e6bf63c19c254324cb47ea15c24077ae) Importer(815301076,1909f56bfc062723c751e8b465ee728b)  -> (artifact id: 'fa0d1b529a2a53cefa58798433ae4928') in 0.046263 seconds 
========================================================================
Received Import Request.
  Time since last request: 0.000038 seconds.
  path: Assets/Blockout/Prefabs/Floor/Terrain Blocks/Ground_Plane_T2_20x02x020.prefab
  artifactKey: Guid(d39619485e4631747bda521f24df9d4b) Importer(815301076,1909f56bfc062723c751e8b465ee728b)
Start importing Assets/Blockout/Prefabs/Floor/Terrain Blocks/Ground_Plane_T2_20x02x020.prefab using Guid(d39619485e4631747bda521f24df9d4b) Importer(815301076,1909f56bfc062723c751e8b465ee728b)  -> (artifact id: '550e4b63742c1d476e6c502e47a025c1') in 0.033969 seconds 
========================================================================
Received Import Request.
  Time since last request: 0.000033 seconds.
  path: Assets/Blockout/Prefabs/Floor/Terrain Blocks/Ground_Plane_Slope_Inner_T1_10x1x10.prefab
  artifactKey: Guid(08049645fc2957b44a9f30193a89e089) Importer(815301076,1909f56bfc062723c751e8b465ee728b)
Start importing Assets/Blockout/Prefabs/Floor/Terrain Blocks/Ground_Plane_Slope_Inner_T1_10x1x10.prefab using Guid(08049645fc2957b44a9f30193a89e089) Importer(815301076,1909f56bfc062723c751e8b465ee728b)  -> (artifact id: '0054bf9fd50c9928352dc59022f5e85f') in 0.023275 seconds 
========================================================================
Received Import Request.
  Time since last request: 0.000020 seconds.
  path: Assets/Blockout/Prefabs/Floor/Terrain Blocks/Ground_Plane_T2_10x02x10.prefab
  artifactKey: Guid(13db6b3a838233b48b1d09ae1bc93cb2) Importer(815301076,1909f56bfc062723c751e8b465ee728b)
Start importing Assets/Blockout/Prefabs/Floor/Terrain Blocks/Ground_Plane_T2_10x02x10.prefab using Guid(13db6b3a838233b48b1d09ae1bc93cb2) Importer(815301076,1909f56bfc062723c751e8b465ee728b)  -> (artifact id: '03e2ead49ae7cb76f355ec08cb14f9ed') in 0.027925 seconds 
========================================================================
Received Import Request.
  Time since last request: 0.000024 seconds.
  path: Assets/Blockout/Prefabs/Floor/Terrain Blocks/Ground_Plane_Mound_T2_10x1x10.prefab
  artifactKey: Guid(116ffcc98954b24459a741ddc55f055a) Importer(815301076,1909f56bfc062723c751e8b465ee728b)
Start importing Assets/Blockout/Prefabs/Floor/Terrain Blocks/Ground_Plane_Mound_T2_10x1x10.prefab using Guid(116ffcc98954b24459a741ddc55f055a) Importer(815301076,1909f56bfc062723c751e8b465ee728b)  -> (artifact id: '0cded83d21198c2a64d82fbc80942d0c') in 0.021826 seconds 
========================================================================
Received Import Request.
  Time since last request: 0.000022 seconds.
  path: Assets/Blockout/Prefabs/Floor/Terrain Blocks/Ground_Plane_Slope_Outer_T1_10x1x10.prefab
  artifactKey: Guid(9c05876dbdebac94d869b37db1cf03e6) Importer(815301076,1909f56bfc062723c751e8b465ee728b)
Start importing Assets/Blockout/Prefabs/Floor/Terrain Blocks/Ground_Plane_Slope_Outer_T1_10x1x10.prefab using Guid(9c05876dbdebac94d869b37db1cf03e6) Importer(815301076,1909f56bfc062723c751e8b465ee728b)  -> (artifact id: 'dc72847c101de4781db4fdf4ce12050b') in 0.026452 seconds 
========================================================================
Received Import Request.
  Time since last request: 0.000023 seconds.
  path: Assets/Blockout/Prefabs/Floor/Terrain Blocks/Ground_Plane_RockFace_T1_10x3x10.prefab
  artifactKey: Guid(48d31d00461f3334c8f8720ecfbf3673) Importer(815301076,1909f56bfc062723c751e8b465ee728b)
Start importing Assets/Blockout/Prefabs/Floor/Terrain Blocks/Ground_Plane_RockFace_T1_10x3x10.prefab using Guid(48d31d00461f3334c8f8720ecfbf3673) Importer(815301076,1909f56bfc062723c751e8b465ee728b)  -> (artifact id: '34cedb057c713471baa4420e53989132') in 0.013567 seconds 
========================================================================
Received Import Request.
  Time since last request: 0.000036 seconds.
  path: Assets/Blockout/Prefabs/Floor/Terrain Blocks/Ground_Sphere_Large_8x02x8.prefab
  artifactKey: Guid(edd6c878eab70d541a48285da889fc5c) Importer(815301076,1909f56bfc062723c751e8b465ee728b)
Start importing Assets/Blockout/Prefabs/Floor/Terrain Blocks/Ground_Sphere_Large_8x02x8.prefab using Guid(edd6c878eab70d541a48285da889fc5c) Importer(815301076,1909f56bfc062723c751e8b465ee728b)  -> (artifact id: '795814c0e6d4c3b0d0e32517963c1d34') in 0.013992 seconds 
========================================================================
Received Import Request.
  Time since last request: 0.000031 seconds.
  path: Assets/Blockout/Prefabs/Floor/Terrain Blocks/Ground_Plane_Slope_T1_10x1x10.prefab
  artifactKey: Guid(e308f51763158a0478c96c508bf577e5) Importer(815301076,1909f56bfc062723c751e8b465ee728b)
Start importing Assets/Blockout/Prefabs/Floor/Terrain Blocks/Ground_Plane_Slope_T1_10x1x10.prefab using Guid(e308f51763158a0478c96c508bf577e5) Importer(815301076,1909f56bfc062723c751e8b465ee728b)  -> (artifact id: '22d2cd337e6f494aa2e1c5d0258603b6') in 0.014122 seconds 
========================================================================
Received Import Request.
  Time since last request: 0.000028 seconds.
  path: Assets/Blockout/Prefabs/Floor/Terrain Blocks/Ground_Plane_Mound_T3_10x1x10.prefab
  artifactKey: Guid(475ac3af8002ef04c93c00ead2f5a912) Importer(815301076,1909f56bfc062723c751e8b465ee728b)
Start importing Assets/Blockout/Prefabs/Floor/Terrain Blocks/Ground_Plane_Mound_T3_10x1x10.prefab using Guid(475ac3af8002ef04c93c00ead2f5a912) Importer(815301076,1909f56bfc062723c751e8b465ee728b)  -> (artifact id: '78de7ded4cf026abf3d7503c7d1d2921') in 0.013383 seconds 
========================================================================
Received Import Request.
  Time since last request: 0.000042 seconds.
  path: Assets/Blockout/Prefabs/Floor/Terrain Blocks/Ground_Plane_RockFace_Outer_10x3x10.prefab
  artifactKey: Guid(883b8a43ad9618544bad2a13564a9c12) Importer(815301076,1909f56bfc062723c751e8b465ee728b)
Start importing Assets/Blockout/Prefabs/Floor/Terrain Blocks/Ground_Plane_RockFace_Outer_10x3x10.prefab using Guid(883b8a43ad9618544bad2a13564a9c12) Importer(815301076,1909f56bfc062723c751e8b465ee728b)  -> (artifact id: 'f7fa46ca41a21c872c82449936c305a3') in 0.012512 seconds 
Editor requested this worker to shutdown with reason: Scaling down because of idle timeout
AssetImportWorker is now disconnected from the server
Process exiting
Exiting without the bug reporter. Application will terminate with return code 0