Using pre-set license
Built from '2021.3/staging' branch; Version is '2021.3.2f1 (d6360bedb9a0) revision 14038539'; Using compiler version '192829333'; Build Type 'Release'
OS: 'Windows 10  (10.0.17763) 64bit EnterpriseS' Language: 'en' Physical Memory: 32694 MB
BatchMode: 1, IsHumanControllingUs: 0, StartBugReporterOnCrash: 0, Is64bit: 1, IsPro: 1

COMMAND LINE ARGUMENTS:
C:\Program Files\Unity\Hub\Editor\2021.3.2f1\Editor\Unity.exe
-adb2
-batchMode
-noUpm
-name
AssetImportWorker8
-projectPath
C:/Users/FSK8475/Documents/GitHub/dance-24-7/Dance 24-7
-logFile
Logs/AssetImportWorker8.log
-srvPort
57955
Successfully changed project path to: C:/Users/FSK8475/Documents/GitHub/dance-24-7/Dance 24-7
C:/Users/FSK8475/Documents/GitHub/dance-24-7/Dance 24-7
[UnityMemory] Configuration Parameters - Can be set up in boot.config
    "memorysetup-bucket-allocator-granularity=16"
    "memorysetup-bucket-allocator-bucket-count=8"
    "memorysetup-bucket-allocator-block-size=33554432"
    "memorysetup-bucket-allocator-block-count=8"
    "memorysetup-main-allocator-block-size=16777216"
    "memorysetup-thread-allocator-block-size=16777216"
    "memorysetup-gfx-main-allocator-block-size=16777216"
    "memorysetup-gfx-thread-allocator-block-size=16777216"
    "memorysetup-cache-allocator-block-size=4194304"
    "memorysetup-typetree-allocator-block-size=2097152"
    "memorysetup-profiler-bucket-allocator-granularity=16"
    "memorysetup-profiler-bucket-allocator-bucket-count=8"
    "memorysetup-profiler-bucket-allocator-block-size=33554432"
    "memorysetup-profiler-bucket-allocator-block-count=8"
    "memorysetup-profiler-allocator-block-size=16777216"
    "memorysetup-profiler-editor-allocator-block-size=1048576"
    "memorysetup-temp-allocator-size-main=16777216"
    "memorysetup-job-temp-allocator-block-size=2097152"
    "memorysetup-job-temp-allocator-block-size-background=1048576"
    "memorysetup-job-temp-allocator-reduction-small-platforms=262144"
    "memorysetup-temp-allocator-size-background-worker=32768"
    "memorysetup-temp-allocator-size-job-worker=262144"
    "memorysetup-temp-allocator-size-preload-manager=33554432"
    "memorysetup-temp-allocator-size-nav-mesh-worker=65536"
    "memorysetup-temp-allocator-size-audio-worker=65536"
    "memorysetup-temp-allocator-size-cloud-worker=32768"
    "memorysetup-temp-allocator-size-gi-baking-worker=262144"
    "memorysetup-temp-allocator-size-gfx=262144"
Refreshing native plugins compatible for Editor in 114.23 ms, found 3 plugins.
Preloading 0 native plugins for Editor in 0.00 ms.
Initialize engine version: 2021.3.2f1 (d6360bedb9a0)
[Subsystems] Discovering subsystems at path C:/Program Files/Unity/Hub/Editor/2021.3.2f1/Editor/Data/Resources/UnitySubsystems
[Subsystems] Discovering subsystems at path C:/Users/FSK8475/Documents/GitHub/dance-24-7/Dance 24-7/Assets
GfxDevice: creating device client; threaded=0; jobified=0
Direct3D:
    Version:  Direct3D 11.0 [level 11.1]
    Renderer: NVIDIA GeForce GTX 1660 Ti (ID=0x2182)
    Vendor:   NVIDIA
    VRAM:     5991 MB
    Driver:   27.21.14.5671
Initialize mono
Mono path[0] = 'C:/Program Files/Unity/Hub/Editor/2021.3.2f1/Editor/Data/Managed'
Mono path[1] = 'C:/Program Files/Unity/Hub/Editor/2021.3.2f1/Editor/Data/MonoBleedingEdge/lib/mono/unityjit-win32'
Mono config path = 'C:/Program Files/Unity/Hub/Editor/2021.3.2f1/Editor/Data/MonoBleedingEdge/etc'
Using monoOptions --debugger-agent=transport=dt_socket,embedding=1,server=y,suspend=n,address=127.0.0.1:56660
Begin MonoManager ReloadAssembly
Registering precompiled unity dll's ...
Register platform support module: C:/Program Files/Unity/Hub/Editor/2021.3.2f1/Editor/Data/PlaybackEngines/WebGLSupport/UnityEditor.WebGL.Extensions.dll
Register platform support module: C:/Program Files/Unity/Hub/Editor/2021.3.2f1/Editor/Data/PlaybackEngines/WindowsStandaloneSupport/UnityEditor.WindowsStandalone.Extensions.dll
Registered in 0.007130 seconds.
Native extension for WindowsStandalone target not found
Native extension for WebGL target not found
Refreshing native plugins compatible for Editor in 118.30 ms, found 3 plugins.
Preloading 0 native plugins for Editor in 0.00 ms.
Mono: successfully reloaded assembly
- Completed reload, in  0.762 seconds
Domain Reload Profiling:
	ReloadAssembly (762ms)
		BeginReloadAssembly (80ms)
			ExecutionOrderSort (0ms)
			DisableScriptedObjects (0ms)
			BackupInstance (0ms)
			ReleaseScriptingObjects (0ms)
			CreateAndSetChildDomain (1ms)
		EndReloadAssembly (554ms)
			LoadAssemblies (79ms)
			RebuildTransferFunctionScriptingTraits (0ms)
			SetupTypeCache (129ms)
			ReleaseScriptCaches (0ms)
			RebuildScriptCaches (37ms)
			SetupLoadedEditorAssemblies (325ms)
				LogAssemblyErrors (0ms)
				InitializePlatformSupportModulesInManaged (11ms)
				SetLoadedEditorAssemblies (0ms)
				RefreshPlugins (118ms)
				BeforeProcessingInitializeOnLoad (1ms)
				ProcessInitializeOnLoadAttributes (147ms)
				ProcessInitializeOnLoadMethodAttributes (47ms)
				AfterProcessingInitializeOnLoad (0ms)
				EditorAssembliesLoaded (0ms)
			ExecutionOrderSort2 (0ms)
			AwakeInstancesAfterBackupRestoration (0ms)
Platform modules already initialized, skipping
Registering precompiled user dll's ...
Registered in 0.007813 seconds.
Begin MonoManager ReloadAssembly
Symbol file LoadedFromMemory doesn't match image C:\Users\FSK8475\Documents\GitHub\dance-24-7\Dance 24-7\Library\PackageCache\com.unity.visualscripting@1.7.6\Editor\VisualScripting.Core\Dependencies\YamlDotNet\Unity.VisualScripting.YamlDotNet.dll
Symbol file LoadedFromMemory doesn't match image C:\Users\FSK8475\Documents\GitHub\dance-24-7\Dance 24-7\Library\PackageCache\com.unity.visualscripting@1.7.6\Editor\VisualScripting.Core\Dependencies\DotNetZip\Unity.VisualScripting.IonicZip.dll
Native extension for WindowsStandalone target not found
Native extension for WebGL target not found
Refreshing native plugins compatible for Editor in 0.72 ms, found 3 plugins.
Preloading 0 native plugins for Editor in 0.00 ms.
Mono: successfully reloaded assembly
- Completed reload, in  1.092 seconds
Domain Reload Profiling:
	ReloadAssembly (1093ms)
		BeginReloadAssembly (118ms)
			ExecutionOrderSort (0ms)
			DisableScriptedObjects (6ms)
			BackupInstance (0ms)
			ReleaseScriptingObjects (0ms)
			CreateAndSetChildDomain (21ms)
		EndReloadAssembly (856ms)
			LoadAssemblies (90ms)
			RebuildTransferFunctionScriptingTraits (0ms)
			SetupTypeCache (260ms)
			ReleaseScriptCaches (1ms)
			RebuildScriptCaches (56ms)
			SetupLoadedEditorAssemblies (414ms)
				LogAssemblyErrors (0ms)
				InitializePlatformSupportModulesInManaged (7ms)
				SetLoadedEditorAssemblies (0ms)
				RefreshPlugins (1ms)
				BeforeProcessingInitializeOnLoad (92ms)
				ProcessInitializeOnLoadAttributes (277ms)
				ProcessInitializeOnLoadMethodAttributes (29ms)
				AfterProcessingInitializeOnLoad (8ms)
				EditorAssembliesLoaded (0ms)
			ExecutionOrderSort2 (0ms)
			AwakeInstancesAfterBackupRestoration (6ms)
Platform modules already initialized, skipping
========================================================================
Worker process is ready to serve import requests
Launched and connected shader compiler UnityShaderCompiler.exe after 0.04 seconds
Refreshing native plugins compatible for Editor in 0.77 ms, found 3 plugins.
Preloading 0 native plugins for Editor in 0.00 ms.
Unloading 3578 Unused Serialized files (Serialized files now loaded: 0)
Unloading 40 unused Assets / (185.3 KB). Loaded Objects now: 4048.
Memory consumption went from 143.2 MB to 143.0 MB.
Total: 3.446200 ms (FindLiveObjects: 0.362800 ms CreateObjectMapping: 0.088600 ms MarkObjects: 2.830900 ms  DeleteObjects: 0.162600 ms)

AssetImportParameters requested are different than current active one (requested -> active):
  custom:video-decoder-ogg-theora: a1e56fd34408186e4bbccfd4996cb3dc -> 
  custom:container-muxer-webm: aa71ff27fc2769a1b78a27578f13a17b -> 
  custom:container-demuxer-webm: 4f35f7cbe854078d1ac9338744f61a02 -> 
  custom:video-encoder-webm-vp8: eb34c28f22e8b96e1ab97ce403110664 -> 
  custom:audio-encoder-webm-vorbis: bf7c407c2cedff20999df2af8eb42d56 -> 
  custom:framework-win-MediaFoundation: 216162199b28c13a410421893ffa2e32 -> 
  custom:container-demuxer-ogg: 62fdf1f143b41e24485cea50d1cbac27 -> 
  custom:video-decoder-webm-vp8: 9c59270c3fd7afecdb556c50c9e8de78 -> 
  custom:audio-decoder-ogg-vorbis: bf7c407c2cedff20999df2af8eb42d56 -> 
========================================================================
Received Import Request.
  Time since last request: 1929408.571617 seconds.
  path: Assets/Blockout/Models/Tri_Models/Tri_Trim.fbx
  artifactKey: Guid(c463daf7d169982488d41dbe9657280d) Importer(815301076,1909f56bfc062723c751e8b465ee728b)
Start importing Assets/Blockout/Models/Tri_Models/Tri_Trim.fbx using Guid(c463daf7d169982488d41dbe9657280d) Importer(815301076,1909f56bfc062723c751e8b465ee728b)  -> (artifact id: '7aa3a943de7d87b3be3f0bff5483cda6') in 0.139748 seconds 
========================================================================
Received Import Request.
  Time since last request: 4.298876 seconds.
  path: Assets/Blockout/Models/Walls/Wall_025x1x2.fbx
  artifactKey: Guid(e3a77fe95a485d04e893a151e0736e57) Importer(815301076,1909f56bfc062723c751e8b465ee728b)
Start importing Assets/Blockout/Models/Walls/Wall_025x1x2.fbx using Guid(e3a77fe95a485d04e893a151e0736e57) Importer(815301076,1909f56bfc062723c751e8b465ee728b)  -> (artifact id: '5ffb401233bde9b3300cacc7c1173efc') in 0.024618 seconds 
========================================================================
Received Import Request.
  Time since last request: 0.000030 seconds.
  path: Assets/Blockout/Models/Walls/Wall_025x3x2.fbx
  artifactKey: Guid(83e1d3398601b25408593b81e119916a) Importer(815301076,1909f56bfc062723c751e8b465ee728b)
Start importing Assets/Blockout/Models/Walls/Wall_025x3x2.fbx using Guid(83e1d3398601b25408593b81e119916a) Importer(815301076,1909f56bfc062723c751e8b465ee728b)  -> (artifact id: '4fd6bee2d7d68c6053622ae925910eac') in 0.040711 seconds 
========================================================================
Received Import Request.
  Time since last request: 0.000025 seconds.
  path: Assets/Blockout/Models/Walls/Wall_025x2x5.fbx
  artifactKey: Guid(4888ac9fd01925d44af7c37fd2087245) Importer(815301076,1909f56bfc062723c751e8b465ee728b)
Start importing Assets/Blockout/Models/Walls/Wall_025x2x5.fbx using Guid(4888ac9fd01925d44af7c37fd2087245) Importer(815301076,1909f56bfc062723c751e8b465ee728b)  -> (artifact id: 'aa2e8f8d1850fcecf368408417ba1e8b') in 0.047406 seconds 
========================================================================
Received Import Request.
  Time since last request: 0.000031 seconds.
  path: Assets/Blockout/Models/Walls/Wall_Window_End_T1_025x3x2.fbx
  artifactKey: Guid(147f0af968c654f4dac674141393858c) Importer(815301076,1909f56bfc062723c751e8b465ee728b)
Start importing Assets/Blockout/Models/Walls/Wall_Window_End_T1_025x3x2.fbx using Guid(147f0af968c654f4dac674141393858c) Importer(815301076,1909f56bfc062723c751e8b465ee728b)  -> (artifact id: '3d0ed488a970e0b4e2707badb2d88f02') in 0.049014 seconds 
========================================================================
Received Import Request.
  Time since last request: 0.000031 seconds.
  path: Assets/Blockout/Models/Walls/Wall_Bend_025x025x1.fbx
  artifactKey: Guid(35ead2cc2bae7434a8db08b2e2c0e0e5) Importer(815301076,1909f56bfc062723c751e8b465ee728b)
Start importing Assets/Blockout/Models/Walls/Wall_Bend_025x025x1.fbx using Guid(35ead2cc2bae7434a8db08b2e2c0e0e5) Importer(815301076,1909f56bfc062723c751e8b465ee728b)  -> (artifact id: '1983e0c56b03be7a8b9c49de3d27b060') in 0.026841 seconds 
========================================================================
Received Import Request.
  Time since last request: 0.000028 seconds.
  path: Assets/Blockout/Models/Walls/Wall_Doorway_025x3x4.fbx
  artifactKey: Guid(9ef3b978b897fdc42a8636b31dc95fb5) Importer(815301076,1909f56bfc062723c751e8b465ee728b)
Start importing Assets/Blockout/Models/Walls/Wall_Doorway_025x3x4.fbx using Guid(9ef3b978b897fdc42a8636b31dc95fb5) Importer(815301076,1909f56bfc062723c751e8b465ee728b)  -> (artifact id: '15997e73f22ef157060f889852b90130') in 0.019070 seconds 
========================================================================
Received Import Request.
  Time since last request: 0.000023 seconds.
  path: Assets/Blockout/Models/Walls/Wall_Side_Destroyed_T2_025x1x2.fbx
  artifactKey: Guid(0521daf36b282644c98673459292b045) Importer(815301076,1909f56bfc062723c751e8b465ee728b)
Start importing Assets/Blockout/Models/Walls/Wall_Side_Destroyed_T2_025x1x2.fbx using Guid(0521daf36b282644c98673459292b045) Importer(815301076,1909f56bfc062723c751e8b465ee728b)  -> (artifact id: 'c24c3d8bee23e9208987874137a2a45d') in 0.018449 seconds 
========================================================================
Received Import Request.
  Time since last request: 0.000032 seconds.
  path: Assets/Blockout/Models/Walls/Wall_Window_T1_025x3x1.fbx
  artifactKey: Guid(3cb7abec2b046d749a1c4e9bc526cbbb) Importer(815301076,1909f56bfc062723c751e8b465ee728b)
Start importing Assets/Blockout/Models/Walls/Wall_Window_T1_025x3x1.fbx using Guid(3cb7abec2b046d749a1c4e9bc526cbbb) Importer(815301076,1909f56bfc062723c751e8b465ee728b)  -> (artifact id: '4799471c62b66156d4acbbba7dcbc1b3') in 0.019477 seconds 
========================================================================
Received Import Request.
  Time since last request: 0.000032 seconds.
  path: Assets/Blockout/Models/Walls/Wall_Bend_025x1x2.fbx
  artifactKey: Guid(09f5271d03639da488ac79894e90b0c7) Importer(815301076,1909f56bfc062723c751e8b465ee728b)
Start importing Assets/Blockout/Models/Walls/Wall_Bend_025x1x2.fbx using Guid(09f5271d03639da488ac79894e90b0c7) Importer(815301076,1909f56bfc062723c751e8b465ee728b)  -> (artifact id: 'd74f08add1b1479988cb0d8b74324185') in 0.019101 seconds 
========================================================================
Received Import Request.
  Time since last request: 0.000056 seconds.
  path: Assets/Blockout/Models/Walls/Wall_Destroyed_Hole_025x3x3.fbx
  artifactKey: Guid(197f95e8698ecd64ba14cb543ee3c7eb) Importer(815301076,1909f56bfc062723c751e8b465ee728b)
Start importing Assets/Blockout/Models/Walls/Wall_Destroyed_Hole_025x3x3.fbx using Guid(197f95e8698ecd64ba14cb543ee3c7eb) Importer(815301076,1909f56bfc062723c751e8b465ee728b)  -> (artifact id: 'c1ff0af8ba680a74b325c9e1e523b96d') in 0.019777 seconds 
========================================================================
Received Import Request.
  Time since last request: 0.000022 seconds.
  path: Assets/Blockout/Models/Walls/Wall_Window_T2_025x3x2.fbx
  artifactKey: Guid(22e535b57f60e8a44bae6e4941d3570a) Importer(815301076,1909f56bfc062723c751e8b465ee728b)
Start importing Assets/Blockout/Models/Walls/Wall_Window_T2_025x3x2.fbx using Guid(22e535b57f60e8a44bae6e4941d3570a) Importer(815301076,1909f56bfc062723c751e8b465ee728b)  -> (artifact id: 'f700f9d87497f159421ed84544567b15') in 0.019181 seconds 
========================================================================
Received Import Request.
  Time since last request: 0.000027 seconds.
  path: Assets/Blockout/Models/Walls/Wall_Bend_025x1x4.fbx
  artifactKey: Guid(da712da7b0e5a25468ba61961bfc34f3) Importer(815301076,1909f56bfc062723c751e8b465ee728b)
Start importing Assets/Blockout/Models/Walls/Wall_Bend_025x1x4.fbx using Guid(da712da7b0e5a25468ba61961bfc34f3) Importer(815301076,1909f56bfc062723c751e8b465ee728b)  -> (artifact id: '7db8401e3b8d4d67c38d546c1d3423f8') in 0.017802 seconds 
========================================================================
Received Import Request.
  Time since last request: 0.000031 seconds.
  path: Assets/Blockout/Models/Walls/Wall_Bend_025x2x3.fbx
  artifactKey: Guid(68261ac9d58fcef4e85a6f95d8577d4b) Importer(815301076,1909f56bfc062723c751e8b465ee728b)
Start importing Assets/Blockout/Models/Walls/Wall_Bend_025x2x3.fbx using Guid(68261ac9d58fcef4e85a6f95d8577d4b) Importer(815301076,1909f56bfc062723c751e8b465ee728b)  -> (artifact id: '32af273b71ea657098d3a24a49672cb8') in 0.019914 seconds 
========================================================================
Received Import Request.
  Time since last request: 0.000031 seconds.
  path: Assets/Blockout/Models/Walls/Wall_025x2x4.fbx
  artifactKey: Guid(1c1be9b6fd16eb449821b1cfa8bc6fb0) Importer(815301076,1909f56bfc062723c751e8b465ee728b)
Start importing Assets/Blockout/Models/Walls/Wall_025x2x4.fbx using Guid(1c1be9b6fd16eb449821b1cfa8bc6fb0) Importer(815301076,1909f56bfc062723c751e8b465ee728b)  -> (artifact id: '5287e8646c59b31c0e04ff1b1fb90040') in 0.017943 seconds 
========================================================================
Received Import Request.
  Time since last request: 0.000033 seconds.
  path: Assets/Blockout/Models/Walls/Wall_025x2x2.fbx
  artifactKey: Guid(9322e62aa6bd28a47b5d3de619f0b7da) Importer(815301076,1909f56bfc062723c751e8b465ee728b)
Start importing Assets/Blockout/Models/Walls/Wall_025x2x2.fbx using Guid(9322e62aa6bd28a47b5d3de619f0b7da) Importer(815301076,1909f56bfc062723c751e8b465ee728b)  -> (artifact id: '7065c35b8e4501c26a2d138d7d95b19b') in 0.018690 seconds 
========================================================================
Received Import Request.
  Time since last request: 0.000037 seconds.
  path: Assets/Blockout/Models/Walls/Wall_Destoryed_End_025x3x4.fbx
  artifactKey: Guid(3469bd44a58b2c449a64163ce33affe8) Importer(815301076,1909f56bfc062723c751e8b465ee728b)
Start importing Assets/Blockout/Models/Walls/Wall_Destoryed_End_025x3x4.fbx using Guid(3469bd44a58b2c449a64163ce33affe8) Importer(815301076,1909f56bfc062723c751e8b465ee728b)  -> (artifact id: 'e5d57a115b3ce636f1deb8bd92254a79') in 0.019589 seconds 
========================================================================
Received Import Request.
  Time since last request: 0.000024 seconds.
  path: Assets/Blockout/Models/Walls/Wall_Destroyed_025x1x4.fbx
  artifactKey: Guid(72286efd9b23a7941b1e634ca81bbee6) Importer(815301076,1909f56bfc062723c751e8b465ee728b)
Start importing Assets/Blockout/Models/Walls/Wall_Destroyed_025x1x4.fbx using Guid(72286efd9b23a7941b1e634ca81bbee6) Importer(815301076,1909f56bfc062723c751e8b465ee728b)  -> (artifact id: '005a67644f66e82be875660dfa1aad51') in 0.018022 seconds 
========================================================================
Received Import Request.
  Time since last request: 19.673434 seconds.
  path: Assets/Blockout/Models/Update_1/Block_1x025x1.fbx
  artifactKey: Guid(590c1e820a90d224ab333e664cc1ec9c) Importer(815301076,1909f56bfc062723c751e8b465ee728b)
Start importing Assets/Blockout/Models/Update_1/Block_1x025x1.fbx using Guid(590c1e820a90d224ab333e664cc1ec9c) Importer(815301076,1909f56bfc062723c751e8b465ee728b)  -> (artifact id: '48e74444000a22200aef628d7253d0ea') in 0.023832 seconds 
========================================================================
Received Import Request.
  Time since last request: 0.000022 seconds.
  path: Assets/Blockout/Models/Update_1/Fence_Basic_3_Destroyed_1.fbx
  artifactKey: Guid(d5bdd887d78bd704eb044ce77ae1aaad) Importer(815301076,1909f56bfc062723c751e8b465ee728b)
Start importing Assets/Blockout/Models/Update_1/Fence_Basic_3_Destroyed_1.fbx using Guid(d5bdd887d78bd704eb044ce77ae1aaad) Importer(815301076,1909f56bfc062723c751e8b465ee728b)  -> (artifact id: '661946bd9761d70d0498153337779ce8') in 0.065002 seconds 
========================================================================
Received Import Request.
  Time since last request: 0.000028 seconds.
  path: Assets/Blockout/Models/Update_1/Bollard_1.fbx
  artifactKey: Guid(7fc02ab6984249d4b9fcf79e3c958bcc) Importer(815301076,1909f56bfc062723c751e8b465ee728b)
Start importing Assets/Blockout/Models/Update_1/Bollard_1.fbx using Guid(7fc02ab6984249d4b9fcf79e3c958bcc) Importer(815301076,1909f56bfc062723c751e8b465ee728b)  -> (artifact id: '3221b100681b26b0bb1743debc80749e') in 0.046043 seconds 
========================================================================
Received Import Request.
  Time since last request: 0.000030 seconds.
  path: Assets/Blockout/Models/Update_1/Block_Corner_T3_05x025x1.fbx
  artifactKey: Guid(e2568d1e08a154141baa89958d7dbb01) Importer(815301076,1909f56bfc062723c751e8b465ee728b)
Start importing Assets/Blockout/Models/Update_1/Block_Corner_T3_05x025x1.fbx using Guid(e2568d1e08a154141baa89958d7dbb01) Importer(815301076,1909f56bfc062723c751e8b465ee728b)  -> (artifact id: '39fa2d4b68f3498199e5d19a363f6178') in 0.044702 seconds 
========================================================================
Received Import Request.
  Time since last request: 0.000026 seconds.
  path: Assets/Blockout/Models/Update_1/Breezeblock_1.fbx
  artifactKey: Guid(01de7651cff49ef459f12f2bf6e2463c) Importer(815301076,1909f56bfc062723c751e8b465ee728b)
Start importing Assets/Blockout/Models/Update_1/Breezeblock_1.fbx using Guid(01de7651cff49ef459f12f2bf6e2463c) Importer(815301076,1909f56bfc062723c751e8b465ee728b)  -> (artifact id: '1058c7e834630b67085c4a198a8c2f7c') in 0.052747 seconds 
========================================================================
Received Import Request.
  Time since last request: 0.000027 seconds.
  path: Assets/Blockout/Models/Update_1/Fence_Basic_2_Destroyed_1.fbx
  artifactKey: Guid(2b4f0d13cb09a6249bf810c25f0f0d07) Importer(815301076,1909f56bfc062723c751e8b465ee728b)
Start importing Assets/Blockout/Models/Update_1/Fence_Basic_2_Destroyed_1.fbx using Guid(2b4f0d13cb09a6249bf810c25f0f0d07) Importer(815301076,1909f56bfc062723c751e8b465ee728b)  -> (artifact id: '8d5f9f3cb28da9aa2c744ced6a42a54a') in 0.027129 seconds 
========================================================================
Received Import Request.
  Time since last request: 0.000021 seconds.
  path: Assets/Blockout/Models/Update_1/Fence_Basic_3_Destroyed_2.fbx
  artifactKey: Guid(4ede496b78e7a9247925d68685fb0a2e) Importer(815301076,1909f56bfc062723c751e8b465ee728b)
Start importing Assets/Blockout/Models/Update_1/Fence_Basic_3_Destroyed_2.fbx using Guid(4ede496b78e7a9247925d68685fb0a2e) Importer(815301076,1909f56bfc062723c751e8b465ee728b)  -> (artifact id: '668fa0cdea8b841e36cf2de922f1900d') in 0.020437 seconds 
========================================================================
Received Import Request.
  Time since last request: 0.000022 seconds.
  path: Assets/Blockout/Models/Update_1/Fence_Basic_1_Destroyed_3.fbx
  artifactKey: Guid(02eda09d0dc7ec3458ae3296f7bd3ade) Importer(815301076,1909f56bfc062723c751e8b465ee728b)
Start importing Assets/Blockout/Models/Update_1/Fence_Basic_1_Destroyed_3.fbx using Guid(02eda09d0dc7ec3458ae3296f7bd3ade) Importer(815301076,1909f56bfc062723c751e8b465ee728b)  -> (artifact id: '384f094c0b170230a2e8a8365bf90da8') in 0.020283 seconds 
========================================================================
Received Import Request.
  Time since last request: 0.000027 seconds.
  path: Assets/Blockout/Models/Update_1/Fence_Basic_2.fbx
  artifactKey: Guid(b8e1871d6651dc649b655f8283960f1b) Importer(815301076,1909f56bfc062723c751e8b465ee728b)
Start importing Assets/Blockout/Models/Update_1/Fence_Basic_2.fbx using Guid(b8e1871d6651dc649b655f8283960f1b) Importer(815301076,1909f56bfc062723c751e8b465ee728b)  -> (artifact id: '1bec3163d78db7baf9a57a95c479a32f') in 0.020976 seconds 
========================================================================
Received Import Request.
  Time since last request: 0.000028 seconds.
  path: Assets/Blockout/Models/Update_1/Block_Pillar_T2_1x025x1.fbx
  artifactKey: Guid(776144c00c5c9f04eb8604354146b9d2) Importer(815301076,1909f56bfc062723c751e8b465ee728b)
Start importing Assets/Blockout/Models/Update_1/Block_Pillar_T2_1x025x1.fbx using Guid(776144c00c5c9f04eb8604354146b9d2) Importer(815301076,1909f56bfc062723c751e8b465ee728b)  -> (artifact id: '4474dda8f4e419c5d3bf42e85cedb611') in 0.019926 seconds 
========================================================================
Received Import Request.
  Time since last request: 0.000036 seconds.
  path: Assets/Blockout/Models/Update_1/Wires_Haging_Large_4_Alt_1.fbx
  artifactKey: Guid(dbd374b064a6fed49ae5062b0da0c5a5) Importer(815301076,1909f56bfc062723c751e8b465ee728b)
Start importing Assets/Blockout/Models/Update_1/Wires_Haging_Large_4_Alt_1.fbx using Guid(dbd374b064a6fed49ae5062b0da0c5a5) Importer(815301076,1909f56bfc062723c751e8b465ee728b)  -> (artifact id: '634cd6bb63f966821812649892f8d7dd') in 0.018893 seconds 
Editor requested this worker to shutdown with reason: Scaling down because of idle timeout
AssetImportWorker is now disconnected from the server
Process exiting
Exiting without the bug reporter. Application will terminate with return code 0