Using pre-set license
Built from '2021.3/staging' branch; Version is '2021.3.2f1 (d6360bedb9a0) revision 14038539'; Using compiler version '192829333'; Build Type 'Release'
OS: 'Windows 10  (10.0.17763) 64bit EnterpriseS' Language: 'en' Physical Memory: 32694 MB
BatchMode: 1, IsHumanControllingUs: 0, StartBugReporterOnCrash: 0, Is64bit: 1, IsPro: 1

COMMAND LINE ARGUMENTS:
C:\Program Files\Unity\Hub\Editor\2021.3.2f1\Editor\Unity.exe
-adb2
-batchMode
-noUpm
-name
AssetImportWorker10
-projectPath
C:/Users/FSK8475/Documents/GitHub/dance-24-7/Dance 24-7
-logFile
Logs/AssetImportWorker10.log
-srvPort
57955
Successfully changed project path to: C:/Users/FSK8475/Documents/GitHub/dance-24-7/Dance 24-7
C:/Users/FSK8475/Documents/GitHub/dance-24-7/Dance 24-7
[UnityMemory] Configuration Parameters - Can be set up in boot.config
    "memorysetup-bucket-allocator-granularity=16"
    "memorysetup-bucket-allocator-bucket-count=8"
    "memorysetup-bucket-allocator-block-size=33554432"
    "memorysetup-bucket-allocator-block-count=8"
    "memorysetup-main-allocator-block-size=16777216"
    "memorysetup-thread-allocator-block-size=16777216"
    "memorysetup-gfx-main-allocator-block-size=16777216"
    "memorysetup-gfx-thread-allocator-block-size=16777216"
    "memorysetup-cache-allocator-block-size=4194304"
    "memorysetup-typetree-allocator-block-size=2097152"
    "memorysetup-profiler-bucket-allocator-granularity=16"
    "memorysetup-profiler-bucket-allocator-bucket-count=8"
    "memorysetup-profiler-bucket-allocator-block-size=33554432"
    "memorysetup-profiler-bucket-allocator-block-count=8"
    "memorysetup-profiler-allocator-block-size=16777216"
    "memorysetup-profiler-editor-allocator-block-size=1048576"
    "memorysetup-temp-allocator-size-main=16777216"
    "memorysetup-job-temp-allocator-block-size=2097152"
    "memorysetup-job-temp-allocator-block-size-background=1048576"
    "memorysetup-job-temp-allocator-reduction-small-platforms=262144"
    "memorysetup-temp-allocator-size-background-worker=32768"
    "memorysetup-temp-allocator-size-job-worker=262144"
    "memorysetup-temp-allocator-size-preload-manager=33554432"
    "memorysetup-temp-allocator-size-nav-mesh-worker=65536"
    "memorysetup-temp-allocator-size-audio-worker=65536"
    "memorysetup-temp-allocator-size-cloud-worker=32768"
    "memorysetup-temp-allocator-size-gi-baking-worker=262144"
    "memorysetup-temp-allocator-size-gfx=262144"
Refreshing native plugins compatible for Editor in 113.60 ms, found 3 plugins.
Preloading 0 native plugins for Editor in 0.00 ms.
Initialize engine version: 2021.3.2f1 (d6360bedb9a0)
[Subsystems] Discovering subsystems at path C:/Program Files/Unity/Hub/Editor/2021.3.2f1/Editor/Data/Resources/UnitySubsystems
[Subsystems] Discovering subsystems at path C:/Users/FSK8475/Documents/GitHub/dance-24-7/Dance 24-7/Assets
GfxDevice: creating device client; threaded=0; jobified=0
Direct3D:
    Version:  Direct3D 11.0 [level 11.1]
    Renderer: NVIDIA GeForce GTX 1660 Ti (ID=0x2182)
    Vendor:   NVIDIA
    VRAM:     5991 MB
    Driver:   27.21.14.5671
Initialize mono
Mono path[0] = 'C:/Program Files/Unity/Hub/Editor/2021.3.2f1/Editor/Data/Managed'
Mono path[1] = 'C:/Program Files/Unity/Hub/Editor/2021.3.2f1/Editor/Data/MonoBleedingEdge/lib/mono/unityjit-win32'
Mono config path = 'C:/Program Files/Unity/Hub/Editor/2021.3.2f1/Editor/Data/MonoBleedingEdge/etc'
Using monoOptions --debugger-agent=transport=dt_socket,embedding=1,server=y,suspend=n,address=127.0.0.1:56084
Begin MonoManager ReloadAssembly
Registering precompiled unity dll's ...
Register platform support module: C:/Program Files/Unity/Hub/Editor/2021.3.2f1/Editor/Data/PlaybackEngines/WebGLSupport/UnityEditor.WebGL.Extensions.dll
Register platform support module: C:/Program Files/Unity/Hub/Editor/2021.3.2f1/Editor/Data/PlaybackEngines/WindowsStandaloneSupport/UnityEditor.WindowsStandalone.Extensions.dll
Registered in 0.006447 seconds.
Native extension for WindowsStandalone target not found
Native extension for WebGL target not found
Refreshing native plugins compatible for Editor in 97.79 ms, found 3 plugins.
Preloading 0 native plugins for Editor in 0.00 ms.
Mono: successfully reloaded assembly
- Completed reload, in  0.682 seconds
Domain Reload Profiling:
	ReloadAssembly (682ms)
		BeginReloadAssembly (83ms)
			ExecutionOrderSort (0ms)
			DisableScriptedObjects (0ms)
			BackupInstance (0ms)
			ReleaseScriptingObjects (0ms)
			CreateAndSetChildDomain (1ms)
		EndReloadAssembly (482ms)
			LoadAssemblies (81ms)
			RebuildTransferFunctionScriptingTraits (0ms)
			SetupTypeCache (104ms)
			ReleaseScriptCaches (0ms)
			RebuildScriptCaches (27ms)
			SetupLoadedEditorAssemblies (299ms)
				LogAssemblyErrors (0ms)
				InitializePlatformSupportModulesInManaged (9ms)
				SetLoadedEditorAssemblies (0ms)
				RefreshPlugins (98ms)
				BeforeProcessingInitializeOnLoad (1ms)
				ProcessInitializeOnLoadAttributes (144ms)
				ProcessInitializeOnLoadMethodAttributes (46ms)
				AfterProcessingInitializeOnLoad (0ms)
				EditorAssembliesLoaded (0ms)
			ExecutionOrderSort2 (0ms)
			AwakeInstancesAfterBackupRestoration (0ms)
Platform modules already initialized, skipping
Registering precompiled user dll's ...
Registered in 0.007850 seconds.
Begin MonoManager ReloadAssembly
Symbol file LoadedFromMemory doesn't match image C:\Users\FSK8475\Documents\GitHub\dance-24-7\Dance 24-7\Library\PackageCache\com.unity.visualscripting@1.7.6\Editor\VisualScripting.Core\Dependencies\YamlDotNet\Unity.VisualScripting.YamlDotNet.dll
Symbol file LoadedFromMemory doesn't match image C:\Users\FSK8475\Documents\GitHub\dance-24-7\Dance 24-7\Library\PackageCache\com.unity.visualscripting@1.7.6\Editor\VisualScripting.Core\Dependencies\DotNetZip\Unity.VisualScripting.IonicZip.dll
Native extension for WindowsStandalone target not found
Native extension for WebGL target not found
Refreshing native plugins compatible for Editor in 0.79 ms, found 3 plugins.
Preloading 0 native plugins for Editor in 0.00 ms.
Mono: successfully reloaded assembly
- Completed reload, in  1.099 seconds
Domain Reload Profiling:
	ReloadAssembly (1100ms)
		BeginReloadAssembly (120ms)
			ExecutionOrderSort (0ms)
			DisableScriptedObjects (6ms)
			BackupInstance (0ms)
			ReleaseScriptingObjects (0ms)
			CreateAndSetChildDomain (20ms)
		EndReloadAssembly (858ms)
			LoadAssemblies (95ms)
			RebuildTransferFunctionScriptingTraits (0ms)
			SetupTypeCache (263ms)
			ReleaseScriptCaches (1ms)
			RebuildScriptCaches (54ms)
			SetupLoadedEditorAssemblies (412ms)
				LogAssemblyErrors (0ms)
				InitializePlatformSupportModulesInManaged (7ms)
				SetLoadedEditorAssemblies (0ms)
				RefreshPlugins (1ms)
				BeforeProcessingInitializeOnLoad (91ms)
				ProcessInitializeOnLoadAttributes (276ms)
				ProcessInitializeOnLoadMethodAttributes (29ms)
				AfterProcessingInitializeOnLoad (8ms)
				EditorAssembliesLoaded (0ms)
			ExecutionOrderSort2 (0ms)
			AwakeInstancesAfterBackupRestoration (6ms)
Platform modules already initialized, skipping
========================================================================
Worker process is ready to serve import requests
Launched and connected shader compiler UnityShaderCompiler.exe after 0.05 seconds
Refreshing native plugins compatible for Editor in 0.81 ms, found 3 plugins.
Preloading 0 native plugins for Editor in 0.00 ms.
Unloading 3578 Unused Serialized files (Serialized files now loaded: 0)
Unloading 40 unused Assets / (185.3 KB). Loaded Objects now: 4048.
Memory consumption went from 143.2 MB to 143.0 MB.
Total: 3.468000 ms (FindLiveObjects: 0.351700 ms CreateObjectMapping: 0.087800 ms MarkObjects: 2.866700 ms  DeleteObjects: 0.161100 ms)

AssetImportParameters requested are different than current active one (requested -> active):
  custom:video-decoder-ogg-theora: a1e56fd34408186e4bbccfd4996cb3dc -> 
  custom:container-muxer-webm: aa71ff27fc2769a1b78a27578f13a17b -> 
  custom:container-demuxer-webm: 4f35f7cbe854078d1ac9338744f61a02 -> 
  custom:video-encoder-webm-vp8: eb34c28f22e8b96e1ab97ce403110664 -> 
  custom:audio-encoder-webm-vorbis: bf7c407c2cedff20999df2af8eb42d56 -> 
  custom:framework-win-MediaFoundation: 216162199b28c13a410421893ffa2e32 -> 
  custom:container-demuxer-ogg: 62fdf1f143b41e24485cea50d1cbac27 -> 
  custom:video-decoder-webm-vp8: 9c59270c3fd7afecdb556c50c9e8de78 -> 
  custom:audio-decoder-ogg-vorbis: bf7c407c2cedff20999df2af8eb42d56 -> 
========================================================================
Received Import Request.
  Time since last request: 1929682.355258 seconds.
  path: Assets/Blockout/Prefabs/Blocks Basic/Block_1x1x1.prefab
  artifactKey: Guid(3315ee48ccc2bce4fa73c4b39288def4) Importer(815301076,1909f56bfc062723c751e8b465ee728b)
Start importing Assets/Blockout/Prefabs/Blocks Basic/Block_1x1x1.prefab using Guid(3315ee48ccc2bce4fa73c4b39288def4) Importer(815301076,1909f56bfc062723c751e8b465ee728b)  -> (artifact id: '5f931ade34b4f47aaf50565b3a788a0c') in 0.329183 seconds 
========================================================================
Received Import Request.
  Time since last request: 0.000027 seconds.
  path: Assets/Blockout/Prefabs/Blocks Basic/Block_Corner_T3_1x025x1.prefab
  artifactKey: Guid(c84766e46f682d34582b7de10a0d61c9) Importer(815301076,1909f56bfc062723c751e8b465ee728b)
Start importing Assets/Blockout/Prefabs/Blocks Basic/Block_Corner_T3_1x025x1.prefab using Guid(c84766e46f682d34582b7de10a0d61c9) Importer(815301076,1909f56bfc062723c751e8b465ee728b)  -> (artifact id: 'd16eae24bbd3b139cfb82d059dd3fa49') in 0.027510 seconds 
========================================================================
Received Import Request.
  Time since last request: 0.000034 seconds.
  path: Assets/Blockout/Prefabs/Blocks Basic/Block_Slope_1x4x1.prefab
  artifactKey: Guid(913edc100ec3cc34eb373e31ade0d72c) Importer(815301076,1909f56bfc062723c751e8b465ee728b)
Start importing Assets/Blockout/Prefabs/Blocks Basic/Block_Slope_1x4x1.prefab using Guid(913edc100ec3cc34eb373e31ade0d72c) Importer(815301076,1909f56bfc062723c751e8b465ee728b)  -> (artifact id: '85b91a4a73a8ce9244e819ad56ceb5a6') in 0.012597 seconds 
========================================================================
Received Import Request.
  Time since last request: 0.000027 seconds.
  path: Assets/Blockout/Prefabs/Blocks Basic/Block_1x3x1.prefab
  artifactKey: Guid(8b81ec77b8e14da40b652e1c4f6fa5da) Importer(815301076,1909f56bfc062723c751e8b465ee728b)
Start importing Assets/Blockout/Prefabs/Blocks Basic/Block_1x3x1.prefab using Guid(8b81ec77b8e14da40b652e1c4f6fa5da) Importer(815301076,1909f56bfc062723c751e8b465ee728b)  -> (artifact id: '03476f519d91a428f653075710e45fc7') in 0.012596 seconds 
========================================================================
Received Import Request.
  Time since last request: 0.000025 seconds.
  path: Assets/Blockout/Prefabs/Blocks Basic/Block_05x3x3.prefab
  artifactKey: Guid(25d786c795b3f614d80a608bcd52c9c1) Importer(815301076,1909f56bfc062723c751e8b465ee728b)
Start importing Assets/Blockout/Prefabs/Blocks Basic/Block_05x3x3.prefab using Guid(25d786c795b3f614d80a608bcd52c9c1) Importer(815301076,1909f56bfc062723c751e8b465ee728b)  -> (artifact id: '2023844216317b55e0d131df9ffc3a74') in 0.013045 seconds 
========================================================================
Received Import Request.
  Time since last request: 0.000026 seconds.
  path: Assets/Blockout/Prefabs/Blocks Basic/Block_Corner_T1_1x025x1.prefab
  artifactKey: Guid(52f27cbc20955ed4cb5da8227fe58089) Importer(815301076,1909f56bfc062723c751e8b465ee728b)
Start importing Assets/Blockout/Prefabs/Blocks Basic/Block_Corner_T1_1x025x1.prefab using Guid(52f27cbc20955ed4cb5da8227fe58089) Importer(815301076,1909f56bfc062723c751e8b465ee728b)  -> (artifact id: 'bd88379a4b6dc02a86d96a3f19e393d3') in 0.013319 seconds 
========================================================================
Received Import Request.
  Time since last request: 0.000022 seconds.
  path: Assets/Blockout/Prefabs/Blocks Basic/Block_Pillar_T3_1x025x1.prefab
  artifactKey: Guid(0dd47183bd3d9af46a7dbfa8d09b96c5) Importer(815301076,1909f56bfc062723c751e8b465ee728b)
Start importing Assets/Blockout/Prefabs/Blocks Basic/Block_Pillar_T3_1x025x1.prefab using Guid(0dd47183bd3d9af46a7dbfa8d09b96c5) Importer(815301076,1909f56bfc062723c751e8b465ee728b)  -> (artifact id: '5b0c7b4c6b6bf83037f19a68b4616da4') in 0.014477 seconds 
========================================================================
Received Import Request.
  Time since last request: 0.000031 seconds.
  path: Assets/Blockout/Prefabs/Blocks Basic/Block_05x3x1.prefab
  artifactKey: Guid(8ac47160aba1eb14b968b7ab547eab89) Importer(815301076,1909f56bfc062723c751e8b465ee728b)
Start importing Assets/Blockout/Prefabs/Blocks Basic/Block_05x3x1.prefab using Guid(8ac47160aba1eb14b968b7ab547eab89) Importer(815301076,1909f56bfc062723c751e8b465ee728b)  -> (artifact id: '9934c9e17e03a4964f6d92354bcb2c24') in 0.014712 seconds 
========================================================================
Received Import Request.
  Time since last request: 0.000026 seconds.
  path: Assets/Blockout/Prefabs/Blocks Basic/Block_1x5x2.prefab
  artifactKey: Guid(b7ea920578ce0e84590d7ec2fe9dce94) Importer(815301076,1909f56bfc062723c751e8b465ee728b)
Start importing Assets/Blockout/Prefabs/Blocks Basic/Block_1x5x2.prefab using Guid(b7ea920578ce0e84590d7ec2fe9dce94) Importer(815301076,1909f56bfc062723c751e8b465ee728b)  -> (artifact id: 'b055b3b7d4ead931df48cb60c4fe567e') in 0.013958 seconds 
========================================================================
Received Import Request.
  Time since last request: 0.000032 seconds.
  path: Assets/Blockout/Prefabs/Blocks Basic/Block_1x4x1.prefab
  artifactKey: Guid(90ff05ffd01250b46b8c9176faf61247) Importer(815301076,1909f56bfc062723c751e8b465ee728b)
Start importing Assets/Blockout/Prefabs/Blocks Basic/Block_1x4x1.prefab using Guid(90ff05ffd01250b46b8c9176faf61247) Importer(815301076,1909f56bfc062723c751e8b465ee728b)  -> (artifact id: 'aca2c7190fd5e005427a8ba799664e07') in 0.013016 seconds 
========================================================================
Received Import Request.
  Time since last request: 0.000019 seconds.
  path: Assets/Blockout/Prefabs/Blocks Basic/Block_Wall_Pillar_T3_1x025x1.prefab
  artifactKey: Guid(44fa264e9b9886847baa3fd36ff9966e) Importer(815301076,1909f56bfc062723c751e8b465ee728b)
Start importing Assets/Blockout/Prefabs/Blocks Basic/Block_Wall_Pillar_T3_1x025x1.prefab using Guid(44fa264e9b9886847baa3fd36ff9966e) Importer(815301076,1909f56bfc062723c751e8b465ee728b)  -> (artifact id: 'afd46d52540c0713179a63375670589e') in 0.013814 seconds 
========================================================================
Received Import Request.
  Time since last request: 0.000028 seconds.
  path: Assets/Blockout/Prefabs/Blocks Basic/Block_Corner_T3_05x025x1.prefab
  artifactKey: Guid(4bda6335bc86d9a47b878dc04a12bad7) Importer(815301076,1909f56bfc062723c751e8b465ee728b)
Start importing Assets/Blockout/Prefabs/Blocks Basic/Block_Corner_T3_05x025x1.prefab using Guid(4bda6335bc86d9a47b878dc04a12bad7) Importer(815301076,1909f56bfc062723c751e8b465ee728b)  -> (artifact id: '59f36195007abe029293a25e95b24c80') in 0.014437 seconds 
========================================================================
Received Import Request.
  Time since last request: 0.000026 seconds.
  path: Assets/Blockout/Prefabs/Blocks Basic/Block_1x4x3.prefab
  artifactKey: Guid(8ef0889161176b142add3f9dc03003c1) Importer(815301076,1909f56bfc062723c751e8b465ee728b)
Start importing Assets/Blockout/Prefabs/Blocks Basic/Block_1x4x3.prefab using Guid(8ef0889161176b142add3f9dc03003c1) Importer(815301076,1909f56bfc062723c751e8b465ee728b)  -> (artifact id: '442a42dcb896ce11f862055ec2f6c838') in 0.012537 seconds 
========================================================================
Received Import Request.
  Time since last request: 0.000060 seconds.
  path: Assets/Blockout/Prefabs/Blocks Basic/Block_05x2x05.prefab
  artifactKey: Guid(c3f1d4c559f90f247a330ee5a74b56b1) Importer(815301076,1909f56bfc062723c751e8b465ee728b)
Start importing Assets/Blockout/Prefabs/Blocks Basic/Block_05x2x05.prefab using Guid(c3f1d4c559f90f247a330ee5a74b56b1) Importer(815301076,1909f56bfc062723c751e8b465ee728b)  -> (artifact id: 'e7d072a4bc8144eec928de2a4a100fdf') in 0.015202 seconds 
========================================================================
Received Import Request.
  Time since last request: 0.000025 seconds.
  path: Assets/Blockout/Prefabs/Blocks Basic/Block_1x4x4.prefab
  artifactKey: Guid(21c79f3defe3ff74b948a82a25f3d6a5) Importer(815301076,1909f56bfc062723c751e8b465ee728b)
Start importing Assets/Blockout/Prefabs/Blocks Basic/Block_1x4x4.prefab using Guid(21c79f3defe3ff74b948a82a25f3d6a5) Importer(815301076,1909f56bfc062723c751e8b465ee728b)  -> (artifact id: 'a1d964e3c412cf24821581764c8f1cd8') in 0.014220 seconds 
========================================================================
Received Import Request.
  Time since last request: 0.000023 seconds.
  path: Assets/Blockout/Prefabs/Blocks Basic/Block_05x4x4.prefab
  artifactKey: Guid(4459fac03eb66bb4eb306681709ee5a5) Importer(815301076,1909f56bfc062723c751e8b465ee728b)
Start importing Assets/Blockout/Prefabs/Blocks Basic/Block_05x4x4.prefab using Guid(4459fac03eb66bb4eb306681709ee5a5) Importer(815301076,1909f56bfc062723c751e8b465ee728b)  -> (artifact id: 'f9cd0ad606d2ee950ca4e65cf0b640e6') in 0.012992 seconds 
========================================================================
Received Import Request.
  Time since last request: 0.000028 seconds.
  path: Assets/Blockout/Prefabs/Blocks Basic/Block_1x5x1.prefab
  artifactKey: Guid(95f500212fc4fb249904aa50e0d99f0b) Importer(815301076,1909f56bfc062723c751e8b465ee728b)
Start importing Assets/Blockout/Prefabs/Blocks Basic/Block_1x5x1.prefab using Guid(95f500212fc4fb249904aa50e0d99f0b) Importer(815301076,1909f56bfc062723c751e8b465ee728b)  -> (artifact id: '1e1da9462ec136ed1c7b724abd17735a') in 0.013990 seconds 
========================================================================
Received Import Request.
  Time since last request: 0.000027 seconds.
  path: Assets/Blockout/Prefabs/Blocks Basic/Block_Pillar_T2_1x025x1.prefab
  artifactKey: Guid(fb47542706592254bb7bddb3ac2bec6f) Importer(815301076,1909f56bfc062723c751e8b465ee728b)
Start importing Assets/Blockout/Prefabs/Blocks Basic/Block_Pillar_T2_1x025x1.prefab using Guid(fb47542706592254bb7bddb3ac2bec6f) Importer(815301076,1909f56bfc062723c751e8b465ee728b)  -> (artifact id: '555fff7a00ff0b764d3117643775593f') in 0.013477 seconds 
========================================================================
Received Import Request.
  Time since last request: 0.000021 seconds.
  path: Assets/Blockout/Prefabs/Blocks Basic/Block_Corner_T2_1x025x1.prefab
  artifactKey: Guid(970a679ae7b30d549be085fad5e06158) Importer(815301076,1909f56bfc062723c751e8b465ee728b)
Start importing Assets/Blockout/Prefabs/Blocks Basic/Block_Corner_T2_1x025x1.prefab using Guid(970a679ae7b30d549be085fad5e06158) Importer(815301076,1909f56bfc062723c751e8b465ee728b)  -> (artifact id: 'cefd3efa6d86d75f08da0a01e1f15e44') in 0.012858 seconds 
========================================================================
Received Import Request.
  Time since last request: 0.000025 seconds.
  path: Assets/Blockout/Prefabs/Blocks Basic/Block_Wall_Pillar_T2_1x025x1.prefab
  artifactKey: Guid(dc040fba569fb2a46af2e97a0499cabb) Importer(815301076,1909f56bfc062723c751e8b465ee728b)
Start importing Assets/Blockout/Prefabs/Blocks Basic/Block_Wall_Pillar_T2_1x025x1.prefab using Guid(dc040fba569fb2a46af2e97a0499cabb) Importer(815301076,1909f56bfc062723c751e8b465ee728b)  -> (artifact id: '8cbf38eb4d48d59f3aa13c64570a56cc') in 0.012661 seconds 
========================================================================
Received Import Request.
  Time since last request: 0.000022 seconds.
  path: Assets/Blockout/Prefabs/Blocks Basic/Block_Slope_1x1x5.prefab
  artifactKey: Guid(8fae1b28f5c09724c9bf8103da3654ee) Importer(815301076,1909f56bfc062723c751e8b465ee728b)
Start importing Assets/Blockout/Prefabs/Blocks Basic/Block_Slope_1x1x5.prefab using Guid(8fae1b28f5c09724c9bf8103da3654ee) Importer(815301076,1909f56bfc062723c751e8b465ee728b)  -> (artifact id: 'a002dd231dc261689f44b98fa832280a') in 0.013204 seconds 
========================================================================
Received Import Request.
  Time since last request: 0.000025 seconds.
  path: Assets/Blockout/Prefabs/Blocks Basic/Block_1x5x5.prefab
  artifactKey: Guid(679680ac1c1c31b498897318bbf13363) Importer(815301076,1909f56bfc062723c751e8b465ee728b)
Start importing Assets/Blockout/Prefabs/Blocks Basic/Block_1x5x5.prefab using Guid(679680ac1c1c31b498897318bbf13363) Importer(815301076,1909f56bfc062723c751e8b465ee728b)  -> (artifact id: '3c863f7df7f938fead52290d610fb2fa') in 0.013259 seconds 
========================================================================
Received Import Request.
  Time since last request: 0.000025 seconds.
  path: Assets/Blockout/Prefabs/Blocks Basic/Block_05x5x05.prefab
  artifactKey: Guid(9e4016262da7a5e40bec73e96204e042) Importer(815301076,1909f56bfc062723c751e8b465ee728b)
Start importing Assets/Blockout/Prefabs/Blocks Basic/Block_05x5x05.prefab using Guid(9e4016262da7a5e40bec73e96204e042) Importer(815301076,1909f56bfc062723c751e8b465ee728b)  -> (artifact id: '2a9cccc99b270cab7f4bb133c3546a4a') in 0.012850 seconds 
========================================================================
Received Import Request.
  Time since last request: 0.000026 seconds.
  path: Assets/Blockout/Prefabs/Blocks Basic/Block_5x5x5.prefab
  artifactKey: Guid(ee04cb5e72bac934f95d247853199b6a) Importer(815301076,1909f56bfc062723c751e8b465ee728b)
Start importing Assets/Blockout/Prefabs/Blocks Basic/Block_5x5x5.prefab using Guid(ee04cb5e72bac934f95d247853199b6a) Importer(815301076,1909f56bfc062723c751e8b465ee728b)  -> (artifact id: '932caeef8541f47f77dfdeee8c25eb7d') in 0.013937 seconds 
========================================================================
Received Import Request.
  Time since last request: 0.000026 seconds.
  path: Assets/Blockout/Prefabs/Blocks Basic/Block_2x2x2.prefab
  artifactKey: Guid(5b832f6a8d2b46243a12751c3340b948) Importer(815301076,1909f56bfc062723c751e8b465ee728b)
Start importing Assets/Blockout/Prefabs/Blocks Basic/Block_2x2x2.prefab using Guid(5b832f6a8d2b46243a12751c3340b948) Importer(815301076,1909f56bfc062723c751e8b465ee728b)  -> (artifact id: 'ce2905b5e13c76ed15053b610ba44f48') in 0.014128 seconds 
========================================================================
Received Import Request.
  Time since last request: 0.000033 seconds.
  path: Assets/Blockout/Prefabs/Blocks Basic/Block_1x025x1.prefab
  artifactKey: Guid(053e4bf573bbc17408e0b8a61d7927a7) Importer(815301076,1909f56bfc062723c751e8b465ee728b)
Start importing Assets/Blockout/Prefabs/Blocks Basic/Block_1x025x1.prefab using Guid(053e4bf573bbc17408e0b8a61d7927a7) Importer(815301076,1909f56bfc062723c751e8b465ee728b)  -> (artifact id: '144fec73163f81d9373b8d3fcf198789') in 0.013763 seconds 
========================================================================
Received Import Request.
  Time since last request: 0.000028 seconds.
  path: Assets/Blockout/Prefabs/Blocks Basic/Block_Slope_1x2x1.prefab
  artifactKey: Guid(b2c6f86263055054782ce8f53e2ac5d0) Importer(815301076,1909f56bfc062723c751e8b465ee728b)
Start importing Assets/Blockout/Prefabs/Blocks Basic/Block_Slope_1x2x1.prefab using Guid(b2c6f86263055054782ce8f53e2ac5d0) Importer(815301076,1909f56bfc062723c751e8b465ee728b)  -> (artifact id: '7752bfe4dd9f6be181400303061f39cc') in 0.013747 seconds 
========================================================================
Received Import Request.
  Time since last request: 0.000033 seconds.
  path: Assets/Blockout/Prefabs/Blocks Basic/Block_1x3x2.prefab
  artifactKey: Guid(30dbe783caef09645bfd7ff2c284ee92) Importer(815301076,1909f56bfc062723c751e8b465ee728b)
Start importing Assets/Blockout/Prefabs/Blocks Basic/Block_1x3x2.prefab using Guid(30dbe783caef09645bfd7ff2c284ee92) Importer(815301076,1909f56bfc062723c751e8b465ee728b)  -> (artifact id: 'be7ca08585839e84e2732e486571e8e7') in 0.013511 seconds 
========================================================================
Received Import Request.
  Time since last request: 0.000023 seconds.
  path: Assets/Blockout/Prefabs/Blocks Basic/Block_Slope_4x4x4.prefab
  artifactKey: Guid(bb0bc8f18d85ed047873665d68c7da0d) Importer(815301076,1909f56bfc062723c751e8b465ee728b)
Start importing Assets/Blockout/Prefabs/Blocks Basic/Block_Slope_4x4x4.prefab using Guid(bb0bc8f18d85ed047873665d68c7da0d) Importer(815301076,1909f56bfc062723c751e8b465ee728b)  -> (artifact id: '68e1b48aaaa5543f1101881d663afcc1') in 0.012448 seconds 
========================================================================
Received Import Request.
  Time since last request: 0.000031 seconds.
  path: Assets/Blockout/Prefabs/Blocks Basic/Block_3x3x3.prefab
  artifactKey: Guid(7577dc6bb69a1e34d97049ae9169a8fc) Importer(815301076,1909f56bfc062723c751e8b465ee728b)
Start importing Assets/Blockout/Prefabs/Blocks Basic/Block_3x3x3.prefab using Guid(7577dc6bb69a1e34d97049ae9169a8fc) Importer(815301076,1909f56bfc062723c751e8b465ee728b)  -> (artifact id: '2593b0dcdb73576429ab0bc620857554') in 0.012978 seconds 
========================================================================
Received Import Request.
  Time since last request: 0.000026 seconds.
  path: Assets/Blockout/Prefabs/Blocks Basic/Block_1x2x2.prefab
  artifactKey: Guid(13d93703ab042bf4a8aec9be1826979c) Importer(815301076,1909f56bfc062723c751e8b465ee728b)
Start importing Assets/Blockout/Prefabs/Blocks Basic/Block_1x2x2.prefab using Guid(13d93703ab042bf4a8aec9be1826979c) Importer(815301076,1909f56bfc062723c751e8b465ee728b)  -> (artifact id: 'db1f6d78dad912e2f8a3468a4ab378d1') in 0.012809 seconds 
========================================================================
Received Import Request.
  Time since last request: 0.000029 seconds.
  path: Assets/Blockout/Prefabs/Blocks Basic/Block_05x3x05.prefab
  artifactKey: Guid(ce30a830bbee9764bab58388afcb2a2d) Importer(815301076,1909f56bfc062723c751e8b465ee728b)
Start importing Assets/Blockout/Prefabs/Blocks Basic/Block_05x3x05.prefab using Guid(ce30a830bbee9764bab58388afcb2a2d) Importer(815301076,1909f56bfc062723c751e8b465ee728b)  -> (artifact id: 'f47a97b1e46148272ec31fe081384aa7') in 0.012391 seconds 
========================================================================
Received Import Request.
  Time since last request: 0.000028 seconds.
  path: Assets/Blockout/Prefabs/Blocks Basic/Block_05x5x1.prefab
  artifactKey: Guid(822eec97dc661cf4581d16bbecdb56a2) Importer(815301076,1909f56bfc062723c751e8b465ee728b)
Start importing Assets/Blockout/Prefabs/Blocks Basic/Block_05x5x1.prefab using Guid(822eec97dc661cf4581d16bbecdb56a2) Importer(815301076,1909f56bfc062723c751e8b465ee728b)  -> (artifact id: '89b35a29804d8f8b093fb29f1206b5ea') in 0.012449 seconds 
========================================================================
Received Import Request.
  Time since last request: 0.000025 seconds.
  path: Assets/Blockout/Prefabs/Blocks Basic/Block_Slope_Corner_1x1x2.prefab
  artifactKey: Guid(a95010f1ef42bfe4c90bd1ab98f8ed51) Importer(815301076,1909f56bfc062723c751e8b465ee728b)
Start importing Assets/Blockout/Prefabs/Blocks Basic/Block_Slope_Corner_1x1x2.prefab using Guid(a95010f1ef42bfe4c90bd1ab98f8ed51) Importer(815301076,1909f56bfc062723c751e8b465ee728b)  -> (artifact id: '780c1147f923a557dff3df498f715871') in 0.013295 seconds 
========================================================================
Received Import Request.
  Time since last request: 0.000026 seconds.
  path: Assets/Blockout/Prefabs/Blocks Basic/Block_05x4x05.prefab
  artifactKey: Guid(b3eef3c2686021449a8793f47871ced1) Importer(815301076,1909f56bfc062723c751e8b465ee728b)
Start importing Assets/Blockout/Prefabs/Blocks Basic/Block_05x4x05.prefab using Guid(b3eef3c2686021449a8793f47871ced1) Importer(815301076,1909f56bfc062723c751e8b465ee728b)  -> (artifact id: 'f3a73993b3cd02bcc787fe26729b0088') in 0.012963 seconds 
========================================================================
Received Prepare
Registering precompiled user dll's ...
Registered in 0.008350 seconds.
Begin MonoManager ReloadAssembly
Symbol file LoadedFromMemory doesn't match image C:\Users\FSK8475\Documents\GitHub\dance-24-7\Dance 24-7\Library\PackageCache\com.unity.visualscripting@1.7.6\Editor\VisualScripting.Core\Dependencies\YamlDotNet\Unity.VisualScripting.YamlDotNet.dll
Symbol file LoadedFromMemory doesn't match image C:\Users\FSK8475\Documents\GitHub\dance-24-7\Dance 24-7\Library\PackageCache\com.unity.visualscripting@1.7.6\Editor\VisualScripting.Core\Dependencies\DotNetZip\Unity.VisualScripting.IonicZip.dll
Native extension for WindowsStandalone target not found
Native extension for WebGL target not found
Refreshing native plugins compatible for Editor in 1.04 ms, found 3 plugins.
Preloading 0 native plugins for Editor in 0.00 ms.
Mono: successfully reloaded assembly
- Completed reload, in  1.233 seconds
Domain Reload Profiling:
	ReloadAssembly (1234ms)
		BeginReloadAssembly (149ms)
			ExecutionOrderSort (0ms)
			DisableScriptedObjects (5ms)
			BackupInstance (0ms)
			ReleaseScriptingObjects (0ms)
			CreateAndSetChildDomain (39ms)
		EndReloadAssembly (980ms)
			LoadAssemblies (107ms)
			RebuildTransferFunctionScriptingTraits (0ms)
			SetupTypeCache (305ms)
			ReleaseScriptCaches (2ms)
			RebuildScriptCaches (58ms)
			SetupLoadedEditorAssemblies (452ms)
				LogAssemblyErrors (0ms)
				InitializePlatformSupportModulesInManaged (16ms)
				SetLoadedEditorAssemblies (1ms)
				RefreshPlugins (1ms)
				BeforeProcessingInitializeOnLoad (87ms)
				ProcessInitializeOnLoadAttributes (298ms)
				ProcessInitializeOnLoadMethodAttributes (39ms)
				AfterProcessingInitializeOnLoad (11ms)
				EditorAssembliesLoaded (0ms)
			ExecutionOrderSort2 (0ms)
			AwakeInstancesAfterBackupRestoration (7ms)
Platform modules already initialized, skipping
Refreshing native plugins compatible for Editor in 3.32 ms, found 3 plugins.
Preloading 0 native plugins for Editor in 0.00 ms.
Unloading 3561 Unused Serialized files (Serialized files now loaded: 0)
Unloading 21 unused Assets / (152.7 KB). Loaded Objects now: 4069.
Memory consumption went from 146.3 MB to 146.2 MB.
Total: 4.664000 ms (FindLiveObjects: 0.396700 ms CreateObjectMapping: 0.091200 ms MarkObjects: 4.018600 ms  DeleteObjects: 0.155300 ms)

AssetImportParameters requested are different than current active one (requested -> active):
  custom:video-decoder-ogg-theora: a1e56fd34408186e4bbccfd4996cb3dc -> 
  custom:container-muxer-webm: aa71ff27fc2769a1b78a27578f13a17b -> 
  custom:container-demuxer-webm: 4f35f7cbe854078d1ac9338744f61a02 -> 
  custom:video-encoder-webm-vp8: eb34c28f22e8b96e1ab97ce403110664 -> 
  custom:audio-encoder-webm-vorbis: bf7c407c2cedff20999df2af8eb42d56 -> 
  custom:framework-win-MediaFoundation: 216162199b28c13a410421893ffa2e32 -> 
  custom:container-demuxer-ogg: 62fdf1f143b41e24485cea50d1cbac27 -> 
  custom:video-decoder-webm-vp8: 9c59270c3fd7afecdb556c50c9e8de78 -> 
  custom:audio-decoder-ogg-vorbis: bf7c407c2cedff20999df2af8eb42d56 -> 
Editor requested this worker to shutdown with reason: Scaling down because of idle timeout
AssetImportWorker is now disconnected from the server
Process exiting
Exiting without the bug reporter. Application will terminate with return code 0