Using pre-set license
Built from '2021.3/staging' branch; Version is '2021.3.2f1 (d6360bedb9a0) revision 14038539'; Using compiler version '192829333'; Build Type 'Release'
OS: 'Windows 10  (10.0.17763) 64bit EnterpriseS' Language: 'en' Physical Memory: 32694 MB
BatchMode: 1, IsHumanControllingUs: 0, StartBugReporterOnCrash: 0, Is64bit: 1, IsPro: 1

COMMAND LINE ARGUMENTS:
C:\Program Files\Unity\Hub\Editor\2021.3.2f1\Editor\Unity.exe
-adb2
-batchMode
-noUpm
-name
AssetImportWorker9
-projectPath
C:/Users/FSK8475/Documents/GitHub/dance-24-7/Dance 24-7
-logFile
Logs/AssetImportWorker9.log
-srvPort
57955
Successfully changed project path to: C:/Users/FSK8475/Documents/GitHub/dance-24-7/Dance 24-7
C:/Users/FSK8475/Documents/GitHub/dance-24-7/Dance 24-7
[UnityMemory] Configuration Parameters - Can be set up in boot.config
    "memorysetup-bucket-allocator-granularity=16"
    "memorysetup-bucket-allocator-bucket-count=8"
    "memorysetup-bucket-allocator-block-size=33554432"
    "memorysetup-bucket-allocator-block-count=8"
    "memorysetup-main-allocator-block-size=16777216"
    "memorysetup-thread-allocator-block-size=16777216"
    "memorysetup-gfx-main-allocator-block-size=16777216"
    "memorysetup-gfx-thread-allocator-block-size=16777216"
    "memorysetup-cache-allocator-block-size=4194304"
    "memorysetup-typetree-allocator-block-size=2097152"
    "memorysetup-profiler-bucket-allocator-granularity=16"
    "memorysetup-profiler-bucket-allocator-bucket-count=8"
    "memorysetup-profiler-bucket-allocator-block-size=33554432"
    "memorysetup-profiler-bucket-allocator-block-count=8"
    "memorysetup-profiler-allocator-block-size=16777216"
    "memorysetup-profiler-editor-allocator-block-size=1048576"
    "memorysetup-temp-allocator-size-main=16777216"
    "memorysetup-job-temp-allocator-block-size=2097152"
    "memorysetup-job-temp-allocator-block-size-background=1048576"
    "memorysetup-job-temp-allocator-reduction-small-platforms=262144"
    "memorysetup-temp-allocator-size-background-worker=32768"
    "memorysetup-temp-allocator-size-job-worker=262144"
    "memorysetup-temp-allocator-size-preload-manager=33554432"
    "memorysetup-temp-allocator-size-nav-mesh-worker=65536"
    "memorysetup-temp-allocator-size-audio-worker=65536"
    "memorysetup-temp-allocator-size-cloud-worker=32768"
    "memorysetup-temp-allocator-size-gi-baking-worker=262144"
    "memorysetup-temp-allocator-size-gfx=262144"
Refreshing native plugins compatible for Editor in 120.69 ms, found 3 plugins.
Preloading 0 native plugins for Editor in 0.00 ms.
Initialize engine version: 2021.3.2f1 (d6360bedb9a0)
[Subsystems] Discovering subsystems at path C:/Program Files/Unity/Hub/Editor/2021.3.2f1/Editor/Data/Resources/UnitySubsystems
[Subsystems] Discovering subsystems at path C:/Users/FSK8475/Documents/GitHub/dance-24-7/Dance 24-7/Assets
GfxDevice: creating device client; threaded=0; jobified=0
Direct3D:
    Version:  Direct3D 11.0 [level 11.1]
    Renderer: NVIDIA GeForce GTX 1660 Ti (ID=0x2182)
    Vendor:   NVIDIA
    VRAM:     5991 MB
    Driver:   27.21.14.5671
Initialize mono
Mono path[0] = 'C:/Program Files/Unity/Hub/Editor/2021.3.2f1/Editor/Data/Managed'
Mono path[1] = 'C:/Program Files/Unity/Hub/Editor/2021.3.2f1/Editor/Data/MonoBleedingEdge/lib/mono/unityjit-win32'
Mono config path = 'C:/Program Files/Unity/Hub/Editor/2021.3.2f1/Editor/Data/MonoBleedingEdge/etc'
Using monoOptions --debugger-agent=transport=dt_socket,embedding=1,server=y,suspend=n,address=127.0.0.1:56092
Begin MonoManager ReloadAssembly
Registering precompiled unity dll's ...
Register platform support module: C:/Program Files/Unity/Hub/Editor/2021.3.2f1/Editor/Data/PlaybackEngines/WebGLSupport/UnityEditor.WebGL.Extensions.dll
Register platform support module: C:/Program Files/Unity/Hub/Editor/2021.3.2f1/Editor/Data/PlaybackEngines/WindowsStandaloneSupport/UnityEditor.WindowsStandalone.Extensions.dll
Registered in 0.007121 seconds.
Native extension for WindowsStandalone target not found
Native extension for WebGL target not found
Refreshing native plugins compatible for Editor in 97.59 ms, found 3 plugins.
Preloading 0 native plugins for Editor in 0.00 ms.
Mono: successfully reloaded assembly
- Completed reload, in  0.670 seconds
Domain Reload Profiling:
	ReloadAssembly (671ms)
		BeginReloadAssembly (82ms)
			ExecutionOrderSort (0ms)
			DisableScriptedObjects (0ms)
			BackupInstance (0ms)
			ReleaseScriptingObjects (0ms)
			CreateAndSetChildDomain (1ms)
		EndReloadAssembly (473ms)
			LoadAssemblies (80ms)
			RebuildTransferFunctionScriptingTraits (0ms)
			SetupTypeCache (100ms)
			ReleaseScriptCaches (0ms)
			RebuildScriptCaches (26ms)
			SetupLoadedEditorAssemblies (295ms)
				LogAssemblyErrors (0ms)
				InitializePlatformSupportModulesInManaged (9ms)
				SetLoadedEditorAssemblies (0ms)
				RefreshPlugins (98ms)
				BeforeProcessingInitializeOnLoad (1ms)
				ProcessInitializeOnLoadAttributes (142ms)
				ProcessInitializeOnLoadMethodAttributes (45ms)
				AfterProcessingInitializeOnLoad (0ms)
				EditorAssembliesLoaded (0ms)
			ExecutionOrderSort2 (0ms)
			AwakeInstancesAfterBackupRestoration (0ms)
Platform modules already initialized, skipping
Registering precompiled user dll's ...
Registered in 0.008429 seconds.
Begin MonoManager ReloadAssembly
Symbol file LoadedFromMemory doesn't match image C:\Users\FSK8475\Documents\GitHub\dance-24-7\Dance 24-7\Library\PackageCache\com.unity.visualscripting@1.7.6\Editor\VisualScripting.Core\Dependencies\YamlDotNet\Unity.VisualScripting.YamlDotNet.dll
Symbol file LoadedFromMemory doesn't match image C:\Users\FSK8475\Documents\GitHub\dance-24-7\Dance 24-7\Library\PackageCache\com.unity.visualscripting@1.7.6\Editor\VisualScripting.Core\Dependencies\DotNetZip\Unity.VisualScripting.IonicZip.dll
Native extension for WindowsStandalone target not found
Native extension for WebGL target not found
Refreshing native plugins compatible for Editor in 0.79 ms, found 3 plugins.
Preloading 0 native plugins for Editor in 0.00 ms.
Mono: successfully reloaded assembly
- Completed reload, in  1.093 seconds
Domain Reload Profiling:
	ReloadAssembly (1093ms)
		BeginReloadAssembly (119ms)
			ExecutionOrderSort (0ms)
			DisableScriptedObjects (6ms)
			BackupInstance (0ms)
			ReleaseScriptingObjects (0ms)
			CreateAndSetChildDomain (21ms)
		EndReloadAssembly (853ms)
			LoadAssemblies (93ms)
			RebuildTransferFunctionScriptingTraits (0ms)
			SetupTypeCache (264ms)
			ReleaseScriptCaches (1ms)
			RebuildScriptCaches (56ms)
			SetupLoadedEditorAssemblies (407ms)
				LogAssemblyErrors (0ms)
				InitializePlatformSupportModulesInManaged (7ms)
				SetLoadedEditorAssemblies (0ms)
				RefreshPlugins (1ms)
				BeforeProcessingInitializeOnLoad (91ms)
				ProcessInitializeOnLoadAttributes (270ms)
				ProcessInitializeOnLoadMethodAttributes (29ms)
				AfterProcessingInitializeOnLoad (8ms)
				EditorAssembliesLoaded (0ms)
			ExecutionOrderSort2 (0ms)
			AwakeInstancesAfterBackupRestoration (6ms)
Platform modules already initialized, skipping
========================================================================
Worker process is ready to serve import requests
Launched and connected shader compiler UnityShaderCompiler.exe after 0.05 seconds
Refreshing native plugins compatible for Editor in 0.79 ms, found 3 plugins.
Preloading 0 native plugins for Editor in 0.00 ms.
Unloading 3578 Unused Serialized files (Serialized files now loaded: 0)
Unloading 40 unused Assets / (185.3 KB). Loaded Objects now: 4048.
Memory consumption went from 143.2 MB to 143.0 MB.
Total: 3.437000 ms (FindLiveObjects: 0.356900 ms CreateObjectMapping: 0.087800 ms MarkObjects: 2.833400 ms  DeleteObjects: 0.158200 ms)

AssetImportParameters requested are different than current active one (requested -> active):
  custom:video-decoder-ogg-theora: a1e56fd34408186e4bbccfd4996cb3dc -> 
  custom:container-muxer-webm: aa71ff27fc2769a1b78a27578f13a17b -> 
  custom:container-demuxer-webm: 4f35f7cbe854078d1ac9338744f61a02 -> 
  custom:video-encoder-webm-vp8: eb34c28f22e8b96e1ab97ce403110664 -> 
  custom:audio-encoder-webm-vorbis: bf7c407c2cedff20999df2af8eb42d56 -> 
  custom:framework-win-MediaFoundation: 216162199b28c13a410421893ffa2e32 -> 
  custom:container-demuxer-ogg: 62fdf1f143b41e24485cea50d1cbac27 -> 
  custom:video-decoder-webm-vp8: 9c59270c3fd7afecdb556c50c9e8de78 -> 
  custom:audio-decoder-ogg-vorbis: bf7c407c2cedff20999df2af8eb42d56 -> 
========================================================================
Received Import Request.
  Time since last request: 1929682.356341 seconds.
  path: Assets/Blockout/Prefabs/Blocks Basic/Block_1x2x1.prefab
  artifactKey: Guid(0f525598b2479ed46b967f6f863306d1) Importer(815301076,1909f56bfc062723c751e8b465ee728b)
Start importing Assets/Blockout/Prefabs/Blocks Basic/Block_1x2x1.prefab using Guid(0f525598b2479ed46b967f6f863306d1) Importer(815301076,1909f56bfc062723c751e8b465ee728b)  -> (artifact id: '5964a06e21a23002563e76856e94fdda') in 0.327214 seconds 
========================================================================
Received Import Request.
  Time since last request: 0.000030 seconds.
  path: Assets/Blockout/Prefabs/Blocks Basic/Block_1x5x4.prefab
  artifactKey: Guid(6d391c6d7aa9fc5478a201c6c76ce8c5) Importer(815301076,1909f56bfc062723c751e8b465ee728b)
Start importing Assets/Blockout/Prefabs/Blocks Basic/Block_1x5x4.prefab using Guid(6d391c6d7aa9fc5478a201c6c76ce8c5) Importer(815301076,1909f56bfc062723c751e8b465ee728b)  -> (artifact id: 'd2e079e513284782fb0327e196caf202') in 0.028456 seconds 
========================================================================
Received Import Request.
  Time since last request: 0.000034 seconds.
  path: Assets/Blockout/Prefabs/Blocks Basic/Block_Slope_Corner_1x1x3.prefab
  artifactKey: Guid(ecea3e595f618c74991572c59c5e89e2) Importer(815301076,1909f56bfc062723c751e8b465ee728b)
Start importing Assets/Blockout/Prefabs/Blocks Basic/Block_Slope_Corner_1x1x3.prefab using Guid(ecea3e595f618c74991572c59c5e89e2) Importer(815301076,1909f56bfc062723c751e8b465ee728b)  -> (artifact id: '17aec081040e73d64297fb591938cfba') in 0.014471 seconds 
========================================================================
Received Import Request.
  Time since last request: 0.000028 seconds.
  path: Assets/Blockout/Prefabs/Blocks Basic/Block_05x025x2.prefab
  artifactKey: Guid(6283bac7266270e4da8cd37e0a9f2132) Importer(815301076,1909f56bfc062723c751e8b465ee728b)
Start importing Assets/Blockout/Prefabs/Blocks Basic/Block_05x025x2.prefab using Guid(6283bac7266270e4da8cd37e0a9f2132) Importer(815301076,1909f56bfc062723c751e8b465ee728b)  -> (artifact id: '1081b01011eb20e51efacdca81c0f6d9') in 0.013558 seconds 
========================================================================
Received Import Request.
  Time since last request: 0.000034 seconds.
  path: Assets/Blockout/Prefabs/Blocks Basic/Block_1x5x3.prefab
  artifactKey: Guid(15ceadab9f2869a4889ac734782631b1) Importer(815301076,1909f56bfc062723c751e8b465ee728b)
Start importing Assets/Blockout/Prefabs/Blocks Basic/Block_1x5x3.prefab using Guid(15ceadab9f2869a4889ac734782631b1) Importer(815301076,1909f56bfc062723c751e8b465ee728b)  -> (artifact id: 'cd62764907d677a4baddab1db5b63e91') in 0.013218 seconds 
========================================================================
Received Import Request.
  Time since last request: 0.000040 seconds.
  path: Assets/Blockout/Prefabs/Blocks Basic/Block_Slope_Corner_1x1x1.prefab
  artifactKey: Guid(b70d24814b4460b42894d9dc417f3c62) Importer(815301076,1909f56bfc062723c751e8b465ee728b)
Start importing Assets/Blockout/Prefabs/Blocks Basic/Block_Slope_Corner_1x1x1.prefab using Guid(b70d24814b4460b42894d9dc417f3c62) Importer(815301076,1909f56bfc062723c751e8b465ee728b)  -> (artifact id: 'c69e6144e697eae2c986da69f17cdd8f') in 0.015656 seconds 
========================================================================
Received Import Request.
  Time since last request: 0.000023 seconds.
  path: Assets/Blockout/Prefabs/Blocks Basic/Block_Slope_1x3x1.prefab
  artifactKey: Guid(4d8bfafbab843a5458381695290a40bc) Importer(815301076,1909f56bfc062723c751e8b465ee728b)
Start importing Assets/Blockout/Prefabs/Blocks Basic/Block_Slope_1x3x1.prefab using Guid(4d8bfafbab843a5458381695290a40bc) Importer(815301076,1909f56bfc062723c751e8b465ee728b)  -> (artifact id: 'ec80ec1ac4593419f3ae4ebbc3417381') in 0.013605 seconds 
========================================================================
Received Import Request.
  Time since last request: 0.000030 seconds.
  path: Assets/Blockout/Prefabs/Blocks Basic/Block_1x4x2.prefab
  artifactKey: Guid(03e346b2ac44b784cba1bcd9d09140ca) Importer(815301076,1909f56bfc062723c751e8b465ee728b)
Start importing Assets/Blockout/Prefabs/Blocks Basic/Block_1x4x2.prefab using Guid(03e346b2ac44b784cba1bcd9d09140ca) Importer(815301076,1909f56bfc062723c751e8b465ee728b)  -> (artifact id: '5acee0b87dd82a3abf179c58b079a3d3') in 0.012483 seconds 
========================================================================
Received Import Request.
  Time since last request: 0.000023 seconds.
  path: Assets/Blockout/Prefabs/Blocks Basic/Block_Corner_T1_05x025x1.prefab
  artifactKey: Guid(f4c723f62b7b56e41a083d06278d77e9) Importer(815301076,1909f56bfc062723c751e8b465ee728b)
Start importing Assets/Blockout/Prefabs/Blocks Basic/Block_Corner_T1_05x025x1.prefab using Guid(f4c723f62b7b56e41a083d06278d77e9) Importer(815301076,1909f56bfc062723c751e8b465ee728b)  -> (artifact id: 'd215cc0e4a93959b030e6434a96adb0f') in 0.013231 seconds 
========================================================================
Received Import Request.
  Time since last request: 0.000028 seconds.
  path: Assets/Blockout/Prefabs/Blocks Basic/Block_Slope_3x3x3.prefab
  artifactKey: Guid(ba69cccd3e916c34595c1f3b299000a7) Importer(815301076,1909f56bfc062723c751e8b465ee728b)
Start importing Assets/Blockout/Prefabs/Blocks Basic/Block_Slope_3x3x3.prefab using Guid(ba69cccd3e916c34595c1f3b299000a7) Importer(815301076,1909f56bfc062723c751e8b465ee728b)  -> (artifact id: 'e8e192ad80a4620b7a77dce9abe056a4') in 0.013518 seconds 
========================================================================
Received Import Request.
  Time since last request: 0.000028 seconds.
  path: Assets/Blockout/Prefabs/Blocks Basic/Block_Slope_Corner_4x4x4.prefab
  artifactKey: Guid(d8d8f94716278f1499919321884de4d6) Importer(815301076,1909f56bfc062723c751e8b465ee728b)
Start importing Assets/Blockout/Prefabs/Blocks Basic/Block_Slope_Corner_4x4x4.prefab using Guid(d8d8f94716278f1499919321884de4d6) Importer(815301076,1909f56bfc062723c751e8b465ee728b)  -> (artifact id: 'e97779b8b20efdeb86598ac4b0a3ebee') in 0.013295 seconds 
========================================================================
Received Import Request.
  Time since last request: 0.000041 seconds.
  path: Assets/Blockout/Prefabs/Blocks Basic/Block_Wall_Pillar_T4_1x025x1.prefab
  artifactKey: Guid(650a1683252d04e4b84d2eae12c7d5bf) Importer(815301076,1909f56bfc062723c751e8b465ee728b)
Start importing Assets/Blockout/Prefabs/Blocks Basic/Block_Wall_Pillar_T4_1x025x1.prefab using Guid(650a1683252d04e4b84d2eae12c7d5bf) Importer(815301076,1909f56bfc062723c751e8b465ee728b)  -> (artifact id: 'c7cc5ab6ad098c7c84414bb8dbdcb7f4') in 0.013467 seconds 
========================================================================
Received Import Request.
  Time since last request: 0.000035 seconds.
  path: Assets/Blockout/Prefabs/Blocks Basic/Block_Corner_T2_05x025x1.prefab
  artifactKey: Guid(4a31dc9052a44344088ac2da9fd51d64) Importer(815301076,1909f56bfc062723c751e8b465ee728b)
Start importing Assets/Blockout/Prefabs/Blocks Basic/Block_Corner_T2_05x025x1.prefab using Guid(4a31dc9052a44344088ac2da9fd51d64) Importer(815301076,1909f56bfc062723c751e8b465ee728b)  -> (artifact id: '6d7aa85f8a2008a4159043bb8b3fe61e') in 0.012445 seconds 
========================================================================
Received Import Request.
  Time since last request: 0.000039 seconds.
  path: Assets/Blockout/Prefabs/Blocks Basic/Block_Pillar_T1_1x025x1.prefab
  artifactKey: Guid(89321eacfe7ed9a46aea87044a76df37) Importer(815301076,1909f56bfc062723c751e8b465ee728b)
Start importing Assets/Blockout/Prefabs/Blocks Basic/Block_Pillar_T1_1x025x1.prefab using Guid(89321eacfe7ed9a46aea87044a76df37) Importer(815301076,1909f56bfc062723c751e8b465ee728b)  -> (artifact id: 'd4819b62b753ec780da0e5ef7b93928a') in 0.012116 seconds 
========================================================================
Received Import Request.
  Time since last request: 0.000032 seconds.
  path: Assets/Blockout/Prefabs/Blocks Basic/Block_Slope_2x2x2.prefab
  artifactKey: Guid(1afa57ab193a4874cb6b959e99937301) Importer(815301076,1909f56bfc062723c751e8b465ee728b)
Start importing Assets/Blockout/Prefabs/Blocks Basic/Block_Slope_2x2x2.prefab using Guid(1afa57ab193a4874cb6b959e99937301) Importer(815301076,1909f56bfc062723c751e8b465ee728b)  -> (artifact id: '4cd03b0f5335a898961dee00af745019') in 0.014056 seconds 
========================================================================
Received Import Request.
  Time since last request: 0.000028 seconds.
  path: Assets/Blockout/Prefabs/Blocks Basic/Block_05x1x05.prefab
  artifactKey: Guid(378ab5436c0ec0a42b0998983d17f7c3) Importer(815301076,1909f56bfc062723c751e8b465ee728b)
Start importing Assets/Blockout/Prefabs/Blocks Basic/Block_05x1x05.prefab using Guid(378ab5436c0ec0a42b0998983d17f7c3) Importer(815301076,1909f56bfc062723c751e8b465ee728b)  -> (artifact id: '7bf0725320ed02b14e7c56347f023b9f') in 0.012800 seconds 
========================================================================
Received Import Request.
  Time since last request: 0.000024 seconds.
  path: Assets/Blockout/Prefabs/Blocks Basic/Block_Corner_T5_1x025x1.prefab
  artifactKey: Guid(85ad871799e1a4841a58816b5eb48a41) Importer(815301076,1909f56bfc062723c751e8b465ee728b)
Start importing Assets/Blockout/Prefabs/Blocks Basic/Block_Corner_T5_1x025x1.prefab using Guid(85ad871799e1a4841a58816b5eb48a41) Importer(815301076,1909f56bfc062723c751e8b465ee728b)  -> (artifact id: '8ea46717c2effca769f3cde493498262') in 0.013114 seconds 
========================================================================
Received Import Request.
  Time since last request: 0.000025 seconds.
  path: Assets/Blockout/Prefabs/Blocks Basic/Block_Slope_5x5x5.prefab
  artifactKey: Guid(18ef83fe26a8e5a4fbb3de4c55cbb16e) Importer(815301076,1909f56bfc062723c751e8b465ee728b)
Start importing Assets/Blockout/Prefabs/Blocks Basic/Block_Slope_5x5x5.prefab using Guid(18ef83fe26a8e5a4fbb3de4c55cbb16e) Importer(815301076,1909f56bfc062723c751e8b465ee728b)  -> (artifact id: 'f13e6b3ef0ebc5fab10d25aebb7d39c7') in 0.012679 seconds 
========================================================================
Received Import Request.
  Time since last request: 0.000035 seconds.
  path: Assets/Blockout/Prefabs/Blocks Basic/Block_Slope_1x1x1.prefab
  artifactKey: Guid(540391c6168df5b408eadb1aaa3fabef) Importer(815301076,1909f56bfc062723c751e8b465ee728b)
Start importing Assets/Blockout/Prefabs/Blocks Basic/Block_Slope_1x1x1.prefab using Guid(540391c6168df5b408eadb1aaa3fabef) Importer(815301076,1909f56bfc062723c751e8b465ee728b)  -> (artifact id: 'e61c391e1976b7c5051292973830719f') in 0.012518 seconds 
========================================================================
Received Import Request.
  Time since last request: 0.000030 seconds.
  path: Assets/Blockout/Prefabs/Blocks Basic/Block_Slope_Corner_1x1x5.prefab
  artifactKey: Guid(47fb433a9a38053458841df7545eeb90) Importer(815301076,1909f56bfc062723c751e8b465ee728b)
Start importing Assets/Blockout/Prefabs/Blocks Basic/Block_Slope_Corner_1x1x5.prefab using Guid(47fb433a9a38053458841df7545eeb90) Importer(815301076,1909f56bfc062723c751e8b465ee728b)  -> (artifact id: 'a9179ba1b3d51e7d99304ea44c1adf22') in 0.012864 seconds 
========================================================================
Received Import Request.
  Time since last request: 0.000024 seconds.
  path: Assets/Blockout/Prefabs/Blocks Basic/Block_1x3x3.prefab
  artifactKey: Guid(cce58801c905d38428566430d7eb5309) Importer(815301076,1909f56bfc062723c751e8b465ee728b)
Start importing Assets/Blockout/Prefabs/Blocks Basic/Block_1x3x3.prefab using Guid(cce58801c905d38428566430d7eb5309) Importer(815301076,1909f56bfc062723c751e8b465ee728b)  -> (artifact id: '92d783f023dd8572efcfb72d4b73c1fa') in 0.012956 seconds 
========================================================================
Received Import Request.
  Time since last request: 0.000028 seconds.
  path: Assets/Blockout/Prefabs/Blocks Basic/Block_05x1x1.prefab
  artifactKey: Guid(d0c52d16059aeae40a5d4fbdf47ed805) Importer(815301076,1909f56bfc062723c751e8b465ee728b)
Start importing Assets/Blockout/Prefabs/Blocks Basic/Block_05x1x1.prefab using Guid(d0c52d16059aeae40a5d4fbdf47ed805) Importer(815301076,1909f56bfc062723c751e8b465ee728b)  -> (artifact id: 'd7c7fb6e555ad5f991a9e9dc38d01848') in 0.012943 seconds 
========================================================================
Received Import Request.
  Time since last request: 0.000027 seconds.
  path: Assets/Blockout/Prefabs/Blocks Basic/Block_05x5x5.prefab
  artifactKey: Guid(a7456ad12cb37da4992466f43e76d657) Importer(815301076,1909f56bfc062723c751e8b465ee728b)
Start importing Assets/Blockout/Prefabs/Blocks Basic/Block_05x5x5.prefab using Guid(a7456ad12cb37da4992466f43e76d657) Importer(815301076,1909f56bfc062723c751e8b465ee728b)  -> (artifact id: '678e44933766445478e211dfd8f9fc53') in 0.015432 seconds 
========================================================================
Received Import Request.
  Time since last request: 0.000025 seconds.
  path: Assets/Blockout/Prefabs/Blocks Basic/Block_Wall_Pillar_T1_1x025x1.prefab
  artifactKey: Guid(6f4f17a963192674a9ed783873579a25) Importer(815301076,1909f56bfc062723c751e8b465ee728b)
Start importing Assets/Blockout/Prefabs/Blocks Basic/Block_Wall_Pillar_T1_1x025x1.prefab using Guid(6f4f17a963192674a9ed783873579a25) Importer(815301076,1909f56bfc062723c751e8b465ee728b)  -> (artifact id: 'cc85f7f911e9ca4f643dd09a40f7fd5a') in 0.012135 seconds 
========================================================================
Received Import Request.
  Time since last request: 0.000037 seconds.
  path: Assets/Blockout/Prefabs/Blocks Basic/Block_Slope_Corner_1x1x4.prefab
  artifactKey: Guid(8d85ce4d45e0aa243bb6f8620c24ff45) Importer(815301076,1909f56bfc062723c751e8b465ee728b)
Start importing Assets/Blockout/Prefabs/Blocks Basic/Block_Slope_Corner_1x1x4.prefab using Guid(8d85ce4d45e0aa243bb6f8620c24ff45) Importer(815301076,1909f56bfc062723c751e8b465ee728b)  -> (artifact id: '40e56d70161bdfaeaa9bcde77052fd9b') in 0.012340 seconds 
========================================================================
Received Import Request.
  Time since last request: 0.000037 seconds.
  path: Assets/Blockout/Prefabs/Blocks Basic/Block_4x4x4.prefab
  artifactKey: Guid(5dcde572d1e89bb4f98f8fa1cb27867a) Importer(815301076,1909f56bfc062723c751e8b465ee728b)
Start importing Assets/Blockout/Prefabs/Blocks Basic/Block_4x4x4.prefab using Guid(5dcde572d1e89bb4f98f8fa1cb27867a) Importer(815301076,1909f56bfc062723c751e8b465ee728b)  -> (artifact id: 'f62825642903d24c4e3b9cd24438d808') in 0.013353 seconds 
========================================================================
Received Import Request.
  Time since last request: 0.000027 seconds.
  path: Assets/Blockout/Prefabs/Blocks Basic/Block_Corner_T4_1x025x1.prefab
  artifactKey: Guid(ed0f01540132f224aa8f43972c42ce3a) Importer(815301076,1909f56bfc062723c751e8b465ee728b)
Start importing Assets/Blockout/Prefabs/Blocks Basic/Block_Corner_T4_1x025x1.prefab using Guid(ed0f01540132f224aa8f43972c42ce3a) Importer(815301076,1909f56bfc062723c751e8b465ee728b)  -> (artifact id: '4ed063bf5c948696528e954781a2fab3') in 0.013110 seconds 
========================================================================
Received Import Request.
  Time since last request: 0.000021 seconds.
  path: Assets/Blockout/Prefabs/Blocks Basic/Block_05x4x1.prefab
  artifactKey: Guid(af4d4cd70a5e0bb4183434ed70eb83ba) Importer(815301076,1909f56bfc062723c751e8b465ee728b)
Start importing Assets/Blockout/Prefabs/Blocks Basic/Block_05x4x1.prefab using Guid(af4d4cd70a5e0bb4183434ed70eb83ba) Importer(815301076,1909f56bfc062723c751e8b465ee728b)  -> (artifact id: '8372560e0868ff77a6fa81e2fea25495') in 0.013534 seconds 
========================================================================
Received Import Request.
  Time since last request: 0.000031 seconds.
  path: Assets/Blockout/Prefabs/Blocks Basic/Block_Slope_Corner_5x5x5.prefab
  artifactKey: Guid(e27cb7d1ff7d0a744a386dbe187672c1) Importer(815301076,1909f56bfc062723c751e8b465ee728b)
Start importing Assets/Blockout/Prefabs/Blocks Basic/Block_Slope_Corner_5x5x5.prefab using Guid(e27cb7d1ff7d0a744a386dbe187672c1) Importer(815301076,1909f56bfc062723c751e8b465ee728b)  -> (artifact id: '463c382d857cfbc48ec68b01b2f2eb9d') in 0.013200 seconds 
========================================================================
Received Import Request.
  Time since last request: 0.000028 seconds.
  path: Assets/Blockout/Prefabs/Blocks Basic/Block_Slope_Corner_2x2x2.prefab
  artifactKey: Guid(c6c654863892eaa4a8297d406acdadb1) Importer(815301076,1909f56bfc062723c751e8b465ee728b)
Start importing Assets/Blockout/Prefabs/Blocks Basic/Block_Slope_Corner_2x2x2.prefab using Guid(c6c654863892eaa4a8297d406acdadb1) Importer(815301076,1909f56bfc062723c751e8b465ee728b)  -> (artifact id: '24c1aa659f8a125ad7196b8cdca25d45') in 0.014105 seconds 
========================================================================
Received Import Request.
  Time since last request: 0.000023 seconds.
  path: Assets/Blockout/Prefabs/Blocks Basic/Block_Slope_Corner_3x3x3.prefab
  artifactKey: Guid(3f64d5d9705f6e742bd98e5c1386f056) Importer(815301076,1909f56bfc062723c751e8b465ee728b)
Start importing Assets/Blockout/Prefabs/Blocks Basic/Block_Slope_Corner_3x3x3.prefab using Guid(3f64d5d9705f6e742bd98e5c1386f056) Importer(815301076,1909f56bfc062723c751e8b465ee728b)  -> (artifact id: '6cd669b4bf338b336b7636df70873919') in 0.011888 seconds 
========================================================================
Received Import Request.
  Time since last request: 0.000028 seconds.
  path: Assets/Blockout/Prefabs/Blocks Basic/Block_05x025x1.prefab
  artifactKey: Guid(e3499173c50dfb740bacb6b8b66374b7) Importer(815301076,1909f56bfc062723c751e8b465ee728b)
Start importing Assets/Blockout/Prefabs/Blocks Basic/Block_05x025x1.prefab using Guid(e3499173c50dfb740bacb6b8b66374b7) Importer(815301076,1909f56bfc062723c751e8b465ee728b)  -> (artifact id: 'ffa0ff0ca1833198efdfca7dbf1cf222') in 0.013019 seconds 
========================================================================
Received Import Request.
  Time since last request: 0.000027 seconds.
  path: Assets/Blockout/Prefabs/Blocks Basic/Block_05x2x1.prefab
  artifactKey: Guid(e962c631de953c14b8fff30aeb78c38c) Importer(815301076,1909f56bfc062723c751e8b465ee728b)
Start importing Assets/Blockout/Prefabs/Blocks Basic/Block_05x2x1.prefab using Guid(e962c631de953c14b8fff30aeb78c38c) Importer(815301076,1909f56bfc062723c751e8b465ee728b)  -> (artifact id: 'cf185d28e1bd9594d964053068ffe976') in 0.012266 seconds 
========================================================================
Received Import Request.
  Time since last request: 0.000029 seconds.
  path: Assets/Blockout/Prefabs/Blocks Basic/Block_05x2x2.prefab
  artifactKey: Guid(4196b31492f639c4e8d0e2ceda067240) Importer(815301076,1909f56bfc062723c751e8b465ee728b)
Start importing Assets/Blockout/Prefabs/Blocks Basic/Block_05x2x2.prefab using Guid(4196b31492f639c4e8d0e2ceda067240) Importer(815301076,1909f56bfc062723c751e8b465ee728b)  -> (artifact id: '84b9ca3c7d7047939bcaef89dc0f5862') in 0.012285 seconds 
========================================================================
Received Prepare
Registering precompiled user dll's ...
Registered in 0.008450 seconds.
Begin MonoManager ReloadAssembly
Symbol file LoadedFromMemory doesn't match image C:\Users\FSK8475\Documents\GitHub\dance-24-7\Dance 24-7\Library\PackageCache\com.unity.visualscripting@1.7.6\Editor\VisualScripting.Core\Dependencies\YamlDotNet\Unity.VisualScripting.YamlDotNet.dll
Symbol file LoadedFromMemory doesn't match image C:\Users\FSK8475\Documents\GitHub\dance-24-7\Dance 24-7\Library\PackageCache\com.unity.visualscripting@1.7.6\Editor\VisualScripting.Core\Dependencies\DotNetZip\Unity.VisualScripting.IonicZip.dll
Native extension for WindowsStandalone target not found
Native extension for WebGL target not found
Refreshing native plugins compatible for Editor in 1.27 ms, found 3 plugins.
Preloading 0 native plugins for Editor in 0.00 ms.
Mono: successfully reloaded assembly
- Completed reload, in  1.249 seconds
Domain Reload Profiling:
	ReloadAssembly (1250ms)
		BeginReloadAssembly (157ms)
			ExecutionOrderSort (0ms)
			DisableScriptedObjects (5ms)
			BackupInstance (0ms)
			ReleaseScriptingObjects (0ms)
			CreateAndSetChildDomain (41ms)
		EndReloadAssembly (982ms)
			LoadAssemblies (107ms)
			RebuildTransferFunctionScriptingTraits (0ms)
			SetupTypeCache (310ms)
			ReleaseScriptCaches (2ms)
			RebuildScriptCaches (57ms)
			SetupLoadedEditorAssemblies (450ms)
				LogAssemblyErrors (0ms)
				InitializePlatformSupportModulesInManaged (17ms)
				SetLoadedEditorAssemblies (1ms)
				RefreshPlugins (1ms)
				BeforeProcessingInitializeOnLoad (84ms)
				ProcessInitializeOnLoadAttributes (299ms)
				ProcessInitializeOnLoadMethodAttributes (37ms)
				AfterProcessingInitializeOnLoad (10ms)
				EditorAssembliesLoaded (0ms)
			ExecutionOrderSort2 (0ms)
			AwakeInstancesAfterBackupRestoration (8ms)
Platform modules already initialized, skipping
Refreshing native plugins compatible for Editor in 2.63 ms, found 3 plugins.
Preloading 0 native plugins for Editor in 0.00 ms.
Unloading 3561 Unused Serialized files (Serialized files now loaded: 0)
Unloading 21 unused Assets / (152.6 KB). Loaded Objects now: 4069.
Memory consumption went from 146.3 MB to 146.2 MB.
Total: 3.475200 ms (FindLiveObjects: 0.301100 ms CreateObjectMapping: 0.078700 ms MarkObjects: 2.964300 ms  DeleteObjects: 0.129800 ms)

AssetImportParameters requested are different than current active one (requested -> active):
  custom:video-decoder-ogg-theora: a1e56fd34408186e4bbccfd4996cb3dc -> 
  custom:container-muxer-webm: aa71ff27fc2769a1b78a27578f13a17b -> 
  custom:container-demuxer-webm: 4f35f7cbe854078d1ac9338744f61a02 -> 
  custom:video-encoder-webm-vp8: eb34c28f22e8b96e1ab97ce403110664 -> 
  custom:audio-encoder-webm-vorbis: bf7c407c2cedff20999df2af8eb42d56 -> 
  custom:framework-win-MediaFoundation: 216162199b28c13a410421893ffa2e32 -> 
  custom:container-demuxer-ogg: 62fdf1f143b41e24485cea50d1cbac27 -> 
  custom:video-decoder-webm-vp8: 9c59270c3fd7afecdb556c50c9e8de78 -> 
  custom:audio-decoder-ogg-vorbis: bf7c407c2cedff20999df2af8eb42d56 -> 
Editor requested this worker to shutdown with reason: Scaling down because of idle timeout
AssetImportWorker is now disconnected from the server
Process exiting
Exiting without the bug reporter. Application will terminate with return code 0